RUN	simulations.ET_Simulation	et-simulation	1664968448438	 	3.3.1
USER	ETCreateClaim	1	START	1664968449559	1664968449559
REQUEST	1	ET_010_Home	ET_010_005_Home	1664968449583	1664968449989	OK	 
GROUP	1	ET_010_Home	1664968449574	1664968451224	1529	OK
REQUEST	1	ET_020_Start	ET_020_005_Start	1664968454806	1664968454958	OK	 
GROUP	1	ET_020_Start	1664968454792	1664968455138	288	OK
REQUEST	1	ET_030_Before_You_Continue	ET_030_005_Before_You_Continue	1664968457885	1664968458041	OK	 
GROUP	1	ET_030_Before_You_Continue	1664968457879	1664968458408	311	OK
REQUEST	1	ET_040_Work_Postcode	ET_040_005_Work_Postcode	1664968461874	1664968462026	OK	 
REQUEST	1	ET_040_Work_Postcode	ET_040_005_Work_Postcode Redirect 1	1664968462044	1664968462159	OK	 
GROUP	1	ET_040_Work_Postcode	1664968461838	1664968462776	842	OK
REQUEST	1	ET_050_Claim_Yourself	ET_050_005_Claim_Yourself	1664968466497	1664968466646	OK	 
REQUEST	1	ET_050_Claim_Yourself	ET_050_005_Claim_Yourself Redirect 1	1664968466648	1664968466833	OK	 
GROUP	1	ET_050_Claim_Yourself	1664968466489	1664968466999	463	OK
REQUEST	1	ET_060_Claim_Own_Or_Others	ET_060_005_Claim_Own_Or_Others	1664968470470	1664968470575	OK	 
REQUEST	1	ET_060_Claim_Own_Or_Others	ET_060_005_Claim_Own_Or_Others Redirect 1	1664968470581	1664968470712	OK	 
GROUP	1	ET_060_Claim_Own_Or_Others	1664968470457	1664968470873	375	OK
REQUEST	1	ET_070_ACAS_Certificate	ET_070_005_ACAS_Certificate	1664968473737	1664968473843	OK	 
REQUEST	1	ET_070_ACAS_Certificate	ET_070_005_ACAS_Certificate Redirect 1	1664968473852	1664968474016	OK	 
GROUP	1	ET_070_ACAS_Certificate	1664968473732	1664968474177	410	OK
REQUEST	1	ET_080_Representative	ET_080_005_Representative	1664968476774	1664968476910	OK	 
REQUEST	1	ET_080_Representative	ET_080_005_Representative Redirect 1	1664968476922	1664968477029	OK	 
REQUEST	1	ET_080_Representative	ET_080_005_Representative Redirect 2	1664968477041	1664968477161	OK	 
REQUEST	1	ET_080_Representative	ET_080_005_Representative Redirect 3	1664968477167	1664968477467	OK	 
GROUP	1	ET_080_Representative	1664968476761	1664968478161	1264	OK
REQUEST	1	ET_090_Log_In	ET_090_005_Log_In	1664968481659	1664968482117	OK	 
REQUEST	1	ET_090_Log_In	ET_090_005_Log_In Redirect 1	1664968482125	1664968490701	OK	 
REQUEST	1	ET_090_Log_In	ET_090_005_Log_In Redirect 2	1664968490709	1664968490878	OK	 
GROUP	1	ET_090_Log_In	1664968481640	1664968491032	9337	OK
REQUEST	1	ET_100_One_Go	ET_100_005_One_Go	1664968493126	1664968493259	OK	 
GROUP	1	ET_100_One_Go	1664968493118	1664968493425	289	OK
REQUEST	1	ET_110_Personal_Details	ET_110_005_Personal_Details	1664968495643	1664968495771	OK	 
GROUP	1	ET_110_Personal_Details	1664968495639	1664968495939	289	OK
REQUEST	1	ET_120_DoB	ET_120_005_DoB	1664968498514	1664968498620	OK	 
REQUEST	1	ET_120_DoB	ET_120_005_DoB Redirect 1	1664968498629	1664968498733	OK	 
GROUP	1	ET_120_DoB	1664968498508	1664968498894	355	OK
REQUEST	1	ET_130_Sex	ET_130_005_Sex	1664968501397	1664968501532	OK	 
REQUEST	1	ET_130_Sex	ET_130_005_Sex Redirect 1	1664968501537	1664968501705	OK	 
GROUP	1	ET_130_Sex	1664968501390	1664968501891	457	OK
REQUEST	1	ET_140_Your_Address_LookUp	XUI_Common_000_PostcodeLookup	1664968505206	1664968505853	OK	 
GROUP	1	ET_140_Your_Address_LookUp	1664968505198	1664968505865	647	OK
REQUEST	1	ET_145_Your_Address_Select	ET_145_005_Your_Address_Select	1664968508122	1664968508225	OK	 
REQUEST	1	ET_145_Your_Address_Select	ET_145_005_Your_Address_Select Redirect 1	1664968508229	1664968508327	OK	 
GROUP	1	ET_145_Your_Address_Select	1664968508118	1664968508695	547	OK
REQUEST	1	ET_150_Telephone_Number	ET_150_005_Telephone_Number	1664968511083	1664968511195	OK	 
REQUEST	1	ET_150_Telephone_Number	ET_150_005_Telephone_Number Redirect 1	1664968511205	1664968511432	OK	 
GROUP	1	ET_150_Telephone_Number	1664968511079	1664968511591	481	OK
REQUEST	1	ET_160_Contact_Method	ET_160_005_Contact_Method	1664968515375	1664968515460	OK	 
REQUEST	1	ET_160_Contact_Method	ET_160_005_Contact_Method Redirect 1	1664968515467	1664968515609	OK	 
GROUP	1	ET_160_Contact_Method	1664968515369	1664968515767	362	OK
REQUEST	1	ET_170_Hearing_Participation	ET_170_005_Hearing_Participation	1664968518253	1664968518357	OK	 
REQUEST	1	ET_170_Hearing_Participation	ET_170_005_Hearing_Participation Redirect 1	1664968518372	1664968518559	OK	 
GROUP	1	ET_170_Hearing_Participation	1664968518249	1664968518699	422	OK
REQUEST	1	ET_180_Need_Support	ET_180_005_Need_Support	1664968522538	1664968522648	OK	 
REQUEST	1	ET_180_Need_Support	ET_180_005_Need_Support Redirect 1	1664968522659	1664968522766	OK	 
GROUP	1	ET_180_Need_Support	1664968522518	1664968522965	388	OK
REQUEST	1	ET_190_Contact_Completed	ET_190_005_Contact_Completed	1664968526867	1664968526966	OK	 
REQUEST	1	ET_190_Contact_Completed	ET_190_005_Contact_Completed Redirect 1	1664968526972	1664968527080	OK	 
GROUP	1	ET_190_Contact_Completed	1664968526859	1664968527239	344	OK
REQUEST	1	ET_200_Employment_Status	ET_200_005_Employment_Status	1664968530865	1664968531006	OK	 
GROUP	1	ET_200_Employment_Status	1664968530861	1664968531198	288	OK
REQUEST	1	ET_210_Work_For_Org	ET_210_005_Work_For_Organisation	1664968533843	1664968533960	OK	 
REQUEST	1	ET_210_Work_For_Org	ET_210_005_Work_For_Organisation Redirect 1	1664968533964	1664968534112	OK	 
GROUP	1	ET_210_Work_For_Org	1664968533839	1664968534293	423	OK
REQUEST	1	ET_220_Still_Work_For_Org	ET_220_005_Still_Work_For_Org	1664968536564	1664968536669	OK	 
REQUEST	1	ET_220_Still_Work_For_Org	ET_220_005_Still_Work_For_Org Redirect 1	1664968536673	1664968536838	OK	 
GROUP	1	ET_220_Still_Work_For_Org	1664968536559	1664968536979	396	OK
REQUEST	1	ET_230_Employment_Details	ET_230_005_Employment_Details	1664968540834	1664968540944	OK	 
REQUEST	1	ET_230_Employment_Details	ET_230_005_Employment_Details Redirect 1	1664968540946	1664968541063	OK	 
GROUP	1	ET_230_Employment_Details	1664968540829	1664968541230	379	OK
REQUEST	1	ET_240_Start_Date	ET_240_005_Start_Date	1664968545032	1664968545137	OK	 
REQUEST	1	ET_240_Start_Date	ET_240_005_Start_Date Redirect 1	1664968545143	1664968545265	OK	 
GROUP	1	ET_240_Start_Date	1664968545028	1664968545459	402	OK
REQUEST	1	ET_250_Notice_End	ET_250_005_Notice_End	1664968547653	1664968547777	OK	 
REQUEST	1	ET_250_Notice_End	ET_250_005_Notice_End Redirect 1	1664968547784	1664968547904	OK	 
GROUP	1	ET_250_Notice_End	1664968547649	1664968548173	484	OK
REQUEST	1	ET_260_Weeks_Or_Months	ET_260_005_Weeks_Or_Months	1664968550611	1664968550719	OK	 
REQUEST	1	ET_260_Weeks_Or_Months	ET_260_005_Weeks_Or_Months Redirect 1	1664968550735	1664968550876	OK	 
GROUP	1	ET_260_Weeks_Or_Months	1664968550597	1664968551168	520	OK
REQUEST	1	ET_270_Number_Of_Months	ET_270_005_Number_Of_Months	1664968554304	1664968554390	OK	 
REQUEST	1	ET_270_Number_Of_Months	ET_270_005_Number_Of_Months Redirect 1	1664968554397	1664968554515	OK	 
GROUP	1	ET_270_Number_Of_Months	1664968554299	1664968554691	362	OK
REQUEST	1	ET_280_Weekly_Hours	ET_280_005_Weekly_Hours	1664968557873	1664968557966	OK	 
REQUEST	1	ET_280_Weekly_Hours	ET_280_005_Weekly_Hours Redirect 1	1664968557973	1664968558065	OK	 
GROUP	1	ET_280_Weekly_Hours	1664968557870	1664968558578	673	OK
REQUEST	1	ET_290_Your_Pay	ET_290_005_Your_Pay	1664968561162	1664968561272	OK	 
REQUEST	1	ET_290_Your_Pay	ET_290_005_Your_Pay Redirect 1	1664968561275	1664968561387	OK	 
GROUP	1	ET_290_Your_Pay	1664968561158	1664968561589	399	OK
REQUEST	1	ET_300_Pension_Contributions	ET_300_005_Pension_Contributions	1664968564902	1664968565025	OK	 
REQUEST	1	ET_300_Pension_Contributions	ET_300_005_Pension_Contributions Redirect 1	1664968565031	1664968565452	OK	 
GROUP	1	ET_300_Pension_Contributions	1664968564899	1664968565603	680	OK
REQUEST	1	ET_310_Employee_Benefits	ET_310_005_Employee_Benefits	1664968568844	1664968568961	OK	 
REQUEST	1	ET_310_Employee_Benefits	ET_310_005_Employee_Benefits Redirect 1	1664968568966	1664968569130	OK	 
GROUP	1	ET_310_Employee_Benefits	1664968568840	1664968569277	410	OK
REQUEST	1	ET_310_Employee_Benefits	ET_310_005_Employee_Benefits	1664968572383	1664968572506	OK	 
REQUEST	1	ET_310_Employee_Benefits	ET_310_005_Employee_Benefits Redirect 1	1664968572513	1664968572604	OK	 
GROUP	1	ET_310_Employee_Benefits	1664968572380	1664968572802	407	OK
REQUEST	1	ET_320_Respondent_Name	ET_320_005_Respondent_Name	1664968575904	1664968576010	OK	 
REQUEST	1	ET_320_Respondent_Name	ET_320_005_Respondent_Name Redirect 1	1664968576014	1664968576159	OK	 
GROUP	1	ET_320_Respondent_Name	1664968575899	1664968576332	406	OK
REQUEST	1	ET_330_Respondent_Address_LookUp	XUI_Common_000_PostcodeLookup	1664968579702	1664968580503	OK	 
GROUP	1	ET_330_Respondent_Address_LookUp	1664968579697	1664968580507	801	OK
REQUEST	1	ET_335_Respondent_Address_LookUp	ET_335_Respondent_Address_LookUp	1664968583432	1664968583526	OK	 
REQUEST	1	ET_335_Respondent_Address_LookUp	ET_335_Respondent_Address_LookUp Redirect 1	1664968583534	1664968583692	KO	substring(Did you work at).find.exists, found nothing
GROUP	1	ET_335_Respondent_Address_LookUp	1664968583428	1664968583746	252	KO
USER	ETCreateClaim	1	END	1664968449559	1664968583754
