RUN	simulations.ET_Simulation	et-simulation	1666097724300	 	3.3.1
USER	ETCreateClaim	1	START	1666097726553	1666097726553
REQUEST	1	ET_010_Home	ET_010_005_Home	1666097726644	1666097727206	OK	 
GROUP	1	ET_010_Home	1666097726584	1666097728238	1483	OK
REQUEST	1	ET_020_Start	ET_020_005_Start	1666097734398	1666097734522	OK	 
GROUP	1	ET_020_Start	1666097734396	1666097734937	525	OK
REQUEST	1	ET_030_Before_You_Continue	ET_030_005_Before_You_Continue	1666097739366	1666097739486	OK	 
GROUP	1	ET_030_Before_You_Continue	1666097739355	1666097739681	232	OK
REQUEST	1	ET_040_Work_Postcode	ET_040_005_Work_Postcode	1666097745312	1666097745420	OK	 
REQUEST	1	ET_040_Work_Postcode	ET_040_005_Work_Postcode Redirect 1	1666097745427	1666097745558	OK	 
GROUP	1	ET_040_Work_Postcode	1666097745297	1666097746325	978	OK
REQUEST	1	ET_050_Claim_Yourself	ET_050_005_Claim_Yourself	1666097751126	1666097751264	OK	 
REQUEST	1	ET_050_Claim_Yourself	ET_050_005_Claim_Yourself Redirect 1	1666097751266	1666097751447	OK	 
GROUP	1	ET_050_Claim_Yourself	1666097751119	1666097751591	435	OK
REQUEST	1	ET_060_Claim_Own_Or_Others	ET_060_005_Claim_Own_Or_Others	1666097758181	1666097758278	OK	 
REQUEST	1	ET_060_Claim_Own_Or_Others	ET_060_005_Claim_Own_Or_Others Redirect 1	1666097758280	1666097758404	OK	 
GROUP	1	ET_060_Claim_Own_Or_Others	1666097758173	1666097758542	348	OK
REQUEST	1	ET_070_ACAS_Certificate	ET_070_005_ACAS_Certificate	1666097764044	1666097764174	OK	 
REQUEST	1	ET_070_ACAS_Certificate	ET_070_005_ACAS_Certificate Redirect 1	1666097764182	1666097764325	OK	 
GROUP	1	ET_070_ACAS_Certificate	1666097764037	1666097764500	437	OK
REQUEST	1	ET_080_Representative	ET_080_005_Representative	1666097771177	1666097771326	OK	 
REQUEST	1	ET_080_Representative	ET_080_005_Representative Redirect 1	1666097771331	1666097771490	OK	 
REQUEST	1	ET_080_Representative	ET_080_005_Representative Redirect 2	1666097771493	1666097771660	OK	 
REQUEST	1	ET_080_Representative	ET_080_005_Representative Redirect 3	1666097771661	1666097772162	OK	 
GROUP	1	ET_080_Representative	1666097771176	1666097773294	2040	OK
REQUEST	1	ET_090_Log_In	ET_090_005_Log_In	1666097778261	1666097779137	OK	 
REQUEST	1	ET_090_Log_In	ET_090_005_Log_In Redirect 1	1666097779141	1666097786196	OK	 
REQUEST	1	ET_090_Log_In	ET_090_005_Log_In Redirect 2	1666097786214	1666097786348	OK	 
GROUP	1	ET_090_Log_In	1666097778255	1666097786511	8218	OK
REQUEST	1	ET_100_One_Go	ET_100_005_One_Go	1666097791503	1666097791642	OK	 
GROUP	1	ET_100_One_Go	1666097791498	1666097792115	606	OK
REQUEST	1	ET_110_Personal_Details	ET_110_005_Personal_Details	1666097797081	1666097797248	OK	 
GROUP	1	ET_110_Personal_Details	1666097797076	1666097797392	303	OK
REQUEST	1	ET_120_DoB	ET_120_005_DoB	1666097801769	1666097801901	OK	 
REQUEST	1	ET_120_DoB	ET_120_005_DoB Redirect 1	1666097801905	1666097802098	OK	 
GROUP	1	ET_120_DoB	1666097801766	1666097802317	532	OK
REQUEST	1	ET_130_Sex	ET_130_005_Sex	1666097807550	1666097807674	OK	 
REQUEST	1	ET_130_Sex	ET_130_005_Sex Redirect 1	1666097807676	1666097810554	OK	 
USER	ETCreateClaim	2	START	1666097810554	1666097810554
GROUP	1	ET_130_Sex	1666097807547	1666097810870	3308	OK
REQUEST	2	ET_010_Home	ET_010_005_Home	1666097810563	1666097811381	OK	 
GROUP	2	ET_010_Home	1666097810562	1666097813094	2526	OK
REQUEST	1	ET_140_Your_Address_LookUp	XUI_Common_000_PostcodeLookup	1666097816860	1666097818489	OK	 
GROUP	1	ET_140_Your_Address_LookUp	1666097816855	1666097818489	1629	OK
REQUEST	2	ET_020_Start	ET_020_005_Start	1666097819231	1666097820292	OK	 
GROUP	2	ET_020_Start	1666097819226	1666097820494	1261	OK
REQUEST	1	ET_145_Your_Address_Select	ET_145_005_Your_Address_Select	1666097822527	1666097822660	OK	 
REQUEST	1	ET_145_Your_Address_Select	ET_145_005_Your_Address_Select Redirect 1	1666097822661	1666097822903	OK	 
GROUP	1	ET_145_Your_Address_Select	1666097822526	1666097823173	636	OK
REQUEST	2	ET_030_Before_You_Continue	ET_030_005_Before_You_Continue	1666097824540	1666097824706	OK	 
GROUP	2	ET_030_Before_You_Continue	1666097824537	1666097824879	320	OK
REQUEST	1	ET_150_Telephone_Number	ET_150_005_Telephone_Number	1666097828311	1666097828460	OK	 
REQUEST	1	ET_150_Telephone_Number	ET_150_005_Telephone_Number Redirect 1	1666097828465	1666097828611	OK	 
GROUP	1	ET_150_Telephone_Number	1666097828306	1666097828817	488	OK
REQUEST	2	ET_040_Work_Postcode	ET_040_005_Work_Postcode	1666097830663	1666097830867	OK	 
REQUEST	2	ET_040_Work_Postcode	ET_040_005_Work_Postcode Redirect 1	1666097830872	1666097831098	OK	 
GROUP	2	ET_040_Work_Postcode	1666097830656	1666097831858	1186	OK
REQUEST	1	ET_160_Contact_Method	ET_160_005_Contact_Method	1666097833541	1666097833661	OK	 
REQUEST	1	ET_160_Contact_Method	ET_160_005_Contact_Method Redirect 1	1666097833665	1666097833940	OK	 
GROUP	1	ET_160_Contact_Method	1666097833536	1666097834188	634	OK
REQUEST	2	ET_050_Claim_Yourself	ET_050_005_Claim_Yourself	1666097836761	1666097836887	OK	 
REQUEST	2	ET_050_Claim_Yourself	ET_050_005_Claim_Yourself Redirect 1	1666097836890	1666097837038	OK	 
GROUP	2	ET_050_Claim_Yourself	1666097836755	1666097838031	1257	OK
REQUEST	1	ET_170_Hearing_Participation	ET_170_005_Hearing_Participation	1666097840899	1666097841018	OK	 
REQUEST	1	ET_170_Hearing_Participation	ET_170_005_Hearing_Participation Redirect 1	1666097841021	1666097841245	OK	 
GROUP	1	ET_170_Hearing_Participation	1666097840895	1666097841451	538	OK
REQUEST	2	ET_060_Claim_Own_Or_Others	ET_060_005_Claim_Own_Or_Others	1666097844189	1666097844300	OK	 
REQUEST	2	ET_060_Claim_Own_Or_Others	ET_060_005_Claim_Own_Or_Others Redirect 1	1666097844302	1666097844420	OK	 
GROUP	2	ET_060_Claim_Own_Or_Others	1666097844186	1666097844590	384	OK
REQUEST	1	ET_180_Need_Support	ET_180_005_Need_Support	1666097846458	1666097846558	OK	 
REQUEST	1	ET_180_Need_Support	ET_180_005_Need_Support Redirect 1	1666097846560	1666097846682	OK	 
GROUP	1	ET_180_Need_Support	1666097846456	1666097846853	387	OK
REQUEST	2	ET_070_ACAS_Certificate	ET_070_005_ACAS_Certificate	1666097848997	1666097849106	OK	 
REQUEST	2	ET_070_ACAS_Certificate	ET_070_005_ACAS_Certificate Redirect 1	1666097849108	1666097849336	OK	 
GROUP	2	ET_070_ACAS_Certificate	1666097848996	1666097849610	605	OK
REQUEST	1	ET_190_Contact_Completed	ET_190_005_Contact_Completed	1666097852037	1666097852131	OK	 
REQUEST	1	ET_190_Contact_Completed	ET_190_005_Contact_Completed Redirect 1	1666097852134	1666097852342	OK	 
GROUP	1	ET_190_Contact_Completed	1666097852035	1666097852487	441	OK
REQUEST	2	ET_080_Representative	ET_080_005_Representative	1666097856502	1666097856587	OK	 
REQUEST	2	ET_080_Representative	ET_080_005_Representative Redirect 1	1666097856592	1666097856702	KO	regex(callback&state=(\w{8}-\w{4}-\w{4}-\w{4}-\w{12})).find.exists, found nothing
GROUP	2	ET_080_Representative	1666097856495	1666097856727	195	KO
USER	ETCreateClaim	2	END	1666097810554	1666097856734
REQUEST	1	ET_200_Employment_Status	ET_200_005_Employment_Status	1666097857624	1666097858553	OK	 
GROUP	1	ET_200_Employment_Status	1666097857622	1666097858740	1093	OK
REQUEST	1	ET_210_Work_For_Org	ET_210_005_Work_For_Organisation	1666097863516	1666097863630	OK	 
REQUEST	1	ET_210_Work_For_Org	ET_210_005_Work_For_Organisation Redirect 1	1666097863631	1666097863769	OK	 
GROUP	1	ET_210_Work_For_Org	1666097863515	1666097864043	520	OK
REQUEST	1	ET_220_Still_Work_For_Org	ET_220_005_Still_Work_For_Org	1666097869431	1666097869515	OK	 
REQUEST	1	ET_220_Still_Work_For_Org	ET_220_005_Still_Work_For_Org Redirect 1	1666097869517	1666097869631	OK	 
GROUP	1	ET_220_Still_Work_For_Org	1666097869426	1666097869812	358	OK
REQUEST	1	ET_230_Employment_Details	ET_230_005_Employment_Details	1666097875560	1666097875648	OK	 
REQUEST	1	ET_230_Employment_Details	ET_230_005_Employment_Details Redirect 1	1666097875654	1666097875780	OK	 
GROUP	1	ET_230_Employment_Details	1666097875557	1666097875987	388	OK
REQUEST	1	ET_240_Start_Date	ET_240_005_Start_Date	1666097882799	1666097882938	OK	 
REQUEST	1	ET_240_Start_Date	ET_240_005_Start_Date Redirect 1	1666097882944	1666097883117	OK	 
GROUP	1	ET_240_Start_Date	1666097882796	1666097883296	483	OK
REQUEST	1	ET_250_Notice_End	ET_250_005_Notice_End	1666097889212	1666097889324	OK	 
REQUEST	1	ET_250_Notice_End	ET_250_005_Notice_End Redirect 1	1666097889327	1666097889518	OK	 
GROUP	1	ET_250_Notice_End	1666097889206	1666097889792	562	OK
REQUEST	1	ET_260_Weeks_Or_Months	ET_260_005_Weeks_Or_Months	1666097894180	1666097894307	OK	 
REQUEST	1	ET_260_Weeks_Or_Months	ET_260_005_Weeks_Or_Months Redirect 1	1666097894309	1666097894457	OK	 
USER	ETCreateClaim	3	START	1666097894555	1666097894555
GROUP	1	ET_260_Weeks_Or_Months	1666097894177	1666097894685	497	OK
REQUEST	3	ET_010_Home	ET_010_005_Home	1666097894577	1666097895254	OK	 
GROUP	3	ET_010_Home	1666097894571	1666097896586	1996	OK
REQUEST	1	ET_270_Number_Of_Months	ET_270_005_Number_Of_Months	1666097901003	1666097901155	OK	 
REQUEST	1	ET_270_Number_Of_Months	ET_270_005_Number_Of_Months Redirect 1	1666097901162	1666097901399	OK	 
REQUEST	3	ET_020_Start	ET_020_005_Start	1666097901426	1666097901570	OK	 
GROUP	3	ET_020_Start	1666097901425	1666097901762	332	OK
GROUP	1	ET_270_Number_Of_Months	1666097900996	1666097901764	751	OK
REQUEST	3	ET_030_Before_You_Continue	ET_030_005_Before_You_Continue	1666097906393	1666097906550	OK	 
GROUP	3	ET_030_Before_You_Continue	1666097906391	1666097906727	331	OK
REQUEST	1	ET_280_Weekly_Hours	ET_280_005_Weekly_Hours	1666097907275	1666097907412	OK	 
REQUEST	1	ET_280_Weekly_Hours	ET_280_005_Weekly_Hours Redirect 1	1666097907416	1666097907583	OK	 
GROUP	1	ET_280_Weekly_Hours	1666097907274	1666097907816	516	OK
REQUEST	3	ET_040_Work_Postcode	ET_040_005_Work_Postcode	1666097911858	1666097911956	OK	 
REQUEST	3	ET_040_Work_Postcode	ET_040_005_Work_Postcode Redirect 1	1666097911960	1666097912079	OK	 
GROUP	3	ET_040_Work_Postcode	1666097911856	1666097912656	787	OK
REQUEST	1	ET_290_Your_Pay	ET_290_005_Your_Pay	1666097913207	1666097913363	OK	 
REQUEST	1	ET_290_Your_Pay	ET_290_005_Your_Pay Redirect 1	1666097913365	1666097913497	OK	 
GROUP	1	ET_290_Your_Pay	1666097913204	1666097913681	449	OK
REQUEST	1	ET_300_Pension_Contributions	ET_300_005_Pension_Contributions	1666097919297	1666097919408	OK	 
REQUEST	1	ET_300_Pension_Contributions	ET_300_005_Pension_Contributions Redirect 1	1666097919412	1666097919568	OK	 
REQUEST	3	ET_050_Claim_Yourself	ET_050_005_Claim_Yourself	1666097919576	1666097919766	OK	 
GROUP	1	ET_300_Pension_Contributions	1666097919296	1666097919777	467	OK
REQUEST	3	ET_050_Claim_Yourself	ET_050_005_Claim_Yourself Redirect 1	1666097919773	1666097920072	OK	 
GROUP	3	ET_050_Claim_Yourself	1666097919574	1666097920247	657	OK
REQUEST	1	ET_310_Employee_Benefits	ET_310_005_Employee_Benefits	1666097925546	1666097925716	OK	 
REQUEST	3	ET_060_Claim_Own_Or_Others	ET_060_005_Claim_Own_Or_Others	1666097925627	1666097925790	OK	 
REQUEST	1	ET_310_Employee_Benefits	ET_310_005_Employee_Benefits Redirect 1	1666097925721	1666097925845	OK	 
REQUEST	3	ET_060_Claim_Own_Or_Others	ET_060_005_Claim_Own_Or_Others Redirect 1	1666097925792	1666097925987	OK	 
GROUP	1	ET_310_Employee_Benefits	1666097925528	1666097926002	436	OK
GROUP	3	ET_060_Claim_Own_Or_Others	1666097925625	1666097926246	610	OK
REQUEST	1	ET_320_Respondent_Name	ET_320_005_Respondent_Name	1666097932241	1666097932358	OK	 
REQUEST	1	ET_320_Respondent_Name	ET_320_005_Respondent_Name Redirect 1	1666097932368	1666097932522	OK	 
GROUP	1	ET_320_Respondent_Name	1666097932236	1666097932722	446	OK
REQUEST	3	ET_070_ACAS_Certificate	ET_070_005_ACAS_Certificate	1666097932781	1666097932950	OK	 
REQUEST	3	ET_070_ACAS_Certificate	ET_070_005_ACAS_Certificate Redirect 1	1666097932959	1666097933129	OK	 
GROUP	3	ET_070_ACAS_Certificate	1666097932777	1666097933275	483	OK
REQUEST	1	ET_330_Respondent_Address_LookUp	XUI_Common_000_PostcodeLookup	1666097936892	1666097937439	OK	 
GROUP	1	ET_330_Respondent_Address_LookUp	1666097936887	1666097937441	547	OK
REQUEST	3	ET_080_Representative	ET_080_005_Representative	1666097938120	1666097938296	OK	 
REQUEST	3	ET_080_Representative	ET_080_005_Representative Redirect 1	1666097938297	1666097938474	KO	regex(callback&state=(\w{8}-\w{4}-\w{4}-\w{4}-\w{12})).find.exists, found nothing
GROUP	3	ET_080_Representative	1666097938116	1666097938498	353	KO
USER	ETCreateClaim	3	END	1666097894555	1666097938512
REQUEST	1	ET_335_Respondent_Address_LookUp	ET_335_Respondent_Address_LookUp	1666097942441	1666097942836	OK	 
REQUEST	1	ET_335_Respondent_Address_LookUp	ET_335_Respondent_Address_LookUp Redirect 1	1666097942838	1666097942992	OK	 
GROUP	1	ET_335_Respondent_Address_LookUp	1666097942436	1666097943186	725	OK
REQUEST	1	ET_340_Work_At	ET_340_005_Work_At	1666097947756	1666097947888	OK	 
REQUEST	1	ET_340_Work_At	ET_340_005_Work_At Redirect 1	1666097947892	1666097948049	OK	 
GROUP	1	ET_340_Work_At	1666097947754	1666097948368	589	OK
REQUEST	1	ET_350_Respondent_Acas	ET_350_Respondent_Acas	1666097955366	1666097955471	OK	 
REQUEST	1	ET_350_Respondent_Acas	ET_350_Respondent_Acas Redirect 1	1666097955478	1666097955645	OK	 
GROUP	1	ET_350_Respondent_Acas	1666097955356	1666097955868	477	OK
REQUEST	1	ET_360_Respondent_Check	ET_360_005_Respondent_Check	1666097962812	1666097962947	OK	 
GROUP	1	ET_360_Respondent_Check	1666097962805	1666097963123	302	OK
REQUEST	1	ET_370_Respondent_Submit	ET_370_005_Respondent_Submit	1666097968913	1666097969201	OK	 
REQUEST	1	ET_370_Respondent_Submit	ET_370_005_Respondent_Submit Redirect 1	1666097969220	1666097969510	OK	 
GROUP	1	ET_370_Respondent_Submit	1666097968896	1666097969775	822	OK
REQUEST	1	ET_380_Claim_Details	ET_380_005_Claim_Details	1666097976717	1666097976858	OK	 
GROUP	1	ET_380_Claim_Details	1666097976716	1666097977069	339	OK
USER	ETCreateClaim	4	START	1666097978556	1666097978556
REQUEST	4	ET_010_Home	ET_010_005_Home	1666097978579	1666097979183	OK	 
GROUP	4	ET_010_Home	1666097978577	1666097980645	2049	OK
REQUEST	1	ET_390_Type_Of_Descrimination	ET_390_Type_Of_Descrimination	1666097983389	1666097983521	OK	 
REQUEST	1	ET_390_Type_Of_Descrimination	ET_390_Type_Of_Descrimination Redirect 1	1666097983532	1666097983724	OK	 
GROUP	1	ET_390_Type_Of_Descrimination	1666097983386	1666097984080	665	OK
REQUEST	4	ET_020_Start	ET_020_005_Start	1666097985049	1666097985177	OK	 
GROUP	4	ET_020_Start	1666097985046	1666097985381	330	OK
REQUEST	4	ET_030_Before_You_Continue	ET_030_005_Before_You_Continue	1666097990105	1666097990270	OK	 
REQUEST	1	ET_400_Describe_What_Happened	ET_400_005_Describe_What_Happened	1666097990205	1666097990380	OK	 
GROUP	4	ET_030_Before_You_Continue	1666097990097	1666097990515	396	OK
REQUEST	1	ET_400_Describe_What_Happened	ET_400_005_Describe_What_Happened Redirect 1	1666097990388	1666097990518	OK	 
GROUP	1	ET_400_Describe_What_Happened	1666097990204	1666097990703	479	OK
REQUEST	4	ET_040_Work_Postcode	ET_040_005_Work_Postcode	1666097995506	1666097995698	OK	 
REQUEST	1	ET_410_Outcome_If_Successful	ET_410_005_Outcome_If_Successful	1666097995648	1666097995769	OK	 
REQUEST	4	ET_040_Work_Postcode	ET_040_005_Work_Postcode Redirect 1	1666097995700	1666097995927	OK	 
REQUEST	1	ET_410_Outcome_If_Successful	ET_410_005_Outcome_If_Successful Redirect 1	1666097995772	1666097995978	OK	 
GROUP	1	ET_410_Outcome_If_Successful	1666097995645	1666097996816	1163	OK
GROUP	4	ET_040_Work_Postcode	1666097995504	1666097997136	1624	OK
REQUEST	1	ET_420_Compensation	ET_420_005_Compensation	1666098002644	1666098002781	OK	 
REQUEST	1	ET_420_Compensation	ET_420_005_Compensation Redirect 1	1666098002794	1666098002937	OK	 
REQUEST	4	ET_050_Claim_Yourself	ET_050_005_Claim_Yourself	1666098003003	1666098003122	OK	 
GROUP	1	ET_420_Compensation	1666098002636	1666098003129	455	OK
REQUEST	4	ET_050_Claim_Yourself	ET_050_005_Claim_Yourself Redirect 1	1666098003124	1666098003484	OK	 
GROUP	4	ET_050_Claim_Yourself	1666098002996	1666098003651	639	OK
REQUEST	1	ET_430_Whistleblowing	ET_430_005_Whistleblowing	1666098008498	1666098008584	OK	 
REQUEST	1	ET_430_Whistleblowing	ET_430_005_Whistleblowing Redirect 1	1666098008586	1666098008697	OK	 
GROUP	1	ET_430_Whistleblowing	1666098008486	1666098008876	347	OK
REQUEST	4	ET_060_Claim_Own_Or_Others	ET_060_005_Claim_Own_Or_Others	1666098009746	1666098009844	OK	 
REQUEST	4	ET_060_Claim_Own_Or_Others	ET_060_005_Claim_Own_Or_Others Redirect 1	1666098009853	1666098009956	OK	 
GROUP	4	ET_060_Claim_Own_Or_Others	1666098009731	1666098010136	373	OK
REQUEST	4	ET_070_ACAS_Certificate	ET_070_005_ACAS_Certificate	1666098014530	1666098014628	OK	 
REQUEST	4	ET_070_ACAS_Certificate	ET_070_005_ACAS_Certificate Redirect 1	1666098014632	1666098014741	OK	 
GROUP	4	ET_070_ACAS_Certificate	1666098014525	1666098014971	427	OK
REQUEST	1	ET_440_Claim_Section_Complete	ET_440_005_Claim_Section_Complete	1666098015531	1666098015638	OK	 
REQUEST	1	ET_440_Claim_Section_Complete	ET_440_005_Claim_Section_Complete Redirect 1	1666098015642	1666098015771	OK	 
GROUP	1	ET_440_Claim_Section_Complete	1666098015527	1666098015992	433	OK
REQUEST	1	ET_450_Final_Check_Answers	ET_450_005_Final_Check_Answers	1666098021120	1666098021385	OK	 
REQUEST	4	ET_080_Representative	ET_080_005_Representative	1666098021177	1666098021387	OK	 
REQUEST	4	ET_080_Representative	ET_080_005_Representative Redirect 1	1666098021393	1666098021488	KO	regex(callback&state=(\w{8}-\w{4}-\w{4}-\w{4}-\w{12})).find.exists, found nothing
GROUP	4	ET_080_Representative	1666098021176	1666098021516	305	KO
USER	ETCreateClaim	4	END	1666097978556	1666098021528
GROUP	1	ET_450_Final_Check_Answers	1666098021118	1666098021598	466	OK
REQUEST	1	ET_460_Final_Check_Submit	ET_460_005_Final_Check_Submit	1666098028173	1666098037969	OK	 
REQUEST	1	ET_460_Final_Check_Submit	ET_460_005_Final_Check_Submit Redirect 1	1666098037974	1666098038108	OK	 
GROUP	1	ET_460_Final_Check_Submit	1666098028168	1666098038360	10156	OK
REQUEST	1	ET_470_Log_Out	ET_470_005_Log_Out	1666098042860	1666098042954	OK	 
REQUEST	1	ET_470_Log_Out	ET_470_005_Log_Out Redirect 1	1666098042957	1666098043043	OK	 
REQUEST	1	ET_470_Log_Out	ET_470_005_Log_Out Redirect 2	1666098043044	1666098043157	OK	 
REQUEST	1	ET_470_Log_Out	ET_470_005_Log_Out Redirect 3	1666098043158	1666098043651	OK	 
GROUP	1	ET_470_Log_Out	1666098042854	1666098044699	1814	OK
REQUEST	1	ET_010_Home	ET_010_005_Home	1666098050040	1666098050168	OK	 
GROUP	1	ET_010_Home	1666098050039	1666098050747	704	OK
REQUEST	1	ET_020_Start	ET_020_005_Start	1666098056490	1666098056646	OK	 
GROUP	1	ET_020_Start	1666098056486	1666098056800	309	OK
USER	ETCreateClaim	5	START	1666098062556	1666098062556
REQUEST	1	ET_030_Before_You_Continue	ET_030_005_Before_You_Continue	1666098062667	1666098062801	OK	 
GROUP	1	ET_030_Before_You_Continue	1666098062664	1666098062946	277	OK
REQUEST	5	ET_010_Home	ET_010_005_Home	1666098062558	1666098063039	OK	 
GROUP	5	ET_010_Home	1666098062558	1666098063950	1391	OK
REQUEST	1	ET_040_Work_Postcode	ET_040_005_Work_Postcode	1666098068111	1666098068248	OK	 
REQUEST	1	ET_040_Work_Postcode	ET_040_005_Work_Postcode Redirect 1	1666098068250	1666098068437	OK	 
GROUP	1	ET_040_Work_Postcode	1666098068106	1666098069015	891	OK
REQUEST	5	ET_020_Start	ET_020_005_Start	1666098070859	1666098070995	OK	 
GROUP	5	ET_020_Start	1666098070855	1666098071195	329	OK
REQUEST	1	ET_050_Claim_Yourself	ET_050_005_Claim_Yourself	1666098076003	1666098076227	OK	 
REQUEST	5	ET_030_Before_You_Continue	ET_030_005_Before_You_Continue	1666098076220	1666098076352	OK	 
REQUEST	1	ET_050_Claim_Yourself	ET_050_005_Claim_Yourself Redirect 1	1666098076233	1666098076361	OK	 
GROUP	5	ET_030_Before_You_Continue	1666098076216	1666098076578	339	OK
GROUP	1	ET_050_Claim_Yourself	1666098075996	1666098076830	804	OK
REQUEST	5	ET_040_Work_Postcode	ET_040_005_Work_Postcode	1666098081849	1666098082042	OK	 
REQUEST	5	ET_040_Work_Postcode	ET_040_005_Work_Postcode Redirect 1	1666098082047	1666098082229	OK	 
GROUP	5	ET_040_Work_Postcode	1666098081846	1666098082949	1093	OK
REQUEST	1	ET_060_Claim_Own_Or_Others	ET_060_005_Claim_Own_Or_Others	1666098082417	1666098083095	OK	 
REQUEST	1	ET_060_Claim_Own_Or_Others	ET_060_005_Claim_Own_Or_Others Redirect 1	1666098083099	1666098083222	OK	 
GROUP	1	ET_060_Claim_Own_Or_Others	1666098082415	1666098083417	982	OK
REQUEST	5	ET_050_Claim_Yourself	ET_050_005_Claim_Yourself	1666098088047	1666098088194	OK	 
REQUEST	5	ET_050_Claim_Yourself	ET_050_005_Claim_Yourself Redirect 1	1666098088198	1666098088328	OK	 
GROUP	5	ET_050_Claim_Yourself	1666098088046	1666098088484	431	OK
REQUEST	1	ET_070_ACAS_Certificate	ET_070_005_ACAS_Certificate	1666098090328	1666098090415	OK	 
REQUEST	1	ET_070_ACAS_Certificate	ET_070_005_ACAS_Certificate Redirect 1	1666098090417	1666098090511	OK	 
GROUP	1	ET_070_ACAS_Certificate	1666098090326	1666098090672	334	OK
REQUEST	5	ET_060_Claim_Own_Or_Others	ET_060_005_Claim_Own_Or_Others	1666098094380	1666098094481	OK	 
REQUEST	5	ET_060_Claim_Own_Or_Others	ET_060_005_Claim_Own_Or_Others Redirect 1	1666098094489	1666098094606	OK	 
GROUP	5	ET_060_Claim_Own_Or_Others	1666098094375	1666098094748	345	OK
REQUEST	1	ET_080_Representative	ET_080_005_Representative	1666098094688	1666098094779	OK	 
REQUEST	1	ET_080_Representative	ET_080_005_Representative Redirect 1	1666098094799	1666098094896	OK	 
REQUEST	1	ET_080_Representative	ET_080_005_Representative Redirect 2	1666098094912	1666098095008	OK	 
REQUEST	1	ET_080_Representative	ET_080_005_Representative Redirect 3	1666098095014	1666098095134	OK	 
GROUP	1	ET_080_Representative	1666098094666	1666098095813	1057	OK
REQUEST	5	ET_070_ACAS_Certificate	ET_070_005_ACAS_Certificate	1666098100806	1666098100913	OK	 
REQUEST	5	ET_070_ACAS_Certificate	ET_070_005_ACAS_Certificate Redirect 1	1666098100918	1666098101042	OK	 
GROUP	5	ET_070_ACAS_Certificate	1666098100797	1666098101220	396	OK
REQUEST	1	ET_090_Log_In	ET_090_005_Log_In	1666098101404	1666098101651	OK	 
REQUEST	1	ET_090_Log_In	ET_090_005_Log_In Redirect 1	1666098101653	1666098104639	OK	 
REQUEST	1	ET_090_Log_In	ET_090_005_Log_In Redirect 2	1666098104644	1666098104749	OK	 
GROUP	1	ET_090_Log_In	1666098101396	1666098104877	3459	OK
REQUEST	5	ET_080_Representative	ET_080_005_Representative	1666098108011	1666098108101	OK	 
REQUEST	5	ET_080_Representative	ET_080_005_Representative Redirect 1	1666098108102	1666098108237	KO	regex(callback&state=(\w{8}-\w{4}-\w{4}-\w{4}-\w{12})).find.exists, found nothing
GROUP	5	ET_080_Representative	1666098108006	1666098108267	225	KO
USER	ETCreateClaim	5	END	1666098062556	1666098108271
REQUEST	1	ET_100_One_Go	ET_100_005_One_Go	1666098110847	1666098110987	OK	 
GROUP	1	ET_100_One_Go	1666098110846	1666098111136	267	OK
REQUEST	1	ET_110_Personal_Details	ET_110_005_Personal_Details	1666098115798	1666098115928	OK	 
GROUP	1	ET_110_Personal_Details	1666098115795	1666098116110	305	OK
REQUEST	1	ET_120_DoB	ET_120_005_DoB	1666098122699	1666098122828	OK	 
REQUEST	1	ET_120_DoB	ET_120_005_DoB Redirect 1	1666098122832	1666098122930	OK	 
GROUP	1	ET_120_DoB	1666098122696	1666098123073	364	OK
REQUEST	1	ET_130_Sex	ET_130_005_Sex	1666098127137	1666098127604	OK	 
REQUEST	1	ET_130_Sex	ET_130_005_Sex Redirect 1	1666098127608	1666098127913	OK	 
GROUP	1	ET_130_Sex	1666098127136	1666098128069	924	OK
REQUEST	1	ET_140_Your_Address_LookUp	XUI_Common_000_PostcodeLookup	1666098133276	1666098134209	OK	 
GROUP	1	ET_140_Your_Address_LookUp	1666098133266	1666098134217	933	OK
REQUEST	1	ET_145_Your_Address_Select	ET_145_005_Your_Address_Select	1666098138527	1666098138848	OK	 
REQUEST	1	ET_145_Your_Address_Select	ET_145_005_Your_Address_Select Redirect 1	1666098138855	1666098139251	OK	 
GROUP	1	ET_145_Your_Address_Select	1666098138516	1666098139408	866	OK
REQUEST	1	ET_150_Telephone_Number	ET_150_005_Telephone_Number	1666098144911	1666098145012	OK	 
REQUEST	1	ET_150_Telephone_Number	ET_150_005_Telephone_Number Redirect 1	1666098145020	1666098145110	OK	 
GROUP	1	ET_150_Telephone_Number	1666098144906	1666098145390	465	OK
USER	ETCreateClaim	6	START	1666098146554	1666098146554
REQUEST	6	ET_010_Home	ET_010_005_Home	1666098146565	1666098147074	OK	 
GROUP	6	ET_010_Home	1666098146563	1666098148380	1810	OK
REQUEST	1	ET_160_Contact_Method	ET_160_005_Contact_Method	1666098149963	1666098150077	OK	 
REQUEST	1	ET_160_Contact_Method	ET_160_005_Contact_Method Redirect 1	1666098150080	1666098150170	OK	 
GROUP	1	ET_160_Contact_Method	1666098149957	1666098150345	374	OK
REQUEST	6	ET_020_Start	ET_020_005_Start	1666098155073	1666098155195	OK	 
GROUP	6	ET_020_Start	1666098155071	1666098155394	316	OK
REQUEST	1	ET_170_Hearing_Participation	ET_170_005_Hearing_Participation	1666098156786	1666098156862	OK	 
REQUEST	1	ET_170_Hearing_Participation	ET_170_005_Hearing_Participation Redirect 1	1666098156863	1666098156984	OK	 
GROUP	1	ET_170_Hearing_Participation	1666098156785	1666098157134	343	OK
REQUEST	6	ET_030_Before_You_Continue	ET_030_005_Before_You_Continue	1666098159637	1666098159786	OK	 
GROUP	6	ET_030_Before_You_Continue	1666098159636	1666098159941	292	OK
REQUEST	1	ET_180_Need_Support	ET_180_005_Need_Support	1666098163530	1666098163653	OK	 
REQUEST	1	ET_180_Need_Support	ET_180_005_Need_Support Redirect 1	1666098163674	1666098163797	OK	 
GROUP	1	ET_180_Need_Support	1666098163528	1666098164002	444	OK
REQUEST	6	ET_040_Work_Postcode	ET_040_005_Work_Postcode	1666098166898	1666098166995	OK	 
REQUEST	6	ET_040_Work_Postcode	ET_040_005_Work_Postcode Redirect 1	1666098167000	1666098167124	OK	 
GROUP	6	ET_040_Work_Postcode	1666098166894	1666098167935	1024	OK
REQUEST	1	ET_190_Contact_Completed	ET_190_005_Contact_Completed	1666098169573	1666098169699	OK	 
REQUEST	1	ET_190_Contact_Completed	ET_190_005_Contact_Completed Redirect 1	1666098169703	1666098169836	OK	 
GROUP	1	ET_190_Contact_Completed	1666098169565	1666098169986	400	OK
REQUEST	6	ET_050_Claim_Yourself	ET_050_005_Claim_Yourself	1666098173367	1666098173472	OK	 
REQUEST	6	ET_050_Claim_Yourself	ET_050_005_Claim_Yourself Redirect 1	1666098173473	1666098173651	OK	 
GROUP	6	ET_050_Claim_Yourself	1666098173366	1666098174174	799	OK
REQUEST	1	ET_200_Employment_Status	ET_200_005_Employment_Status	1666098175118	1666098175465	OK	 
GROUP	1	ET_200_Employment_Status	1666098175118	1666098175717	597	OK
REQUEST	6	ET_060_Claim_Own_Or_Others	ET_060_005_Claim_Own_Or_Others	1666098179837	1666098179946	OK	 
REQUEST	6	ET_060_Claim_Own_Or_Others	ET_060_005_Claim_Own_Or_Others Redirect 1	1666098179947	1666098180081	OK	 
GROUP	6	ET_060_Claim_Own_Or_Others	1666098179836	1666098180235	394	OK
REQUEST	1	ET_210_Work_For_Org	ET_210_005_Work_For_Organisation	1666098181686	1666098181791	OK	 
REQUEST	1	ET_210_Work_For_Org	ET_210_005_Work_For_Organisation Redirect 1	1666098181792	1666098181891	OK	 
GROUP	1	ET_210_Work_For_Org	1666098181686	1666098182037	344	OK
REQUEST	6	ET_070_ACAS_Certificate	ET_070_005_ACAS_Certificate	1666098184918	1666098185199	OK	 
REQUEST	6	ET_070_ACAS_Certificate	ET_070_005_ACAS_Certificate Redirect 1	1666098185202	1666098186045	OK	 
GROUP	6	ET_070_ACAS_Certificate	1666098184915	1666098186195	1262	OK
REQUEST	1	ET_220_Still_Work_For_Org	ET_220_005_Still_Work_For_Org	1666098186622	1666098186727	OK	 
REQUEST	1	ET_220_Still_Work_For_Org	ET_220_005_Still_Work_For_Org Redirect 1	1666098186729	1666098186851	OK	 
GROUP	1	ET_220_Still_Work_For_Org	1666098186616	1666098186995	364	OK
REQUEST	1	ET_230_Employment_Details	ET_230_005_Employment_Details	1666098191499	1666098191624	OK	 
REQUEST	1	ET_230_Employment_Details	ET_230_005_Employment_Details Redirect 1	1666098191626	1666098191817	OK	 
GROUP	1	ET_230_Employment_Details	1666098191496	1666098192021	517	OK
REQUEST	6	ET_080_Representative	ET_080_005_Representative	1666098193060	1666098193163	OK	 
REQUEST	6	ET_080_Representative	ET_080_005_Representative Redirect 1	1666098193168	1666098193366	KO	regex(callback&state=(\w{8}-\w{4}-\w{4}-\w{4}-\w{12})).find.exists, found nothing
GROUP	6	ET_080_Representative	1666098193056	1666098193382	301	KO
USER	ETCreateClaim	6	END	1666098146554	1666098193386
REQUEST	1	ET_240_Start_Date	ET_240_005_Start_Date	1666098198797	1666098198950	OK	 
REQUEST	1	ET_240_Start_Date	ET_240_005_Start_Date Redirect 1	1666098198954	1666098199044	OK	 
GROUP	1	ET_240_Start_Date	1666098198796	1666098199218	414	OK
REQUEST	1	ET_250_Notice_End	ET_250_005_Notice_End	1666098203869	1666098203963	OK	 
REQUEST	1	ET_250_Notice_End	ET_250_005_Notice_End Redirect 1	1666098203965	1666098204078	OK	 
GROUP	1	ET_250_Notice_End	1666098203855	1666098204235	355	OK
REQUEST	1	ET_260_Weeks_Or_Months	ET_260_005_Weeks_Or_Months	1666098211121	1666098211219	OK	 
REQUEST	1	ET_260_Weeks_Or_Months	ET_260_005_Weeks_Or_Months Redirect 1	1666098211220	1666098211328	OK	 
GROUP	1	ET_260_Weeks_Or_Months	1666098211116	1666098211456	332	OK
REQUEST	1	ET_270_Number_Of_Months	ET_270_005_Number_Of_Months	1666098216277	1666098216388	OK	 
REQUEST	1	ET_270_Number_Of_Months	ET_270_005_Number_Of_Months Redirect 1	1666098216389	1666098216500	OK	 
GROUP	1	ET_270_Number_Of_Months	1666098216276	1666098216662	380	OK
REQUEST	1	ET_280_Weekly_Hours	ET_280_005_Weekly_Hours	1666098220973	1666098221080	OK	 
REQUEST	1	ET_280_Weekly_Hours	ET_280_005_Weekly_Hours Redirect 1	1666098221085	1666098221204	OK	 
GROUP	1	ET_280_Weekly_Hours	1666098220966	1666098221421	434	OK
REQUEST	1	ET_290_Your_Pay	ET_290_005_Your_Pay	1666098225612	1666098225783	OK	 
REQUEST	1	ET_290_Your_Pay	ET_290_005_Your_Pay Redirect 1	1666098225797	1666098226052	OK	 
GROUP	1	ET_290_Your_Pay	1666098225570	1666098226407	741	OK
USER	ETCreateClaim	7	START	1666098230554	1666098230554
REQUEST	7	ET_010_Home	ET_010_005_Home	1666098230610	1666098231090	OK	 
GROUP	7	ET_010_Home	1666098230595	1666098232128	1478	OK
REQUEST	1	ET_300_Pension_Contributions	ET_300_005_Pension_Contributions	1666098233032	1666098233153	OK	 
REQUEST	1	ET_300_Pension_Contributions	ET_300_005_Pension_Contributions Redirect 1	1666098233157	1666098233318	OK	 
GROUP	1	ET_300_Pension_Contributions	1666098233016	1666098233477	437	OK
REQUEST	1	ET_310_Employee_Benefits	ET_310_005_Employee_Benefits	1666098238372	1666098238495	OK	 
REQUEST	1	ET_310_Employee_Benefits	ET_310_005_Employee_Benefits Redirect 1	1666098238497	1666098238602	OK	 
REQUEST	7	ET_020_Start	ET_020_005_Start	1666098238529	1666098238694	OK	 
GROUP	1	ET_310_Employee_Benefits	1666098238366	1666098238768	390	OK
GROUP	7	ET_020_Start	1666098238526	1666098238849	314	OK
REQUEST	1	ET_320_Respondent_Name	ET_320_005_Respondent_Name	1666098243099	1666098243217	OK	 
REQUEST	1	ET_320_Respondent_Name	ET_320_005_Respondent_Name Redirect 1	1666098243218	1666098243421	OK	 
GROUP	1	ET_320_Respondent_Name	1666098243096	1666098243629	500	OK
REQUEST	7	ET_030_Before_You_Continue	ET_030_005_Before_You_Continue	1666098245326	1666098245506	OK	 
GROUP	7	ET_030_Before_You_Continue	1666098245325	1666098245648	302	OK
REQUEST	1	ET_330_Respondent_Address_LookUp	XUI_Common_000_PostcodeLookup	1666098249769	1666098250395	OK	 
GROUP	1	ET_330_Respondent_Address_LookUp	1666098249766	1666098250395	626	OK
REQUEST	7	ET_040_Work_Postcode	ET_040_005_Work_Postcode	1666098251208	1666098251344	OK	 
REQUEST	7	ET_040_Work_Postcode	ET_040_005_Work_Postcode Redirect 1	1666098251347	1666098251527	OK	 
GROUP	7	ET_040_Work_Postcode	1666098251206	1666098252348	1132	OK
REQUEST	7	ET_050_Claim_Yourself	ET_050_005_Claim_Yourself	1666098256629	1666098256829	OK	 
REQUEST	7	ET_050_Claim_Yourself	ET_050_005_Claim_Yourself Redirect 1	1666098256832	1666098256944	OK	 
REQUEST	1	ET_335_Respondent_Address_LookUp	ET_335_Respondent_Address_LookUp	1666098256898	1666098257237	OK	 
GROUP	7	ET_050_Claim_Yourself	1666098256626	1666098257264	626	OK
REQUEST	1	ET_335_Respondent_Address_LookUp	ET_335_Respondent_Address_LookUp Redirect 1	1666098257239	1666098257380	OK	 
GROUP	1	ET_335_Respondent_Address_LookUp	1666098256895	1666098257711	788	OK
REQUEST	7	ET_060_Claim_Own_Or_Others	ET_060_005_Claim_Own_Or_Others	1666098263017	1666098263335	OK	 
REQUEST	7	ET_060_Claim_Own_Or_Others	ET_060_005_Claim_Own_Or_Others Redirect 1	1666098263337	1666098263474	OK	 
GROUP	7	ET_060_Claim_Own_Or_Others	1666098263015	1666098263695	671	OK
REQUEST	1	ET_340_Work_At	ET_340_005_Work_At	1666098263780	1666098263911	OK	 
REQUEST	1	ET_340_Work_At	ET_340_005_Work_At Redirect 1	1666098263915	1666098264062	OK	 
GROUP	1	ET_340_Work_At	1666098263777	1666098264505	712	OK
REQUEST	1	ET_350_Respondent_Acas	ET_350_Respondent_Acas	1666098269509	1666098269677	OK	 
REQUEST	1	ET_350_Respondent_Acas	ET_350_Respondent_Acas Redirect 1	1666098269678	1666098269789	OK	 
GROUP	1	ET_350_Respondent_Acas	1666098269507	1666098269919	395	OK
REQUEST	7	ET_070_ACAS_Certificate	ET_070_005_ACAS_Certificate	1666098270591	1666098270678	OK	 
REQUEST	7	ET_070_ACAS_Certificate	ET_070_005_ACAS_Certificate Redirect 1	1666098270682	1666098270810	OK	 
GROUP	7	ET_070_ACAS_Certificate	1666098270587	1666098270958	360	OK
REQUEST	1	ET_360_Respondent_Check	ET_360_005_Respondent_Check	1666098274159	1666098274307	OK	 
GROUP	1	ET_360_Respondent_Check	1666098274157	1666098274444	282	OK
REQUEST	7	ET_080_Representative	ET_080_005_Representative	1666098277637	1666098277761	OK	 
REQUEST	7	ET_080_Representative	ET_080_005_Representative Redirect 1	1666098277762	1666098277892	KO	regex(callback&state=(\w{8}-\w{4}-\w{4}-\w{4}-\w{12})).find.exists, found nothing
GROUP	7	ET_080_Representative	1666098277636	1666098277908	254	KO
USER	ETCreateClaim	7	END	1666098230554	1666098277915
REQUEST	1	ET_370_Respondent_Submit	ET_370_005_Respondent_Submit	1666098278490	1666098278613	OK	 
REQUEST	1	ET_370_Respondent_Submit	ET_370_005_Respondent_Submit Redirect 1	1666098278615	1666098279012	OK	 
GROUP	1	ET_370_Respondent_Submit	1666098278485	1666098279160	653	OK
REQUEST	1	ET_380_Claim_Details	ET_380_005_Claim_Details	1666098283267	1666098283430	OK	 
GROUP	1	ET_380_Claim_Details	1666098283266	1666098283556	279	OK
REQUEST	1	ET_390_Type_Of_Descrimination	ET_390_Type_Of_Descrimination	1666098288108	1666098288204	OK	 
REQUEST	1	ET_390_Type_Of_Descrimination	ET_390_Type_Of_Descrimination Redirect 1	1666098288205	1666098288451	OK	 
GROUP	1	ET_390_Type_Of_Descrimination	1666098288105	1666098288738	624	OK
REQUEST	1	ET_400_Describe_What_Happened	ET_400_005_Describe_What_Happened	1666098294857	1666098294983	OK	 
REQUEST	1	ET_400_Describe_What_Happened	ET_400_005_Describe_What_Happened Redirect 1	1666098294986	1666098295077	OK	 
GROUP	1	ET_400_Describe_What_Happened	1666098294855	1666098295248	381	OK
REQUEST	1	ET_410_Outcome_If_Successful	ET_410_005_Outcome_If_Successful	1666098299887	1666098300018	OK	 
REQUEST	1	ET_410_Outcome_If_Successful	ET_410_005_Outcome_If_Successful Redirect 1	1666098300020	1666098300158	OK	 
GROUP	1	ET_410_Outcome_If_Successful	1666098299885	1666098300277	385	OK
REQUEST	1	ET_420_Compensation	ET_420_005_Compensation	1666098306069	1666098306215	OK	 
REQUEST	1	ET_420_Compensation	ET_420_005_Compensation Redirect 1	1666098306219	1666098306430	OK	 
GROUP	1	ET_420_Compensation	1666098306066	1666098306598	516	OK
REQUEST	1	ET_430_Whistleblowing	ET_430_005_Whistleblowing	1666098311508	1666098311618	OK	 
REQUEST	1	ET_430_Whistleblowing	ET_430_005_Whistleblowing Redirect 1	1666098311621	1666098311761	OK	 
GROUP	1	ET_430_Whistleblowing	1666098311506	1666098311915	402	OK
USER	ETCreateClaim	8	START	1666098314554	1666098314554
REQUEST	8	ET_010_Home	ET_010_005_Home	1666098314564	1666098315097	OK	 
GROUP	8	ET_010_Home	1666098314563	1666098316034	1463	OK
REQUEST	1	ET_440_Claim_Section_Complete	ET_440_005_Claim_Section_Complete	1666098316478	1666098316592	OK	 
REQUEST	1	ET_440_Claim_Section_Complete	ET_440_005_Claim_Section_Complete Redirect 1	1666098316595	1666098316932	OK	 
GROUP	1	ET_440_Claim_Section_Complete	1666098316468	1666098317084	586	OK
REQUEST	8	ET_020_Start	ET_020_005_Start	1666098321718	1666098321820	OK	 
GROUP	8	ET_020_Start	1666098321716	1666098321956	230	OK
REQUEST	1	ET_450_Final_Check_Answers	ET_450_005_Final_Check_Answers	1666098323692	1666098324080	OK	 
GROUP	1	ET_450_Final_Check_Answers	1666098323687	1666098324333	621	OK
REQUEST	8	ET_030_Before_You_Continue	ET_030_005_Before_You_Continue	1666098326446	1666098326594	OK	 
GROUP	8	ET_030_Before_You_Continue	1666098326445	1666098326765	313	OK
REQUEST	8	ET_040_Work_Postcode	ET_040_005_Work_Postcode	1666098331677	1666098331788	OK	 
REQUEST	8	ET_040_Work_Postcode	ET_040_005_Work_Postcode Redirect 1	1666098331788	1666098331916	OK	 
GROUP	8	ET_040_Work_Postcode	1666098331676	1666098332910	1228	OK
REQUEST	8	ET_050_Claim_Yourself	ET_050_005_Claim_Yourself	1666098337356	1666098337467	OK	 
REQUEST	8	ET_050_Claim_Yourself	ET_050_005_Claim_Yourself Redirect 1	1666098337467	1666098337585	OK	 
GROUP	8	ET_050_Claim_Yourself	1666098337356	1666098337754	396	OK
REQUEST	1	ET_460_Final_Check_Submit	ET_460_005_Final_Check_Submit	1666098328830	1666098338568	OK	 
REQUEST	1	ET_460_Final_Check_Submit	ET_460_005_Final_Check_Submit Redirect 1	1666098338570	1666098338707	OK	 
GROUP	1	ET_460_Final_Check_Submit	1666098328826	1666098338849	10003	OK
REQUEST	8	ET_060_Claim_Own_Or_Others	ET_060_005_Claim_Own_Or_Others	1666098342710	1666098342839	OK	 
REQUEST	8	ET_060_Claim_Own_Or_Others	ET_060_005_Claim_Own_Or_Others Redirect 1	1666098342842	1666098342991	OK	 
GROUP	8	ET_060_Claim_Own_Or_Others	1666098342707	1666098343128	408	OK
REQUEST	1	ET_470_Log_Out	ET_470_005_Log_Out	1666098342996	1666098343127	OK	 
REQUEST	1	ET_470_Log_Out	ET_470_005_Log_Out Redirect 1	1666098343129	1666098343256	OK	 
REQUEST	1	ET_470_Log_Out	ET_470_005_Log_Out Redirect 2	1666098343259	1666098343365	OK	 
REQUEST	1	ET_470_Log_Out	ET_470_005_Log_Out Redirect 3	1666098343367	1666098343795	OK	 
GROUP	1	ET_470_Log_Out	1666098342995	1666098344992	1973	OK
REQUEST	8	ET_070_ACAS_Certificate	ET_070_005_ACAS_Certificate	1666098348279	1666098348399	OK	 
REQUEST	8	ET_070_ACAS_Certificate	ET_070_005_ACAS_Certificate Redirect 1	1666098348402	1666098348545	OK	 
GROUP	8	ET_070_ACAS_Certificate	1666098348276	1666098348695	407	OK
USER	ETCreateClaim	1	END	1666097726553	1666098350542
REQUEST	8	ET_080_Representative	ET_080_005_Representative	1666098354497	1666098354609	OK	 
REQUEST	8	ET_080_Representative	ET_080_005_Representative Redirect 1	1666098354611	1666098354736	OK	 
REQUEST	8	ET_080_Representative	ET_080_005_Representative Redirect 2	1666098354738	1666098354889	OK	 
REQUEST	8	ET_080_Representative	ET_080_005_Representative Redirect 3	1666098354893	1666098355207	OK	 
GROUP	8	ET_080_Representative	1666098354495	1666098356926	2398	OK
REQUEST	8	ET_090_Log_In	ET_090_005_Log_In	1666098361327	1666098361638	OK	 
REQUEST	8	ET_090_Log_In	ET_090_005_Log_In Redirect 1	1666098361641	1666098363675	OK	 
REQUEST	8	ET_090_Log_In	ET_090_005_Log_In Redirect 2	1666098363677	1666098364459	OK	 
GROUP	8	ET_090_Log_In	1666098361326	1666098364703	3368	OK
REQUEST	8	ET_100_One_Go	ET_100_005_One_Go	1666098370730	1666098370981	OK	 
GROUP	8	ET_100_One_Go	1666098370727	1666098371158	399	OK
REQUEST	8	ET_110_Personal_Details	ET_110_005_Personal_Details	1666098375429	1666098375586	OK	 
GROUP	8	ET_110_Personal_Details	1666098375426	1666098375934	501	OK
REQUEST	8	ET_120_DoB	ET_120_005_DoB	1666098382930	1666098383279	OK	 
REQUEST	8	ET_120_DoB	ET_120_005_DoB Redirect 1	1666098383280	1666098383436	OK	 
GROUP	8	ET_120_DoB	1666098382927	1666098383600	665	OK
REQUEST	8	ET_130_Sex	ET_130_005_Sex	1666098388377	1666098389032	OK	 
REQUEST	8	ET_130_Sex	ET_130_005_Sex Redirect 1	1666098389035	1666098389335	OK	 
GROUP	8	ET_130_Sex	1666098388375	1666098389777	1396	OK
REQUEST	8	ET_140_Your_Address_LookUp	XUI_Common_000_PostcodeLookup	1666098396530	1666098397253	OK	 
GROUP	8	ET_140_Your_Address_LookUp	1666098396524	1666098397254	723	OK
USER	ETCreateClaim	9	START	1666098398556	1666098398556
REQUEST	9	ET_010_Home	ET_010_005_Home	1666098398562	1666098399081	OK	 
GROUP	9	ET_010_Home	1666098398561	1666098400059	1491	OK
REQUEST	8	ET_145_Your_Address_Select	ET_145_005_Your_Address_Select	1666098401287	1666098401395	OK	 
REQUEST	8	ET_145_Your_Address_Select	ET_145_005_Your_Address_Select Redirect 1	1666098401398	1666098401690	OK	 
GROUP	8	ET_145_Your_Address_Select	1666098401286	1666098402173	882	OK
REQUEST	9	ET_020_Start	ET_020_005_Start	1666098404467	1666098404865	OK	 
GROUP	9	ET_020_Start	1666098404464	1666098405023	552	OK
REQUEST	8	ET_150_Telephone_Number	ET_150_005_Telephone_Number	1666098408657	1666098408757	OK	 
REQUEST	8	ET_150_Telephone_Number	ET_150_005_Telephone_Number Redirect 1	1666098408760	1666098408877	OK	 
GROUP	8	ET_150_Telephone_Number	1666098408656	1666098408993	330	OK
REQUEST	9	ET_030_Before_You_Continue	ET_030_005_Before_You_Continue	1666098409297	1666098409458	OK	 
GROUP	9	ET_030_Before_You_Continue	1666098409296	1666098409649	329	OK
REQUEST	8	ET_160_Contact_Method	ET_160_005_Contact_Method	1666098415220	1666098415355	OK	 
REQUEST	9	ET_040_Work_Postcode	ET_040_005_Work_Postcode	1666098415353	1666098415482	OK	 
REQUEST	8	ET_160_Contact_Method	ET_160_005_Contact_Method Redirect 1	1666098415356	1666098415490	OK	 
REQUEST	9	ET_040_Work_Postcode	ET_040_005_Work_Postcode Redirect 1	1666098415485	1666098415674	OK	 
GROUP	8	ET_160_Contact_Method	1666098415214	1666098415679	451	OK
GROUP	9	ET_040_Work_Postcode	1666098415347	1666098416426	1065	OK
REQUEST	8	ET_170_Hearing_Participation	ET_170_005_Hearing_Participation	1666098420751	1666098420984	OK	 
REQUEST	8	ET_170_Hearing_Participation	ET_170_005_Hearing_Participation Redirect 1	1666098420986	1666098421141	OK	 
GROUP	8	ET_170_Hearing_Participation	1666098420746	1666098421744	987	OK
REQUEST	9	ET_050_Claim_Yourself	ET_050_005_Claim_Yourself	1666098423018	1666098423571	OK	 
REQUEST	9	ET_050_Claim_Yourself	ET_050_005_Claim_Yourself Redirect 1	1666098423574	1666098424506	OK	 
GROUP	9	ET_050_Claim_Yourself	1666098423016	1666098425310	2285	OK
REQUEST	8	ET_180_Need_Support	ET_180_005_Need_Support	1666098427608	1666098427887	OK	 
REQUEST	8	ET_180_Need_Support	ET_180_005_Need_Support Redirect 1	1666098427889	1666098428048	OK	 
GROUP	8	ET_180_Need_Support	1666098427606	1666098428222	609	OK
REQUEST	9	ET_060_Claim_Own_Or_Others	ET_060_005_Claim_Own_Or_Others	1666098431148	1666098431763	OK	 
REQUEST	8	ET_190_Contact_Completed	ET_190_005_Contact_Completed	1666098432586	1666098433221	OK	 
REQUEST	9	ET_060_Claim_Own_Or_Others	ET_060_005_Claim_Own_Or_Others Redirect 1	1666098431767	1666098433222	OK	 
REQUEST	8	ET_190_Contact_Completed	ET_190_005_Contact_Completed Redirect 1	1666098433225	1666098433844	OK	 
GROUP	9	ET_060_Claim_Own_Or_Others	1666098431145	1666098433860	2699	OK
GROUP	8	ET_190_Contact_Completed	1666098432584	1666098434227	1605	OK
REQUEST	8	ET_200_Employment_Status	ET_200_005_Employment_Status	1666098438606	1666098438814	OK	 
GROUP	8	ET_200_Employment_Status	1666098438602	1666098438955	338	OK
REQUEST	9	ET_070_ACAS_Certificate	ET_070_005_ACAS_Certificate	1666098439739	1666098440121	OK	 
REQUEST	9	ET_070_ACAS_Certificate	ET_070_005_ACAS_Certificate Redirect 1	1666098440128	1666098440298	OK	 
GROUP	9	ET_070_ACAS_Certificate	1666098439735	1666098440489	739	OK
REQUEST	8	ET_210_Work_For_Org	ET_210_005_Work_For_Organisation	1666098443076	1666098443176	OK	 
REQUEST	8	ET_210_Work_For_Org	ET_210_005_Work_For_Organisation Redirect 1	1666098443177	1666098443344	OK	 
GROUP	8	ET_210_Work_For_Org	1666098443075	1666098443458	380	OK
REQUEST	9	ET_080_Representative	ET_080_005_Representative	1666098447317	1666098447436	OK	 
REQUEST	9	ET_080_Representative	ET_080_005_Representative Redirect 1	1666098447439	1666098447597	KO	regex(callback&state=(\w{8}-\w{4}-\w{4}-\w{4}-\w{12})).find.exists, found nothing
GROUP	9	ET_080_Representative	1666098447315	1666098447615	277	KO
USER	ETCreateClaim	9	END	1666098398556	1666098447622
REQUEST	8	ET_220_Still_Work_For_Org	ET_220_005_Still_Work_For_Org	1666098449913	1666098450017	OK	 
REQUEST	8	ET_220_Still_Work_For_Org	ET_220_005_Still_Work_For_Org Redirect 1	1666098450018	1666098450157	OK	 
GROUP	8	ET_220_Still_Work_For_Org	1666098449904	1666098450317	398	OK
REQUEST	8	ET_230_Employment_Details	ET_230_005_Employment_Details	1666098454469	1666098455183	OK	 
REQUEST	8	ET_230_Employment_Details	ET_230_005_Employment_Details Redirect 1	1666098455186	1666098455428	OK	 
GROUP	8	ET_230_Employment_Details	1666098454466	1666098455576	1100	OK
REQUEST	8	ET_240_Start_Date	ET_240_005_Start_Date	1666098462296	1666098462552	KO	Redirect status, yet no Location header
GROUP	8	ET_240_Start_Date	1666098462295	1666098462602	256	KO
USER	ETCreateClaim	8	END	1666098314554	1666098462608
USER	ETCreateClaim	10	START	1666098482556	1666098482556
REQUEST	10	ET_010_Home	ET_010_005_Home	1666098482562	1666098489852	OK	 
GROUP	10	ET_010_Home	1666098482559	1666098491680	9111	OK
REQUEST	10	ET_020_Start	ET_020_005_Start	1666098497998	1666098498272	OK	 
GROUP	10	ET_020_Start	1666098497995	1666098498668	667	OK
REQUEST	10	ET_030_Before_You_Continue	ET_030_005_Before_You_Continue	1666098505518	1666098506416	OK	 
GROUP	10	ET_030_Before_You_Continue	1666098505516	1666098506647	1119	OK
REQUEST	10	ET_040_Work_Postcode	ET_040_005_Work_Postcode	1666098511530	1666098511680	OK	 
REQUEST	10	ET_040_Work_Postcode	ET_040_005_Work_Postcode Redirect 1	1666098511681	1666098511828	OK	 
GROUP	10	ET_040_Work_Postcode	1666098511524	1666098514493	2962	OK
REQUEST	10	ET_050_Claim_Yourself	ET_050_005_Claim_Yourself	1666098520255	1666098520907	OK	 
REQUEST	10	ET_050_Claim_Yourself	ET_050_005_Claim_Yourself Redirect 1	1666098520908	1666098522531	OK	 
GROUP	10	ET_050_Claim_Yourself	1666098520255	1666098522908	2651	OK
REQUEST	10	ET_060_Claim_Own_Or_Others	ET_060_005_Claim_Own_Or_Others	1666098529632	1666098530380	OK	 
REQUEST	10	ET_060_Claim_Own_Or_Others	ET_060_005_Claim_Own_Or_Others Redirect 1	1666098530382	1666098530532	OK	 
GROUP	10	ET_060_Claim_Own_Or_Others	1666098529628	1666098530695	1057	OK
REQUEST	10	ET_070_ACAS_Certificate	ET_070_005_ACAS_Certificate	1666098535246	1666098535501	OK	 
REQUEST	10	ET_070_ACAS_Certificate	ET_070_005_ACAS_Certificate Redirect 1	1666098535502	1666098535651	OK	 
GROUP	10	ET_070_ACAS_Certificate	1666098535245	1666098535838	590	OK
REQUEST	10	ET_080_Representative	ET_080_005_Representative	1666098542436	1666098542972	OK	 
REQUEST	10	ET_080_Representative	ET_080_005_Representative Redirect 1	1666098542973	1666098543980	KO	regex(callback&state=(\w{8}-\w{4}-\w{4}-\w{4}-\w{12})).find.exists, found nothing
GROUP	10	ET_080_Representative	1666098542435	1666098543990	1543	KO
USER	ETCreateClaim	10	END	1666098482556	1666098543992
USER	ETCreateClaim	11	START	1666098566554	1666098566554
REQUEST	11	ET_010_Home	ET_010_005_Home	1666098566557	1666098567985	OK	 
GROUP	11	ET_010_Home	1666098566556	1666098570114	3555	OK
REQUEST	11	ET_020_Start	ET_020_005_Start	1666098575599	1666098576324	OK	 
GROUP	11	ET_020_Start	1666098575595	1666098577318	1715	OK
REQUEST	11	ET_030_Before_You_Continue	ET_030_005_Before_You_Continue	1666098582839	1666098584796	OK	 
GROUP	11	ET_030_Before_You_Continue	1666098582836	1666098584971	2124	OK
REQUEST	11	ET_040_Work_Postcode	ET_040_005_Work_Postcode	1666098589617	1666098589712	OK	 
REQUEST	11	ET_040_Work_Postcode	ET_040_005_Work_Postcode Redirect 1	1666098589714	1666098589857	OK	 
GROUP	11	ET_040_Work_Postcode	1666098589614	1666098590485	861	OK
REQUEST	11	ET_050_Claim_Yourself	ET_050_005_Claim_Yourself	1666098595078	1666098595278	OK	 
REQUEST	11	ET_050_Claim_Yourself	ET_050_005_Claim_Yourself Redirect 1	1666098595280	1666098595502	OK	 
GROUP	11	ET_050_Claim_Yourself	1666098595076	1666098595672	588	OK
REQUEST	11	ET_060_Claim_Own_Or_Others	ET_060_005_Claim_Own_Or_Others	1666098600540	1666098600676	OK	 
REQUEST	11	ET_060_Claim_Own_Or_Others	ET_060_005_Claim_Own_Or_Others Redirect 1	1666098600678	1666098600855	OK	 
GROUP	11	ET_060_Claim_Own_Or_Others	1666098600536	1666098601013	468	OK
REQUEST	11	ET_070_ACAS_Certificate	ET_070_005_ACAS_Certificate	1666098607939	1666098608038	OK	 
REQUEST	11	ET_070_ACAS_Certificate	ET_070_005_ACAS_Certificate Redirect 1	1666098608040	1666098608162	OK	 
GROUP	11	ET_070_ACAS_Certificate	1666098607936	1666098608377	432	OK
REQUEST	11	ET_080_Representative	ET_080_005_Representative	1666098613870	1666098614052	OK	 
REQUEST	11	ET_080_Representative	ET_080_005_Representative Redirect 1	1666098614055	1666098614198	KO	regex(callback&state=(\w{8}-\w{4}-\w{4}-\w{4}-\w{12})).find.exists, found nothing
GROUP	11	ET_080_Representative	1666098613867	1666098614213	325	KO
USER	ETCreateClaim	11	END	1666098566554	1666098614227
USER	ETCreateClaim	12	START	1666098650556	1666098650556
REQUEST	12	ET_010_Home	ET_010_005_Home	1666098650592	1666098651179	OK	 
GROUP	12	ET_010_Home	1666098650574	1666098652733	2104	OK
REQUEST	12	ET_020_Start	ET_020_005_Start	1666098657365	1666098657520	OK	 
GROUP	12	ET_020_Start	1666098657356	1666098657720	352	OK
REQUEST	12	ET_030_Before_You_Continue	ET_030_005_Before_You_Continue	1666098662118	1666098662264	OK	 
GROUP	12	ET_030_Before_You_Continue	1666098662116	1666098662408	284	OK
REQUEST	12	ET_040_Work_Postcode	ET_040_005_Work_Postcode	1666098669038	1666098669161	OK	 
REQUEST	12	ET_040_Work_Postcode	ET_040_005_Work_Postcode Redirect 1	1666098669168	1666098669320	OK	 
GROUP	12	ET_040_Work_Postcode	1666098669026	1666098670359	1311	OK
REQUEST	12	ET_050_Claim_Yourself	ET_050_005_Claim_Yourself	1666098676286	1666098676381	OK	 
REQUEST	12	ET_050_Claim_Yourself	ET_050_005_Claim_Yourself Redirect 1	1666098676383	1666098676530	OK	 
GROUP	12	ET_050_Claim_Yourself	1666098676285	1666098676661	369	OK
REQUEST	12	ET_060_Claim_Own_Or_Others	ET_060_005_Claim_Own_Or_Others	1666098682087	1666098682201	OK	 
REQUEST	12	ET_060_Claim_Own_Or_Others	ET_060_005_Claim_Own_Or_Others Redirect 1	1666098682204	1666098682340	OK	 
GROUP	12	ET_060_Claim_Own_Or_Others	1666098682084	1666098682493	398	OK
REQUEST	12	ET_070_ACAS_Certificate	ET_070_005_ACAS_Certificate	1666098688452	1666098688563	OK	 
REQUEST	12	ET_070_ACAS_Certificate	ET_070_005_ACAS_Certificate Redirect 1	1666098688566	1666098688689	OK	 
GROUP	12	ET_070_ACAS_Certificate	1666098688445	1666098688874	409	OK
REQUEST	12	ET_080_Representative	ET_080_005_Representative	1666098695468	1666098695623	OK	 
REQUEST	12	ET_080_Representative	ET_080_005_Representative Redirect 1	1666098695630	1666098695780	KO	regex(callback&state=(\w{8}-\w{4}-\w{4}-\w{4}-\w{12})).find.exists, found nothing
GROUP	12	ET_080_Representative	1666098695465	1666098695811	305	KO
USER	ETCreateClaim	12	END	1666098650556	1666098695821
USER	ETCreateClaim	13	START	1666098734554	1666098734554
REQUEST	13	ET_010_Home	ET_010_005_Home	1666098734564	1666098735159	OK	 
GROUP	13	ET_010_Home	1666098734562	1666098736287	1717	OK
REQUEST	13	ET_020_Start	ET_020_005_Start	1666098740560	1666098740718	OK	 
GROUP	13	ET_020_Start	1666098740554	1666098740875	312	OK
REQUEST	13	ET_030_Before_You_Continue	ET_030_005_Before_You_Continue	1666098745357	1666098745477	OK	 
GROUP	13	ET_030_Before_You_Continue	1666098745354	1666098745663	297	OK
REQUEST	13	ET_040_Work_Postcode	ET_040_005_Work_Postcode	1666098751260	1666098751394	OK	 
REQUEST	13	ET_040_Work_Postcode	ET_040_005_Work_Postcode Redirect 1	1666098751398	1666098751530	OK	 
GROUP	13	ET_040_Work_Postcode	1666098751256	1666098752024	756	OK
REQUEST	13	ET_050_Claim_Yourself	ET_050_005_Claim_Yourself	1666098757337	1666098757502	OK	 
REQUEST	13	ET_050_Claim_Yourself	ET_050_005_Claim_Yourself Redirect 1	1666098757505	1666098757681	OK	 
GROUP	13	ET_050_Claim_Yourself	1666098757334	1666098757819	476	OK
REQUEST	13	ET_060_Claim_Own_Or_Others	ET_060_005_Claim_Own_Or_Others	1666098763286	1666098763597	OK	 
REQUEST	13	ET_060_Claim_Own_Or_Others	ET_060_005_Claim_Own_Or_Others Redirect 1	1666098763600	1666098763757	OK	 
GROUP	13	ET_060_Claim_Own_Or_Others	1666098763286	1666098763983	683	OK
REQUEST	13	ET_070_ACAS_Certificate	ET_070_005_ACAS_Certificate	1666098768068	1666098768208	OK	 
REQUEST	13	ET_070_ACAS_Certificate	ET_070_005_ACAS_Certificate Redirect 1	1666098768211	1666098768363	OK	 
GROUP	13	ET_070_ACAS_Certificate	1666098768065	1666098768629	553	OK
REQUEST	13	ET_080_Representative	ET_080_005_Representative	1666098773308	1666098773405	OK	 
REQUEST	13	ET_080_Representative	ET_080_005_Representative Redirect 1	1666098773407	1666098773539	KO	regex(callback&state=(\w{8}-\w{4}-\w{4}-\w{4}-\w{12})).find.exists, found nothing
GROUP	13	ET_080_Representative	1666098773307	1666098773551	229	KO
USER	ETCreateClaim	13	END	1666098734554	1666098773569
USER	ETCreateClaim	14	START	1666098818556	1666098818556
REQUEST	14	ET_010_Home	ET_010_005_Home	1666098818566	1666098818812	OK	 
GROUP	14	ET_010_Home	1666098818564	1666098819104	534	OK
REQUEST	14	ET_020_Start	ET_020_005_Start	1666098823459	1666098823537	OK	 
GROUP	14	ET_020_Start	1666098823456	1666098823624	162	OK
REQUEST	14	ET_030_Before_You_Continue	ET_030_005_Before_You_Continue	1666098827776	1666098827849	OK	 
GROUP	14	ET_030_Before_You_Continue	1666098827775	1666098827944	152	OK
REQUEST	14	ET_040_Work_Postcode	ET_040_005_Work_Postcode	1666098833879	1666098833926	OK	 
REQUEST	14	ET_040_Work_Postcode	ET_040_005_Work_Postcode Redirect 1	1666098833927	1666098833992	OK	 
GROUP	14	ET_040_Work_Postcode	1666098833876	1666098834220	336	OK
REQUEST	14	ET_050_Claim_Yourself	ET_050_005_Claim_Yourself	1666098839087	1666098839149	OK	 
REQUEST	14	ET_050_Claim_Yourself	ET_050_005_Claim_Yourself Redirect 1	1666098839151	1666098839237	OK	 
GROUP	14	ET_050_Claim_Yourself	1666098839085	1666098839299	207	OK
REQUEST	14	ET_060_Claim_Own_Or_Others	ET_060_005_Claim_Own_Or_Others	1666098845239	1666098845284	OK	 
REQUEST	14	ET_060_Claim_Own_Or_Others	ET_060_005_Claim_Own_Or_Others Redirect 1	1666098845286	1666098845349	OK	 
GROUP	14	ET_060_Claim_Own_Or_Others	1666098845237	1666098845436	192	OK
REQUEST	14	ET_070_ACAS_Certificate	ET_070_005_ACAS_Certificate	1666098849817	1666098849876	OK	 
REQUEST	14	ET_070_ACAS_Certificate	ET_070_005_ACAS_Certificate Redirect 1	1666098849877	1666098849966	OK	 
GROUP	14	ET_070_ACAS_Certificate	1666098849815	1666098850060	239	OK
REQUEST	14	ET_080_Representative	ET_080_005_Representative	1666098856888	1666098856935	OK	 
REQUEST	14	ET_080_Representative	ET_080_005_Representative Redirect 1	1666098856937	1666098857003	KO	regex(callback&state=(\w{8}-\w{4}-\w{4}-\w{4}-\w{12})).find.exists, found nothing
GROUP	14	ET_080_Representative	1666098856886	1666098857021	113	KO
USER	ETCreateClaim	14	END	1666098818556	1666098857026
USER	ETCreateClaim	15	START	1666098902554	1666098902554
REQUEST	15	ET_010_Home	ET_010_005_Home	1666098902566	1666098902762	OK	 
GROUP	15	ET_010_Home	1666098902560	1666098903051	476	OK
REQUEST	15	ET_020_Start	ET_020_005_Start	1666098907277	1666098907346	OK	 
GROUP	15	ET_020_Start	1666098907276	1666098907436	154	OK
REQUEST	15	ET_030_Before_You_Continue	ET_030_005_Before_You_Continue	1666098912179	1666098912260	OK	 
GROUP	15	ET_030_Before_You_Continue	1666098912177	1666098912367	181	OK
REQUEST	15	ET_040_Work_Postcode	ET_040_005_Work_Postcode	1666098919150	1666098919212	OK	 
REQUEST	15	ET_040_Work_Postcode	ET_040_005_Work_Postcode Redirect 1	1666098919214	1666098919284	OK	 
GROUP	15	ET_040_Work_Postcode	1666098919147	1666098919472	317	OK
REQUEST	15	ET_050_Claim_Yourself	ET_050_005_Claim_Yourself	1666098925357	1666098925405	OK	 
REQUEST	15	ET_050_Claim_Yourself	ET_050_005_Claim_Yourself Redirect 1	1666098925406	1666098925493	OK	 
GROUP	15	ET_050_Claim_Yourself	1666098925355	1666098925613	252	OK
REQUEST	15	ET_060_Claim_Own_Or_Others	ET_060_005_Claim_Own_Or_Others	1666098931040	1666098931098	OK	 
REQUEST	15	ET_060_Claim_Own_Or_Others	ET_060_005_Claim_Own_Or_Others Redirect 1	1666098931100	1666098931178	OK	 
GROUP	15	ET_060_Claim_Own_Or_Others	1666098931036	1666098931306	261	OK
REQUEST	15	ET_070_ACAS_Certificate	ET_070_005_ACAS_Certificate	1666098935319	1666098935374	OK	 
REQUEST	15	ET_070_ACAS_Certificate	ET_070_005_ACAS_Certificate Redirect 1	1666098935377	1666098935484	OK	 
GROUP	15	ET_070_ACAS_Certificate	1666098935315	1666098935583	256	OK
REQUEST	15	ET_080_Representative	ET_080_005_Representative	1666098942161	1666098942243	OK	 
REQUEST	15	ET_080_Representative	ET_080_005_Representative Redirect 1	1666098942245	1666098942340	KO	regex(callback&state=(\w{8}-\w{4}-\w{4}-\w{4}-\w{12})).find.exists, found nothing
GROUP	15	ET_080_Representative	1666098942157	1666098942358	177	KO
USER	ETCreateClaim	15	END	1666098902554	1666098942363
USER	ETCreateClaim	16	START	1666098986556	1666098986556
REQUEST	16	ET_010_Home	ET_010_005_Home	1666098986563	1666098986741	OK	 
GROUP	16	ET_010_Home	1666098986562	1666098987034	465	OK
REQUEST	16	ET_020_Start	ET_020_005_Start	1666098993520	1666098993591	OK	 
GROUP	16	ET_020_Start	1666098993517	1666098993730	206	OK
REQUEST	16	ET_030_Before_You_Continue	ET_030_005_Before_You_Continue	1666098998929	1666098999021	OK	 
GROUP	16	ET_030_Before_You_Continue	1666098998927	1666098999130	193	OK
REQUEST	16	ET_040_Work_Postcode	ET_040_005_Work_Postcode	1666099003408	1666099003458	OK	 
REQUEST	16	ET_040_Work_Postcode	ET_040_005_Work_Postcode Redirect 1	1666099003461	1666099003561	OK	 
GROUP	16	ET_040_Work_Postcode	1666099003406	1666099003762	347	OK
REQUEST	16	ET_050_Claim_Yourself	ET_050_005_Claim_Yourself	1666099008022	1666099008073	OK	 
REQUEST	16	ET_050_Claim_Yourself	ET_050_005_Claim_Yourself Redirect 1	1666099008076	1666099008167	OK	 
GROUP	16	ET_050_Claim_Yourself	1666099008017	1666099008349	317	OK
REQUEST	16	ET_060_Claim_Own_Or_Others	ET_060_005_Claim_Own_Or_Others	1666099013287	1666099013330	OK	 
REQUEST	16	ET_060_Claim_Own_Or_Others	ET_060_005_Claim_Own_Or_Others Redirect 1	1666099013332	1666099013416	OK	 
GROUP	16	ET_060_Claim_Own_Or_Others	1666099013284	1666099013503	211	OK
REQUEST	16	ET_070_ACAS_Certificate	ET_070_005_ACAS_Certificate	1666099018116	1666099018157	OK	 
REQUEST	16	ET_070_ACAS_Certificate	ET_070_005_ACAS_Certificate Redirect 1	1666099018159	1666099018247	OK	 
GROUP	16	ET_070_ACAS_Certificate	1666099018114	1666099018350	230	OK
REQUEST	16	ET_080_Representative	ET_080_005_Representative	1666099022558	1666099022600	OK	 
REQUEST	16	ET_080_Representative	ET_080_005_Representative Redirect 1	1666099022601	1666099022696	KO	regex(callback&state=(\w{8}-\w{4}-\w{4}-\w{4}-\w{12})).find.exists, found nothing
GROUP	16	ET_080_Representative	1666099022556	1666099022710	137	KO
USER	ETCreateClaim	16	END	1666098986556	1666099022718
USER	ETCreateClaim	17	START	1666099070554	1666099070554
REQUEST	17	ET_010_Home	ET_010_005_Home	1666099070560	1666099070757	OK	 
GROUP	17	ET_010_Home	1666099070559	1666099071058	490	OK
REQUEST	17	ET_020_Start	ET_020_005_Start	1666099076608	1666099076696	OK	 
GROUP	17	ET_020_Start	1666099076606	1666099076788	179	OK
REQUEST	17	ET_030_Before_You_Continue	ET_030_005_Before_You_Continue	1666099082609	1666099082695	OK	 
GROUP	17	ET_030_Before_You_Continue	1666099082606	1666099082861	243	OK
REQUEST	17	ET_040_Work_Postcode	ET_040_005_Work_Postcode	1666099087608	1666099087644	OK	 
REQUEST	17	ET_040_Work_Postcode	ET_040_005_Work_Postcode Redirect 1	1666099087646	1666099087707	OK	 
GROUP	17	ET_040_Work_Postcode	1666099087605	1666099087903	290	OK
REQUEST	17	ET_050_Claim_Yourself	ET_050_005_Claim_Yourself	1666099094119	1666099094161	OK	 
REQUEST	17	ET_050_Claim_Yourself	ET_050_005_Claim_Yourself Redirect 1	1666099094163	1666099094246	OK	 
GROUP	17	ET_050_Claim_Yourself	1666099094116	1666099094341	217	OK
REQUEST	17	ET_060_Claim_Own_Or_Others	ET_060_005_Claim_Own_Or_Others	1666099098529	1666099098584	OK	 
REQUEST	17	ET_060_Claim_Own_Or_Others	ET_060_005_Claim_Own_Or_Others Redirect 1	1666099098586	1666099098651	OK	 
GROUP	17	ET_060_Claim_Own_Or_Others	1666099098527	1666099098745	210	OK
REQUEST	17	ET_070_ACAS_Certificate	ET_070_005_ACAS_Certificate	1666099103439	1666099103484	OK	 
REQUEST	17	ET_070_ACAS_Certificate	ET_070_005_ACAS_Certificate Redirect 1	1666099103486	1666099103582	OK	 
GROUP	17	ET_070_ACAS_Certificate	1666099103436	1666099103671	225	OK
REQUEST	17	ET_080_Representative	ET_080_005_Representative	1666099108837	1666099108900	OK	 
REQUEST	17	ET_080_Representative	ET_080_005_Representative Redirect 1	1666099108902	1666099108958	KO	regex(callback&state=(\w{8}-\w{4}-\w{4}-\w{4}-\w{12})).find.exists, found nothing
GROUP	17	ET_080_Representative	1666099108835	1666099108970	119	KO
USER	ETCreateClaim	17	END	1666099070554	1666099108986
USER	ETCreateClaim	18	START	1666099154554	1666099154554
REQUEST	18	ET_010_Home	ET_010_005_Home	1666099154560	1666099154750	OK	 
GROUP	18	ET_010_Home	1666099154559	1666099155085	520	OK
REQUEST	18	ET_020_Start	ET_020_005_Start	1666099161038	1666099161101	OK	 
GROUP	18	ET_020_Start	1666099161036	1666099161206	155	OK
REQUEST	18	ET_030_Before_You_Continue	ET_030_005_Before_You_Continue	1666099165298	1666099165358	OK	 
GROUP	18	ET_030_Before_You_Continue	1666099165296	1666099165537	234	OK
REQUEST	18	ET_040_Work_Postcode	ET_040_005_Work_Postcode	1666099170547	1666099170597	OK	 
REQUEST	18	ET_040_Work_Postcode	ET_040_005_Work_Postcode Redirect 1	1666099170600	1666099170653	OK	 
GROUP	18	ET_040_Work_Postcode	1666099170544	1666099170852	299	OK
REQUEST	18	ET_050_Claim_Yourself	ET_050_005_Claim_Yourself	1666099177569	1666099177607	OK	 
REQUEST	18	ET_050_Claim_Yourself	ET_050_005_Claim_Yourself Redirect 1	1666099177608	1666099177691	OK	 
GROUP	18	ET_050_Claim_Yourself	1666099177566	1666099177764	190	OK
REQUEST	18	ET_060_Claim_Own_Or_Others	ET_060_005_Claim_Own_Or_Others	1666099183648	1666099183709	OK	 
REQUEST	18	ET_060_Claim_Own_Or_Others	ET_060_005_Claim_Own_Or_Others Redirect 1	1666099183711	1666099183767	OK	 
GROUP	18	ET_060_Claim_Own_Or_Others	1666099183646	1666099183847	193	OK
REQUEST	18	ET_070_ACAS_Certificate	ET_070_005_ACAS_Certificate	1666099188003	1666099188051	OK	 
REQUEST	18	ET_070_ACAS_Certificate	ET_070_005_ACAS_Certificate Redirect 1	1666099188053	1666099188116	OK	 
GROUP	18	ET_070_ACAS_Certificate	1666099187996	1666099188209	200	OK
REQUEST	18	ET_080_Representative	ET_080_005_Representative	1666099193410	1666099193472	OK	 
REQUEST	18	ET_080_Representative	ET_080_005_Representative Redirect 1	1666099193474	1666099193550	KO	regex(callback&state=(\w{8}-\w{4}-\w{4}-\w{4}-\w{12})).find.exists, found nothing
GROUP	18	ET_080_Representative	1666099193407	1666099193563	138	KO
USER	ETCreateClaim	18	END	1666099154554	1666099193573
USER	ETCreateClaim	19	START	1666099238556	1666099238556
REQUEST	19	ET_010_Home	ET_010_005_Home	1666099238567	1666099238787	OK	 
GROUP	19	ET_010_Home	1666099238566	1666099239049	481	OK
REQUEST	19	ET_020_Start	ET_020_005_Start	1666099244750	1666099244828	OK	 
GROUP	19	ET_020_Start	1666099244746	1666099244913	160	OK
REQUEST	19	ET_030_Before_You_Continue	ET_030_005_Before_You_Continue	1666099249479	1666099249564	OK	 
GROUP	19	ET_030_Before_You_Continue	1666099249477	1666099249671	186	OK
REQUEST	19	ET_040_Work_Postcode	ET_040_005_Work_Postcode	1666099254828	1666099254869	OK	 
REQUEST	19	ET_040_Work_Postcode	ET_040_005_Work_Postcode Redirect 1	1666099254870	1666099254935	OK	 
GROUP	19	ET_040_Work_Postcode	1666099254825	1666099255140	308	OK
REQUEST	19	ET_050_Claim_Yourself	ET_050_005_Claim_Yourself	1666099260127	1666099260171	OK	 
REQUEST	19	ET_050_Claim_Yourself	ET_050_005_Claim_Yourself Redirect 1	1666099260173	1666099260249	OK	 
GROUP	19	ET_050_Claim_Yourself	1666099260124	1666099260343	211	OK
REQUEST	19	ET_060_Claim_Own_Or_Others	ET_060_005_Claim_Own_Or_Others	1666099266128	1666099266179	OK	 
REQUEST	19	ET_060_Claim_Own_Or_Others	ET_060_005_Claim_Own_Or_Others Redirect 1	1666099266180	1666099266259	OK	 
GROUP	19	ET_060_Claim_Own_Or_Others	1666099266126	1666099266356	219	OK
REQUEST	19	ET_070_ACAS_Certificate	ET_070_005_ACAS_Certificate	1666099273149	1666099273198	OK	 
REQUEST	19	ET_070_ACAS_Certificate	ET_070_005_ACAS_Certificate Redirect 1	1666099273200	1666099273279	OK	 
GROUP	19	ET_070_ACAS_Certificate	1666099273146	1666099273428	263	OK
REQUEST	19	ET_080_Representative	ET_080_005_Representative	1666099279586	1666099279644	OK	 
REQUEST	19	ET_080_Representative	ET_080_005_Representative Redirect 1	1666099279646	1666099279710	KO	regex(callback&state=(\w{8}-\w{4}-\w{4}-\w{4}-\w{12})).find.exists, found nothing
GROUP	19	ET_080_Representative	1666099279584	1666099279725	122	KO
USER	ETCreateClaim	19	END	1666099238556	1666099279736
USER	ETCreateClaim	20	START	1666099322558	1666099322558
REQUEST	20	ET_010_Home	ET_010_005_Home	1666099322568	1666099322728	OK	 
GROUP	20	ET_010_Home	1666099322563	1666099323038	460	OK
REQUEST	20	ET_020_Start	ET_020_005_Start	1666099329229	1666099329301	OK	 
GROUP	20	ET_020_Start	1666099329227	1666099329362	130	OK
REQUEST	20	ET_030_Before_You_Continue	ET_030_005_Before_You_Continue	1666099335538	1666099335606	OK	 
GROUP	20	ET_030_Before_You_Continue	1666099335536	1666099335684	140	OK
REQUEST	20	ET_040_Work_Postcode	ET_040_005_Work_Postcode	1666099339780	1666099339830	OK	 
REQUEST	20	ET_040_Work_Postcode	ET_040_005_Work_Postcode Redirect 1	1666099339832	1666099339950	OK	 
GROUP	20	ET_040_Work_Postcode	1666099339776	1666099340223	348	OK
REQUEST	20	ET_050_Claim_Yourself	ET_050_005_Claim_Yourself	1666099346868	1666099346921	OK	 
REQUEST	20	ET_050_Claim_Yourself	ET_050_005_Claim_Yourself Redirect 1	1666099346923	1666099346988	OK	 
GROUP	20	ET_050_Claim_Yourself	1666099346866	1666099347042	168	OK
REQUEST	20	ET_060_Claim_Own_Or_Others	ET_060_005_Claim_Own_Or_Others	1666099352517	1666099352562	OK	 
REQUEST	20	ET_060_Claim_Own_Or_Others	ET_060_005_Claim_Own_Or_Others Redirect 1	1666099352565	1666099352680	OK	 
GROUP	20	ET_060_Claim_Own_Or_Others	1666099352515	1666099352765	243	OK
REQUEST	20	ET_070_ACAS_Certificate	ET_070_005_ACAS_Certificate	1666099357142	1666099357195	OK	 
REQUEST	20	ET_070_ACAS_Certificate	ET_070_005_ACAS_Certificate Redirect 1	1666099357201	1666099357267	OK	 
GROUP	20	ET_070_ACAS_Certificate	1666099357136	1666099357330	179	OK
REQUEST	20	ET_080_Representative	ET_080_005_Representative	1666099363721	1666099363764	OK	 
REQUEST	20	ET_080_Representative	ET_080_005_Representative Redirect 1	1666099363766	1666099363840	KO	regex(callback&state=(\w{8}-\w{4}-\w{4}-\w{4}-\w{12})).find.exists, found nothing
GROUP	20	ET_080_Representative	1666099363717	1666099363856	117	KO
USER	ETCreateClaim	20	END	1666099322558	1666099363865
USER	ETCreateClaim	21	START	1666099406554	1666099406554
REQUEST	21	ET_010_Home	ET_010_005_Home	1666099406559	1666099406715	OK	 
GROUP	21	ET_010_Home	1666099406558	1666099407032	472	OK
REQUEST	21	ET_020_Start	ET_020_005_Start	1666099411516	1666099411588	OK	 
GROUP	21	ET_020_Start	1666099411515	1666099411719	200	OK
REQUEST	21	ET_030_Before_You_Continue	ET_030_005_Before_You_Continue	1666099417635	1666099417717	OK	 
GROUP	21	ET_030_Before_You_Continue	1666099417626	1666099417839	197	OK
REQUEST	21	ET_040_Work_Postcode	ET_040_005_Work_Postcode	1666099424138	1666099424190	OK	 
REQUEST	21	ET_040_Work_Postcode	ET_040_005_Work_Postcode Redirect 1	1666099424192	1666099424338	KO	substring(Are you making the claim for yourself, or representing someone else?).find.exists, found nothing
GROUP	21	ET_040_Work_Postcode	1666099424135	1666099424355	198	KO
USER	ETCreateClaim	21	END	1666099406554	1666099424358
USER	ETCreateClaim	22	START	1666099490554	1666099490554
REQUEST	22	ET_010_Home	ET_010_005_Home	1666099490560	1666099490723	OK	 
GROUP	22	ET_010_Home	1666099490559	1666099491029	462	OK
REQUEST	22	ET_020_Start	ET_020_005_Start	1666099497170	1666099497261	OK	 
GROUP	22	ET_020_Start	1666099497167	1666099497379	202	OK
REQUEST	22	ET_030_Before_You_Continue	ET_030_005_Before_You_Continue	1666099504070	1666099504134	OK	 
GROUP	22	ET_030_Before_You_Continue	1666099504066	1666099504250	164	OK
REQUEST	22	ET_040_Work_Postcode	ET_040_005_Work_Postcode	1666099509471	1666099509532	OK	 
REQUEST	22	ET_040_Work_Postcode	ET_040_005_Work_Postcode Redirect 1	1666099509536	1666099509629	OK	 
GROUP	22	ET_040_Work_Postcode	1666099509467	1666099509929	451	OK
REQUEST	22	ET_050_Claim_Yourself	ET_050_005_Claim_Yourself	1666099514098	1666099514146	OK	 
REQUEST	22	ET_050_Claim_Yourself	ET_050_005_Claim_Yourself Redirect 1	1666099514148	1666099514250	OK	 
GROUP	22	ET_050_Claim_Yourself	1666099514095	1666099514344	241	OK
REQUEST	22	ET_060_Claim_Own_Or_Others	ET_060_005_Claim_Own_Or_Others	1666099520809	1666099520863	OK	 
REQUEST	22	ET_060_Claim_Own_Or_Others	ET_060_005_Claim_Own_Or_Others Redirect 1	1666099520865	1666099520940	OK	 
GROUP	22	ET_060_Claim_Own_Or_Others	1666099520807	1666099521124	306	OK
REQUEST	22	ET_070_ACAS_Certificate	ET_070_005_ACAS_Certificate	1666099527239	1666099527276	OK	 
REQUEST	22	ET_070_ACAS_Certificate	ET_070_005_ACAS_Certificate Redirect 1	1666099527278	1666099527347	OK	 
GROUP	22	ET_070_ACAS_Certificate	1666099527237	1666099527444	196	OK
REQUEST	22	ET_080_Representative	ET_080_005_Representative	1666099531947	1666099531998	OK	 
REQUEST	22	ET_080_Representative	ET_080_005_Representative Redirect 1	1666099532000	1666099532075	KO	regex(callback&state=(\w{8}-\w{4}-\w{4}-\w{4}-\w{12})).find.exists, found nothing
GROUP	22	ET_080_Representative	1666099531945	1666099532087	126	KO
USER	ETCreateClaim	22	END	1666099490554	1666099532094
USER	ETCreateClaim	23	START	1666099574556	1666099574556
REQUEST	23	ET_010_Home	ET_010_005_Home	1666099574563	1666099574751	OK	 
GROUP	23	ET_010_Home	1666099574562	1666099575036	468	OK
REQUEST	23	ET_020_Start	ET_020_005_Start	1666099579378	1666099579454	OK	 
GROUP	23	ET_020_Start	1666099579377	1666099579538	155	OK
REQUEST	23	ET_030_Before_You_Continue	ET_030_005_Before_You_Continue	1666099586187	1666099586271	OK	 
GROUP	23	ET_030_Before_You_Continue	1666099586184	1666099586391	196	OK
REQUEST	23	ET_040_Work_Postcode	ET_040_005_Work_Postcode	1666099591726	1666099591760	OK	 
REQUEST	23	ET_040_Work_Postcode	ET_040_005_Work_Postcode Redirect 1	1666099591761	1666099591822	OK	 
GROUP	23	ET_040_Work_Postcode	1666099591726	1666099592074	340	OK
REQUEST	23	ET_050_Claim_Yourself	ET_050_005_Claim_Yourself	1666099596098	1666099596136	OK	 
REQUEST	23	ET_050_Claim_Yourself	ET_050_005_Claim_Yourself Redirect 1	1666099596138	1666099596205	OK	 
GROUP	23	ET_050_Claim_Yourself	1666099596096	1666099596310	201	OK
REQUEST	23	ET_060_Claim_Own_Or_Others	ET_060_005_Claim_Own_Or_Others	1666099603298	1666099603360	OK	 
REQUEST	23	ET_060_Claim_Own_Or_Others	ET_060_005_Claim_Own_Or_Others Redirect 1	1666099603362	1666099603426	OK	 
GROUP	23	ET_060_Claim_Own_Or_Others	1666099603296	1666099603521	217	OK
REQUEST	23	ET_070_ACAS_Certificate	ET_070_005_ACAS_Certificate	1666099609358	1666099609411	OK	 
REQUEST	23	ET_070_ACAS_Certificate	ET_070_005_ACAS_Certificate Redirect 1	1666099609411	1666099609496	OK	 
GROUP	23	ET_070_ACAS_Certificate	1666099609356	1666099609619	258	OK
REQUEST	23	ET_080_Representative	ET_080_005_Representative	1666099614958	1666099615006	OK	 
REQUEST	23	ET_080_Representative	ET_080_005_Representative Redirect 1	1666099615008	1666099615073	KO	regex(callback&state=(\w{8}-\w{4}-\w{4}-\w{4}-\w{12})).find.exists, found nothing
GROUP	23	ET_080_Representative	1666099614956	1666099615089	113	KO
USER	ETCreateClaim	23	END	1666099574556	1666099615093
USER	ETCreateClaim	24	START	1666099658554	1666099658554
REQUEST	24	ET_010_Home	ET_010_005_Home	1666099658560	1666099658766	OK	 
GROUP	24	ET_010_Home	1666099658559	1666099659052	489	OK
REQUEST	24	ET_020_Start	ET_020_005_Start	1666099665186	1666099665289	OK	 
GROUP	24	ET_020_Start	1666099665184	1666099665444	254	OK
REQUEST	24	ET_030_Before_You_Continue	ET_030_005_Before_You_Continue	1666099671187	1666099671284	OK	 
GROUP	24	ET_030_Before_You_Continue	1666099671186	1666099671382	188	OK
REQUEST	24	ET_040_Work_Postcode	ET_040_005_Work_Postcode	1666099676994	1666099677027	OK	 
REQUEST	24	ET_040_Work_Postcode	ET_040_005_Work_Postcode Redirect 1	1666099677030	1666099677090	OK	 
GROUP	24	ET_040_Work_Postcode	1666099676985	1666099677302	302	OK
REQUEST	24	ET_050_Claim_Yourself	ET_050_005_Claim_Yourself	1666099682568	1666099682699	OK	 
REQUEST	24	ET_050_Claim_Yourself	ET_050_005_Claim_Yourself Redirect 1	1666099682701	1666099682849	OK	 
GROUP	24	ET_050_Claim_Yourself	1666099682566	1666099683030	457	OK
REQUEST	24	ET_060_Claim_Own_Or_Others	ET_060_005_Claim_Own_Or_Others	1666099688358	1666099688395	OK	 
REQUEST	24	ET_060_Claim_Own_Or_Others	ET_060_005_Claim_Own_Or_Others Redirect 1	1666099688397	1666099688457	OK	 
GROUP	24	ET_060_Claim_Own_Or_Others	1666099688356	1666099688550	187	OK
REQUEST	24	ET_070_ACAS_Certificate	ET_070_005_ACAS_Certificate	1666099692558	1666099692609	OK	 
REQUEST	24	ET_070_ACAS_Certificate	ET_070_005_ACAS_Certificate Redirect 1	1666099692611	1666099692699	OK	 
GROUP	24	ET_070_ACAS_Certificate	1666099692556	1666099692797	230	OK
REQUEST	24	ET_080_Representative	ET_080_005_Representative	1666099698489	1666099698531	OK	 
REQUEST	24	ET_080_Representative	ET_080_005_Representative Redirect 1	1666099698533	1666099698606	KO	regex(callback&state=(\w{8}-\w{4}-\w{4}-\w{4}-\w{12})).find.exists, found nothing
GROUP	24	ET_080_Representative	1666099698476	1666099698631	115	KO
USER	ETCreateClaim	24	END	1666099658554	1666099698634
USER	ETCreateClaim	25	START	1666099742556	1666099742556
REQUEST	25	ET_010_Home	ET_010_005_Home	1666099742568	1666099742745	OK	 
GROUP	25	ET_010_Home	1666099742562	1666099743007	435	OK
REQUEST	25	ET_020_Start	ET_020_005_Start	1666099747631	1666099747714	OK	 
GROUP	25	ET_020_Start	1666099747626	1666099747767	134	OK
REQUEST	25	ET_030_Before_You_Continue	ET_030_005_Before_You_Continue	1666099751980	1666099752078	OK	 
GROUP	25	ET_030_Before_You_Continue	1666099751976	1666099752134	147	OK
REQUEST	25	ET_040_Work_Postcode	ET_040_005_Work_Postcode	1666099758758	1666099758817	OK	 
REQUEST	25	ET_040_Work_Postcode	ET_040_005_Work_Postcode Redirect 1	1666099758819	1666099758873	OK	 
GROUP	25	ET_040_Work_Postcode	1666099758754	1666099759216	453	OK
REQUEST	25	ET_050_Claim_Yourself	ET_050_005_Claim_Yourself	1666099766013	1666099766081	OK	 
REQUEST	25	ET_050_Claim_Yourself	ET_050_005_Claim_Yourself Redirect 1	1666099766083	1666099766172	OK	 
GROUP	25	ET_050_Claim_Yourself	1666099766007	1666099766250	231	OK
REQUEST	25	ET_060_Claim_Own_Or_Others	ET_060_005_Claim_Own_Or_Others	1666099773230	1666099773275	OK	 
REQUEST	25	ET_060_Claim_Own_Or_Others	ET_060_005_Claim_Own_Or_Others Redirect 1	1666099773278	1666099773350	OK	 
GROUP	25	ET_060_Claim_Own_Or_Others	1666099773227	1666099773467	229	OK
REQUEST	25	ET_070_ACAS_Certificate	ET_070_005_ACAS_Certificate	1666099777928	1666099777984	OK	 
REQUEST	25	ET_070_ACAS_Certificate	ET_070_005_ACAS_Certificate Redirect 1	1666099777985	1666099778054	OK	 
GROUP	25	ET_070_ACAS_Certificate	1666099777926	1666099778150	217	OK
REQUEST	25	ET_080_Representative	ET_080_005_Representative	1666099783727	1666099783788	OK	 
REQUEST	25	ET_080_Representative	ET_080_005_Representative Redirect 1	1666099783792	1666099783863	KO	regex(callback&state=(\w{8}-\w{4}-\w{4}-\w{4}-\w{12})).find.exists, found nothing
GROUP	25	ET_080_Representative	1666099783725	1666099783876	132	KO
USER	ETCreateClaim	25	END	1666099742556	1666099783885
