RUN	simulations.ET_Simulation	et-simulation	1687527985877	 	3.9.5
USER	ETCreateClaim	START	1687527986514
REQUEST	ET_010_Home	ET_010_005_Home	1687527986531	1687527986654	OK	 
GROUP	ET_010_Home	1687527986516	1687527986856	293	OK
REQUEST	ET_020_Start	ET_020_005_Start	1687527992366	1687527992465	OK	 
GROUP	ET_020_Start	1687527992365	1687527992607	237	OK
REQUEST	ET_030_Before_You_Continue	ET_030_005_Before_You_Continue	1687527998580	1687527998660	OK	 
GROUP	ET_030_Before_You_Continue	1687527998579	1687527998811	216	OK
REQUEST	ET_040_Work_Postcode	ET_040_005_Work_Postcode	1687528005366	1687528005402	OK	 
REQUEST	ET_040_Work_Postcode	ET_040_005_Work_Postcode Redirect 1	1687528005404	1687528005482	OK	 
GROUP	ET_040_Work_Postcode	1687528005359	1687528005583	211	OK
REQUEST	ET_050_Claim_Yourself	ET_050_005_Claim_Yourself	1687528012504	1687528012569	OK	 
REQUEST	ET_050_Claim_Yourself	ET_050_005_Claim_Yourself Redirect 1	1687528012570	1687528012635	OK	 
GROUP	ET_050_Claim_Yourself	1687528012504	1687528012728	219	OK
REQUEST	ET_060_Claim_Own_Or_Others	ET_060_005_Claim_Own_Or_Others	1687528017191	1687528017237	OK	 
REQUEST	ET_060_Claim_Own_Or_Others	ET_060_005_Claim_Own_Or_Others Redirect 1	1687528017238	1687528017286	OK	 
GROUP	ET_060_Claim_Own_Or_Others	1687528017190	1687528017353	158	OK
REQUEST	ET_070_ACAS_Certificate	ET_070_005_ACAS_Certificate	1687528023863	1687528023977	OK	 
REQUEST	ET_070_ACAS_Certificate	ET_070_005_ACAS_Certificate Redirect 1	1687528023977	1687528024037	OK	 
GROUP	ET_070_ACAS_Certificate	1687528023862	1687528024115	249	OK
REQUEST	ET_080_Representative	ET_080_005_Representative	1687528028126	1687528028435	OK	 
REQUEST	ET_080_Representative	ET_080_005_Representative Redirect 1	1687528028435	1687528028572	OK	 
REQUEST	ET_080_Representative	ET_080_005_Representative Redirect 2	1687528028573	1687528028650	OK	 
REQUEST	ET_080_Representative	ET_080_005_Representative Redirect 3	1687528028651	1687528028761	OK	 
USER	ETCreateClaim	START	1687528030507
REQUEST	ET_010_Home	ET_010_005_Home	1687528030507	1687528030610	OK	 
GROUP	ET_010_Home	1687528030507	1687528030735	226	OK
GROUP	ET_080_Representative	1687528028126	1687528034193	846	OK
REQUEST	ET_090_Log_In	ET_090_005_Log_In	1687528034196	1687528034290	OK	 
REQUEST	ET_090_Log_In	ET_090_005_Log_In Redirect 1	1687528034291	1687528036115	OK	 
REQUEST	ET_090_Log_In	ET_090_005_Log_In Redirect 2	1687528036116	1687528036202	OK	 
GROUP	ET_090_Log_In	1687528034195	1687528036291	2089	OK
REQUEST	ET_020_Start	ET_020_005_Start	1687528037090	1687528037169	OK	 
GROUP	ET_020_Start	1687528037090	1687528037271	177	OK
REQUEST	ET_100_One_Go	ET_100_005_One_Go	1687528041271	1687528041337	OK	 
GROUP	ET_100_One_Go	1687528041271	1687528041429	154	OK
REQUEST	ET_030_Before_You_Continue	ET_030_005_Before_You_Continue	1687528041682	1687528041747	OK	 
GROUP	ET_030_Before_You_Continue	1687528041682	1687528041830	143	OK
REQUEST	ET_110_Personal_Details	ET_110_005_Personal_Details	1687528047823	1687528047907	OK	 
GROUP	ET_110_Personal_Details	1687528047822	1687528048011	183	OK
REQUEST	ET_040_Work_Postcode	ET_040_005_Work_Postcode	1687528048619	1687528048666	OK	 
REQUEST	ET_040_Work_Postcode	ET_040_005_Work_Postcode Redirect 1	1687528048667	1687528048784	OK	 
GROUP	ET_040_Work_Postcode	1687528048617	1687528048867	242	OK
REQUEST	ET_120_DoB	ET_120_005_DoB	1687528053121	1687528054547	OK	 
REQUEST	ET_120_DoB	ET_120_005_DoB Redirect 1	1687528054548	1687528054614	OK	 
GROUP	ET_120_DoB	1687528053120	1687528054760	1634	OK
REQUEST	ET_050_Claim_Yourself	ET_050_005_Claim_Yourself	1687528055333	1687528055392	OK	 
REQUEST	ET_050_Claim_Yourself	ET_050_005_Claim_Yourself Redirect 1	1687528055392	1687528058850	OK	 
GROUP	ET_050_Claim_Yourself	1687528055332	1687528059001	3663	OK
REQUEST	ET_130_Sex	ET_130_005_Sex	1687528059126	1687528059871	OK	 
REQUEST	ET_130_Sex	ET_130_005_Sex Redirect 1	1687528059873	1687528059961	OK	 
GROUP	ET_130_Sex	1687528059125	1687528060110	977	OK
REQUEST	ET_060_Claim_Own_Or_Others	ET_060_005_Claim_Own_Or_Others	1687528064956	1687528064984	OK	 
REQUEST	ET_060_Claim_Own_Or_Others	ET_060_005_Claim_Own_Or_Others Redirect 1	1687528064985	1687528065106	OK	 
GROUP	ET_060_Claim_Own_Or_Others	1687528064956	1687528065193	233	OK
REQUEST	ET_140_Your_Address_LookUp	XUI_Common_000_PostcodeLookup	1687528065303	1687528065914	OK	 
GROUP	ET_140_Your_Address_LookUp	1687528065302	1687528065915	611	OK
REQUEST	ET_070_ACAS_Certificate	ET_070_005_ACAS_Certificate	1687528069409	1687528069454	OK	 
REQUEST	ET_070_ACAS_Certificate	ET_070_005_ACAS_Certificate Redirect 1	1687528069455	1687528069535	OK	 
GROUP	ET_070_ACAS_Certificate	1687528069408	1687528069633	219	OK
REQUEST	ET_145_Your_Address_Select	ET_145_005_Your_Address_Select	1687528070997	1687528072199	OK	 
REQUEST	ET_145_Your_Address_Select	ET_145_005_Your_Address_Select Redirect 1	1687528072200	1687528072266	OK	 
GROUP	ET_145_Your_Address_Select	1687528070997	1687528072920	1920	OK
USER	ETCreateClaim	START	1687528074507
REQUEST	ET_010_Home	ET_010_005_Home	1687528074508	1687528074635	OK	 
GROUP	ET_010_Home	1687528074508	1687528075049	537	OK
REQUEST	ET_080_Representative	ET_080_005_Representative	1687528076139	1687528076215	OK	 
REQUEST	ET_080_Representative	ET_080_005_Representative Redirect 1	1687528076216	1687528076289	OK	 
REQUEST	ET_080_Representative	ET_080_005_Representative Redirect 2	1687528076289	1687528076325	OK	 
REQUEST	ET_080_Representative	ET_080_005_Representative Redirect 3	1687528076326	1687528076430	OK	 
REQUEST	ET_150_Telephone_Number	ET_150_005_Telephone_Number	1687528077816	1687528078816	OK	 
REQUEST	ET_150_Telephone_Number	ET_150_005_Telephone_Number Redirect 1	1687528078818	1687528078881	OK	 
GROUP	ET_150_Telephone_Number	1687528077815	1687528079010	1187	OK
REQUEST	ET_020_Start	ET_020_005_Start	1687528080369	1687528080450	OK	 
GROUP	ET_020_Start	1687528080368	1687528080588	216	OK
GROUP	ET_080_Representative	1687528076138	1687528082603	516	OK
REQUEST	ET_090_Log_In	ET_090_005_Log_In	1687528082605	1687528082736	OK	 
REQUEST	ET_090_Log_In	ET_090_005_Log_In Redirect 1	1687528082737	1687528083997	OK	 
REQUEST	ET_090_Log_In	ET_090_005_Log_In Redirect 2	1687528083998	1687528084109	OK	 
GROUP	ET_090_Log_In	1687528082604	1687528084202	1591	OK
REQUEST	ET_160_Contact_Method	ET_160_005_Contact_Method	1687528084799	1687528085462	OK	 
REQUEST	ET_160_Contact_Method	ET_160_005_Contact_Method Redirect 1	1687528085463	1687528085554	OK	 
GROUP	ET_160_Contact_Method	1687528084798	1687528085637	829	OK
REQUEST	ET_030_Before_You_Continue	ET_030_005_Before_You_Continue	1687528086786	1687528086848	OK	 
GROUP	ET_030_Before_You_Continue	1687528086785	1687528086954	163	OK
REQUEST	ET_100_One_Go	ET_100_005_One_Go	1687528091012	1687528091083	OK	 
GROUP	ET_100_One_Go	1687528091011	1687528091191	175	OK
REQUEST	ET_040_Work_Postcode	ET_040_005_Work_Postcode	1687528092175	1687528092205	OK	 
REQUEST	ET_040_Work_Postcode	ET_040_005_Work_Postcode Redirect 1	1687528092206	1687528092296	OK	 
GROUP	ET_040_Work_Postcode	1687528092174	1687528092403	225	OK
REQUEST	ET_170_Hearing_Participation	ET_170_005_Hearing_Participation	1687528092387	1687528093144	OK	 
REQUEST	ET_170_Hearing_Participation	ET_170_005_Hearing_Participation Redirect 1	1687528093145	1687528093221	OK	 
GROUP	ET_170_Hearing_Participation	1687528092384	1687528093321	929	OK
REQUEST	ET_110_Personal_Details	ET_110_005_Personal_Details	1687528097086	1687528097328	OK	 
GROUP	ET_110_Personal_Details	1687528097085	1687528097424	335	OK
REQUEST	ET_050_Claim_Yourself	ET_050_005_Claim_Yourself	1687528097696	1687528097750	OK	 
REQUEST	ET_050_Claim_Yourself	ET_050_005_Claim_Yourself Redirect 1	1687528097751	1687528097840	OK	 
GROUP	ET_050_Claim_Yourself	1687528097695	1687528097948	247	OK
REQUEST	ET_180_Need_Support	ET_180_005_Need_Support	1687528099868	1687528100629	OK	 
REQUEST	ET_180_Need_Support	ET_180_005_Need_Support Redirect 1	1687528100630	1687528100735	OK	 
GROUP	ET_180_Need_Support	1687528099867	1687528100863	990	OK
REQUEST	ET_120_DoB	ET_120_005_DoB	1687528102631	1687528104006	OK	 
REQUEST	ET_120_DoB	ET_120_005_DoB Redirect 1	1687528104007	1687528104164	OK	 
REQUEST	ET_060_Claim_Own_Or_Others	ET_060_005_Claim_Own_Or_Others	1687528104061	1687528104191	OK	 
REQUEST	ET_060_Claim_Own_Or_Others	ET_060_005_Claim_Own_Or_Others Redirect 1	1687528104191	1687528104236	OK	 
GROUP	ET_120_DoB	1687528102630	1687528104285	1650	OK
GROUP	ET_060_Claim_Own_Or_Others	1687528104061	1687528104456	394	OK
REQUEST	ET_190_Contact_Completed	ET_190_005_Contact_Completed	1687528107259	1687528107835	OK	 
REQUEST	ET_190_Contact_Completed	ET_190_005_Contact_Completed Redirect 1	1687528107836	1687528107936	OK	 
GROUP	ET_190_Contact_Completed	1687528107258	1687528108099	836	OK
REQUEST	ET_130_Sex	ET_130_005_Sex	1687528108638	1687528109654	OK	 
REQUEST	ET_070_ACAS_Certificate	ET_070_005_ACAS_Certificate	1687528109533	1687528109709	OK	 
REQUEST	ET_130_Sex	ET_130_005_Sex Redirect 1	1687528109655	1687528109737	OK	 
REQUEST	ET_070_ACAS_Certificate	ET_070_005_ACAS_Certificate Redirect 1	1687528109709	1687528109771	OK	 
GROUP	ET_070_ACAS_Certificate	1687528109533	1687528109863	326	OK
GROUP	ET_130_Sex	1687528108638	1687528109873	1229	OK
REQUEST	ET_200_Employment_Status	ET_200_005_Employment_Status	1687528113957	1687528114017	OK	 
GROUP	ET_200_Employment_Status	1687528113956	1687528114098	136	OK
REQUEST	ET_080_Representative	ET_080_005_Representative	1687528115123	1687528115172	OK	 
REQUEST	ET_080_Representative	ET_080_005_Representative Redirect 1	1687528115173	1687528115225	OK	 
REQUEST	ET_080_Representative	ET_080_005_Representative Redirect 2	1687528115226	1687528115254	OK	 
REQUEST	ET_080_Representative	ET_080_005_Representative Redirect 3	1687528115254	1687528115375	OK	 
REQUEST	ET_140_Your_Address_LookUp	XUI_Common_000_PostcodeLookup	1687528115592	1687528116199	OK	 
GROUP	ET_140_Your_Address_LookUp	1687528115591	1687528116200	607	OK
USER	ETCreateClaim	START	1687528118507
REQUEST	ET_010_Home	ET_010_005_Home	1687528118509	1687528118653	OK	 
GROUP	ET_010_Home	1687528118508	1687528118843	331	OK
REQUEST	ET_210_Work_For_Org	ET_210_005_Work_For_Organisation	1687528120620	1687528121312	OK	 
REQUEST	ET_210_Work_For_Org	ET_210_005_Work_For_Organisation Redirect 1	1687528121313	1687528121403	OK	 
GROUP	ET_080_Representative	1687528115123	1687528122117	412	OK
REQUEST	ET_090_Log_In	ET_090_005_Log_In	1687528122118	1687528122219	OK	 
REQUEST	ET_090_Log_In	ET_090_005_Log_In Redirect 1	1687528122219	1687528123270	OK	 
REQUEST	ET_090_Log_In	ET_090_005_Log_In Redirect 2	1687528123271	1687528123315	OK	 
GROUP	ET_090_Log_In	1687528122118	1687528123422	1302	OK
REQUEST	ET_145_Your_Address_Select	ET_145_005_Your_Address_Select	1687528122701	1687528123874	OK	 
REQUEST	ET_145_Your_Address_Select	ET_145_005_Your_Address_Select Redirect 1	1687528123875	1687528123965	OK	 
GROUP	ET_145_Your_Address_Select	1687528122700	1687528124059	1354	OK
REQUEST	ET_020_Start	ET_020_005_Start	1687528124253	1687528124319	OK	 
GROUP	ET_020_Start	1687528124253	1687528124411	156	OK
REQUEST	ET_100_One_Go	ET_100_005_One_Go	1687528128069	1687528128134	OK	 
GROUP	ET_100_One_Go	1687528128069	1687528128223	150	OK
REQUEST	ET_030_Before_You_Continue	ET_030_005_Before_You_Continue	1687528128461	1687528128556	OK	 
GROUP	ET_030_Before_You_Continue	1687528128460	1687528128717	251	OK
REQUEST	ET_150_Telephone_Number	ET_150_005_Telephone_Number	1687528131050	1687528131757	OK	 
REQUEST	ET_150_Telephone_Number	ET_150_005_Telephone_Number Redirect 1	1687528131758	1687528131805	OK	 
GROUP	ET_150_Telephone_Number	1687528131049	1687528131934	880	OK
REQUEST	ET_110_Personal_Details	ET_110_005_Personal_Details	1687528133245	1687528133296	OK	 
REQUEST	ET_040_Work_Postcode	ET_040_005_Work_Postcode	1687528133889	1687528133915	OK	 
REQUEST	ET_040_Work_Postcode	ET_040_005_Work_Postcode Redirect 1	1687528133915	1687528133978	OK	 
GROUP	ET_110_Personal_Details	1687528133244	1687528133983	735	OK
GROUP	ET_040_Work_Postcode	1687528133888	1687528134054	162	OK
REQUEST	ET_160_Contact_Method	ET_160_005_Contact_Method	1687528138239	1687528138823	OK	 
REQUEST	ET_160_Contact_Method	ET_160_005_Contact_Method Redirect 1	1687528138823	1687528138890	OK	 
GROUP	ET_160_Contact_Method	1687528138239	1687528138982	739	OK
REQUEST	ET_050_Claim_Yourself	ET_050_005_Claim_Yourself	1687528139365	1687528139395	OK	 
REQUEST	ET_120_DoB	ET_120_005_DoB	1687528138853	1687528139427	OK	 
REQUEST	ET_050_Claim_Yourself	ET_050_005_Claim_Yourself Redirect 1	1687528139395	1687528139461	OK	 
REQUEST	ET_120_DoB	ET_120_005_DoB Redirect 1	1687528139427	1687528139494	OK	 
GROUP	ET_050_Claim_Yourself	1687528139365	1687528139540	172	OK
GROUP	ET_120_DoB	1687528138852	1687528139590	733	OK
REQUEST	ET_170_Hearing_Participation	ET_170_005_Hearing_Participation	1687528143740	1687528144353	OK	 
REQUEST	ET_170_Hearing_Participation	ET_170_005_Hearing_Participation Redirect 1	1687528144354	1687528144425	OK	 
GROUP	ET_170_Hearing_Participation	1687528143739	1687528144516	772	OK
REQUEST	ET_060_Claim_Own_Or_Others	ET_060_005_Claim_Own_Or_Others	1687528144756	1687528144791	OK	 
REQUEST	ET_060_Claim_Own_Or_Others	ET_060_005_Claim_Own_Or_Others Redirect 1	1687528144791	1687528144852	OK	 
GROUP	ET_060_Claim_Own_Or_Others	1687528144756	1687528144928	168	OK
REQUEST	ET_130_Sex	ET_130_005_Sex	1687528146470	1687528147219	OK	 
REQUEST	ET_130_Sex	ET_130_005_Sex Redirect 1	1687528147220	1687528147266	OK	 
GROUP	ET_130_Sex	1687528146469	1687528147344	871	OK
REQUEST	ET_070_ACAS_Certificate	ET_070_005_ACAS_Certificate	1687528149483	1687528149510	OK	 
REQUEST	ET_070_ACAS_Certificate	ET_070_005_ACAS_Certificate Redirect 1	1687528149511	1687528149569	OK	 
GROUP	ET_070_ACAS_Certificate	1687528149482	1687528149645	157	OK
GROUP	ET_210_Work_For_Org	1687528120619	1687528149990	29364	OK
REQUEST	ET_180_Need_Support	ET_180_005_Need_Support	1687528150646	1687528151215	OK	 
REQUEST	ET_180_Need_Support	ET_180_005_Need_Support Redirect 1	1687528151216	1687528151324	OK	 
GROUP	ET_180_Need_Support	1687528150645	1687528151440	788	OK
REQUEST	ET_140_Your_Address_LookUp	XUI_Common_000_PostcodeLookup	1687528153430	1687528154080	OK	 
GROUP	ET_140_Your_Address_LookUp	1687528153429	1687528154081	650	OK
REQUEST	ET_220_Still_Work_For_Org	ET_220_005_Still_Work_For_Org	1687528154778	1687528155286	OK	 
REQUEST	ET_220_Still_Work_For_Org	ET_220_005_Still_Work_For_Org Redirect 1	1687528155287	1687528155365	OK	 
GROUP	ET_220_Still_Work_For_Org	1687528154777	1687528155487	704	OK
REQUEST	ET_080_Representative	ET_080_005_Representative	1687528155750	1687528155960	OK	 
REQUEST	ET_080_Representative	ET_080_005_Representative Redirect 1	1687528155961	1687528156026	OK	 
REQUEST	ET_080_Representative	ET_080_005_Representative Redirect 2	1687528156027	1687528156088	OK	 
REQUEST	ET_080_Representative	ET_080_005_Representative Redirect 3	1687528156088	1687528156193	OK	 
REQUEST	ET_190_Contact_Completed	ET_190_005_Contact_Completed	1687528155774	1687528156743	OK	 
REQUEST	ET_190_Contact_Completed	ET_190_005_Contact_Completed Redirect 1	1687528156744	1687528156784	OK	 
GROUP	ET_190_Contact_Completed	1687528155774	1687528157022	1244	OK
REQUEST	ET_145_Your_Address_Select	ET_145_005_Your_Address_Select	1687528158805	1687528159261	OK	 
REQUEST	ET_145_Your_Address_Select	ET_145_005_Your_Address_Select Redirect 1	1687528159262	1687528159312	OK	 
GROUP	ET_145_Your_Address_Select	1687528158805	1687528159394	585	OK
USER	ETCreateClaim	START	1687528162507
REQUEST	ET_230_Employment_Details	ET_230_005_Employment_Details	1687528162125	1687528162518	OK	 
GROUP	ET_080_Representative	1687528155750	1687528162523	645	OK
REQUEST	ET_230_Employment_Details	ET_230_005_Employment_Details Redirect 1	1687528162519	1687528162571	OK	 
REQUEST	ET_010_Home	ET_010_005_Home	1687528162508	1687528162613	OK	 
GROUP	ET_230_Employment_Details	1687528162124	1687528162644	517	OK
REQUEST	ET_090_Log_In	ET_090_005_Log_In	1687528162524	1687528162648	OK	 
GROUP	ET_010_Home	1687528162507	1687528162742	231	OK
REQUEST	ET_200_Employment_Status	ET_200_005_Employment_Status	1687528162693	1687528162749	OK	 
GROUP	ET_200_Employment_Status	1687528162693	1687528163155	460	OK
REQUEST	ET_090_Log_In	ET_090_005_Log_In Redirect 1	1687528162648	1687528163910	OK	 
REQUEST	ET_090_Log_In	