RUN	simulations.ET_Simulation	et-simulation	1665483075898	 	3.3.1
USER	ETCreateClaim	1	START	1665483077281	1665483077281
REQUEST	1	ET_010_Home	ET_010_005_Home	1665483077297	1665483077684	OK	 
GROUP	1	ET_010_Home	1665483077286	1665483078458	1057	OK
REQUEST	1	ET_020_Start	ET_020_005_Start	1665483082052	1665483082195	OK	 
GROUP	1	ET_020_Start	1665483082038	1665483082691	580	OK
REQUEST	1	ET_030_Before_You_Continue	ET_030_005_Before_You_Continue	1665483085412	1665483085535	OK	 
GROUP	1	ET_030_Before_You_Continue	1665483085406	1665483086654	1184	OK
REQUEST	1	ET_040_Work_Postcode	ET_040_005_Work_Postcode	1665483088893	1665483088995	OK	 
REQUEST	1	ET_040_Work_Postcode	ET_040_005_Work_Postcode Redirect 1	1665483088999	1665483089320	OK	 
GROUP	1	ET_040_Work_Postcode	1665483088865	1665483089905	984	OK
REQUEST	1	ET_050_Claim_Yourself	ET_050_005_Claim_Yourself	1665483093731	1665483093858	OK	 
REQUEST	1	ET_050_Claim_Yourself	ET_050_005_Claim_Yourself Redirect 1	1665483093860	1665483093966	OK	 
GROUP	1	ET_050_Claim_Yourself	1665483093726	1665483094486	720	OK
REQUEST	1	ET_060_Claim_Own_Or_Others	ET_060_005_Claim_Own_Or_Others	1665483097031	1665483097365	OK	 
REQUEST	1	ET_060_Claim_Own_Or_Others	ET_060_005_Claim_Own_Or_Others Redirect 1	1665483097371	1665483097542	OK	 
GROUP	1	ET_060_Claim_Own_Or_Others	1665483097025	1665483098107	1055	OK
REQUEST	1	ET_070_ACAS_Certificate	ET_070_005_ACAS_Certificate	1665483101531	1665483101676	OK	 
REQUEST	1	ET_070_ACAS_Certificate	ET_070_005_ACAS_Certificate Redirect 1	1665483101683	1665483101805	OK	 
GROUP	1	ET_070_ACAS_Certificate	1665483101528	1665483101936	392	OK
REQUEST	1	ET_080_Representative	ET_080_005_Representative	1665483105758	1665483105871	OK	 
REQUEST	1	ET_080_Representative	ET_080_005_Representative Redirect 1	1665483105874	1665483106011	OK	 
REQUEST	1	ET_080_Representative	ET_080_005_Representative Redirect 2	1665483106014	1665483106107	OK	 
REQUEST	1	ET_080_Representative	ET_080_005_Representative Redirect 3	1665483106110	1665483106229	OK	 
GROUP	1	ET_080_Representative	1665483105752	1665483107184	1356	OK
REQUEST	1	ET_090_Log_In	ET_090_005_Log_In	1665483109282	1665483109780	OK	 
REQUEST	1	ET_090_Log_In	ET_090_005_Log_In Redirect 1	1665483109785	1665483113580	OK	 
REQUEST	1	ET_090_Log_In	ET_090_005_Log_In Redirect 2	1665483113586	1665483113686	OK	 
GROUP	1	ET_090_Log_In	1665483109266	1665483113840	4539	OK
REQUEST	1	ET_100_One_Go	ET_100_005_One_Go	1665483116808	1665483116923	OK	 
GROUP	1	ET_100_One_Go	1665483116805	1665483117066	247	OK
REQUEST	1	ET_110_Personal_Details	ET_110_005_Personal_Details	1665483119430	1665483119571	OK	 
GROUP	1	ET_110_Personal_Details	1665483119426	1665483119746	298	OK
REQUEST	1	ET_120_DoB	ET_120_005_DoB	1665483122327	1665483122406	OK	 
REQUEST	1	ET_120_DoB	ET_120_005_DoB Redirect 1	1665483122407	1665483122543	OK	 
GROUP	1	ET_120_DoB	1665483122325	1665483122708	371	OK
REQUEST	1	ET_130_Sex	ET_130_005_Sex	1665483124920	1665483125029	OK	 
REQUEST	1	ET_130_Sex	ET_130_005_Sex Redirect 1	1665483125032	1665483125165	OK	 
GROUP	1	ET_130_Sex	1665483124916	1665483125281	347	OK
REQUEST	1	ET_140_Your_Address_LookUp	XUI_Common_000_PostcodeLookup	1665483128000	1665483128726	OK	 
GROUP	1	ET_140_Your_Address_LookUp	1665483127995	1665483128731	726	OK
REQUEST	1	ET_145_Your_Address_Select	ET_145_005_Your_Address_Select	1665483131276	1665483131394	OK	 
REQUEST	1	ET_145_Your_Address_Select	ET_145_005_Your_Address_Select Redirect 1	1665483131398	1665483131491	OK	 
GROUP	1	ET_145_Your_Address_Select	1665483131275	1665483131654	363	OK
REQUEST	1	ET_150_Telephone_Number	ET_150_005_Telephone_Number	1665483134362	1665483134447	OK	 
REQUEST	1	ET_150_Telephone_Number	ET_150_005_Telephone_Number Redirect 1	1665483134452	1665483134694	OK	 
GROUP	1	ET_150_Telephone_Number	1665483134356	1665483134951	570	OK
REQUEST	1	ET_160_Contact_Method	ET_160_005_Contact_Method	1665483138564	1665483138677	OK	 
REQUEST	1	ET_160_Contact_Method	ET_160_005_Contact_Method Redirect 1	1665483138681	1665483138794	OK	 
GROUP	1	ET_160_Contact_Method	1665483138556	1665483139360	783	OK
REQUEST	1	ET_170_Hearing_Participation	ET_170_005_Hearing_Participation	1665483141620	1665483141728	OK	 
REQUEST	1	ET_170_Hearing_Participation	ET_170_005_Hearing_Participation Redirect 1	1665483141731	1665483141848	OK	 
GROUP	1	ET_170_Hearing_Participation	1665483141606	1665483142062	431	OK
REQUEST	1	ET_180_Need_Support	ET_180_005_Need_Support	1665483145437	1665483145532	OK	 
REQUEST	1	ET_180_Need_Support	ET_180_005_Need_Support Redirect 1	1665483145535	1665483145637	OK	 
GROUP	1	ET_180_Need_Support	1665483145426	1665483145772	317	OK
REQUEST	1	ET_190_Contact_Completed	ET_190_005_Contact_Completed	1665483148542	1665483148651	OK	 
REQUEST	1	ET_190_Contact_Completed	ET_190_005_Contact_Completed Redirect 1	1665483148654	1665483149168	OK	 
GROUP	1	ET_190_Contact_Completed	1665483148535	1665483149408	851	OK
REQUEST	1	ET_200_Employment_Status	ET_200_005_Employment_Status	1665483152266	1665483152439	OK	 
GROUP	1	ET_200_Employment_Status	1665483152264	1665483152798	512	OK
REQUEST	1	ET_210_Work_For_Org	ET_210_005_Work_For_Organisation	1665483155189	1665483155309	OK	 
REQUEST	1	ET_210_Work_For_Org	ET_210_005_Work_For_Organisation Redirect 1	1665483155312	1665483155450	OK	 
GROUP	1	ET_210_Work_For_Org	1665483155185	1665483155618	414	OK
REQUEST	1	ET_220_Still_Work_For_Org	ET_220_005_Still_Work_For_Org	1665483159401	1665483159512	OK	 
REQUEST	1	ET_220_Still_Work_For_Org	ET_220_005_Still_Work_For_Org Redirect 1	1665483159519	1665483159649	OK	 
GROUP	1	ET_220_Still_Work_For_Org	1665483159396	1665483159843	422	OK
REQUEST	1	ET_230_Employment_Details	ET_230_005_Employment_Details	1665483162729	1665483162829	OK	 
REQUEST	1	ET_230_Employment_Details	ET_230_005_Employment_Details Redirect 1	1665483162833	1665483162953	OK	 
GROUP	1	ET_230_Employment_Details	1665483162726	1665483163069	322	OK
REQUEST	1	ET_240_Start_Date	ET_240_005_Start_Date	1665483167001	1665483167133	OK	 
REQUEST	1	ET_240_Start_Date	ET_240_005_Start_Date Redirect 1	1665483167138	1665483167268	OK	 
GROUP	1	ET_240_Start_Date	1665483166997	1665483167393	374	OK
REQUEST	1	ET_250_Notice_End	ET_250_005_Notice_End	1665483170298	1665483170382	OK	 
REQUEST	1	ET_250_Notice_End	ET_250_005_Notice_End Redirect 1	1665483170385	1665483170563	OK	 
GROUP	1	ET_250_Notice_End	1665483170295	1665483170772	457	OK
REQUEST	1	ET_260_Weeks_Or_Months	ET_260_005_Weeks_Or_Months	1665483174149	1665483174255	OK	 
REQUEST	1	ET_260_Weeks_Or_Months	ET_260_005_Weeks_Or_Months Redirect 1	1665483174257	1665483174367	OK	 
GROUP	1	ET_260_Weeks_Or_Months	1665483174146	1665483174575	417	OK
REQUEST	1	ET_270_Number_Of_Months	ET_270_005_Number_Of_Months	1665483177857	1665483177968	OK	 
REQUEST	1	ET_270_Number_Of_Months	ET_270_005_Number_Of_Months Redirect 1	1665483177973	1665483178086	OK	 
GROUP	1	ET_270_Number_Of_Months	1665483177854	1665483178249	373	OK
REQUEST	1	ET_280_Weekly_Hours	ET_280_005_Weekly_Hours	1665483180766	1665483180851	OK	 
REQUEST	1	ET_280_Weekly_Hours	ET_280_005_Weekly_Hours Redirect 1	1665483180854	1665483181084	OK	 
GROUP	1	ET_280_Weekly_Hours	1665483180765	1665483181228	442	OK
REQUEST	1	ET_290_Your_Pay	ET_290_005_Your_Pay	1665483184191	1665483184306	OK	 
REQUEST	1	ET_290_Your_Pay	ET_290_005_Your_Pay Redirect 1	1665483184308	1665483184421	OK	 
GROUP	1	ET_290_Your_Pay	1665483184186	1665483184948	747	OK
REQUEST	1	ET_300_Pension_Contributions	ET_300_005_Pension_Contributions	1665483187673	1665483187846	OK	 
REQUEST	1	ET_300_Pension_Contributions	ET_300_005_Pension_Contributions Redirect 1	1665483187849	1665483188223	OK	 
GROUP	1	ET_300_Pension_Contributions	1665483187666	1665483188418	732	OK
REQUEST	1	ET_310_Employee_Benefits	ET_310_005_Employee_Benefits	1665483190527	1665483190635	OK	 
REQUEST	1	ET_310_Employee_Benefits	ET_310_005_Employee_Benefits Redirect 1	1665483190637	1665483190732	OK	 
GROUP	1	ET_310_Employee_Benefits	1665483190524	1665483191200	660	OK
REQUEST	1	ET_310_Employee_Benefits	ET_310_005_Employee_Benefits	1665483194720	1665483194802	OK	 
REQUEST	1	ET_310_Employee_Benefits	ET_310_005_Employee_Benefits Redirect 1	1665483194803	1665483194894	OK	 
GROUP	1	ET_310_Employee_Benefits	1665483194716	1665483195078	348	OK
REQUEST	1	ET_320_Respondent_Name	ET_320_005_Respondent_Name	1665483197660	1665483197762	OK	 
REQUEST	1	ET_320_Respondent_Name	ET_320_005_Respondent_Name Redirect 1	1665483197766	1665483198169	OK	 
GROUP	1	ET_320_Respondent_Name	1665483197657	1665483198324	650	OK
REQUEST	1	ET_330_Respondent_Address_LookUp	XUI_Common_000_PostcodeLookup	1665483200972	1665483201612	OK	 
GROUP	1	ET_330_Respondent_Address_LookUp	1665483200966	1665483201613	640	OK
REQUEST	1	ET_335_Respondent_Address_LookUp	ET_335_Respondent_Address_LookUp	1665483204819	1665483204935	OK	 
REQUEST	1	ET_335_Respondent_Address_LookUp	ET_335_Respondent_Address_LookUp Redirect 1	1665483204939	1665483205051	OK	 
GROUP	1	ET_335_Respondent_Address_LookUp	1665483204816	1665483205275	445	OK
REQUEST	1	ET_340_Work_At	ET_340_005_Work_At	1665483207288	1665483207370	OK	 
REQUEST	1	ET_340_Work_At	ET_340_005_Work_At Redirect 1	1665483207373	1665483207480	OK	 
GROUP	1	ET_340_Work_At	1665483207285	1665483207722	422	OK
REQUEST	1	ET_350_Respondent_Acas	ET_350_Respondent_Acas	1665483210587	1665483210712	OK	 
REQUEST	1	ET_350_Respondent_Acas	ET_350_Respondent_Acas Redirect 1	1665483210717	1665483210850	OK	 
GROUP	1	ET_350_Respondent_Acas	1665483210584	1665483210992	391	OK
REQUEST	1	ET_360_Respondent_Check	ET_360_005_Respondent_Check	1665483214758	1665483214889	OK	 
GROUP	1	ET_360_Respondent_Check	1665483214756	1665483215424	654	OK
REQUEST	1	ET_370_Respondent_Submit	ET_370_005_Respondent_Submit	1665483219307	1665483219420	OK	 
REQUEST	1	ET_370_Respondent_Submit	ET_370_005_Respondent_Submit Redirect 1	1665483219424	1665483219519	OK	 
GROUP	1	ET_370_Respondent_Submit	1665483219306	1665483219657	334	OK
REQUEST	1	ET_380_Claim_Details	ET_380_005_Claim_Details	1665483223608	1665483223739	OK	 
GROUP	1	ET_380_Claim_Details	1665483223606	1665483223932	302	OK
REQUEST	1	ET_390_Type_Of_Descrimination	ET_390_Type_Of_Descrimination	1665483226179	1665483226288	OK	 
REQUEST	1	ET_390_Type_Of_Descrimination	ET_390_Type_Of_Descrimination Redirect 1	1665483226291	1665483226494	OK	 
GROUP	1	ET_390_Type_Of_Descrimination	1665483226175	1665483226629	436	OK
REQUEST	1	ET_400_Describe_What_Happened	ET_400_005_Describe_What_Happened	1665483229580	1665483229703	OK	 
REQUEST	1	ET_400_Describe_What_Happened	ET_400_005_Describe_What_Happened Redirect 1	1665483229706	1665483229840	OK	 
GROUP	1	ET_400_Describe_What_Happened	1665483229576	1665483230098	510	OK
REQUEST	1	ET_410_Outcome_If_Successful	ET_410_005_Outcome_If_Successful	1665483233006	1665483233115	OK	 
REQUEST	1	ET_410_Outcome_If_Successful	ET_410_005_Outcome_If_Successful Redirect 1	1665483233125	1665483233298	OK	 
GROUP	1	ET_410_Outcome_If_Successful	1665483232996	1665483234018	997	OK
REQUEST	1	ET_420_Compensation	ET_420_005_Compensation	1665483236078	1665483236181	OK	 
REQUEST	1	ET_420_Compensation	ET_420_005_Compensation Redirect 1	1665483236184	1665483236319	OK	 
GROUP	1	ET_420_Compensation	1665483236075	1665483236463	377	OK
REQUEST	1	ET_430_Whistleblowing	ET_430_005_Whistleblowing	1665483239183	1665483239292	OK	 
REQUEST	1	ET_430_Whistleblowing	ET_430_005_Whistleblowing Redirect 1	1665483239294	1665483239482	OK	 
GROUP	1	ET_430_Whistleblowing	1665483239175	1665483239906	710	OK
REQUEST	1	ET_440_Claim_Section_Complete	ET_440_005_Claim_Section_Complete	1665483242898	1665483243044	OK	 
REQUEST	1	ET_440_Claim_Section_Complete	ET_440_005_Claim_Section_Complete Redirect 1	1665483243046	1665483243152	OK	 
GROUP	1	ET_440_Claim_Section_Complete	1665483242896	1665483243301	394	OK
REQUEST	1	ET_450_Final_Check_Answers	ET_450_005_Final_Check_Answers	1665483245541	1665483245666	OK	 
GROUP	1	ET_450_Final_Check_Answers	1665483245536	1665483246150	598	OK
REQUEST	1	ET_460_Final_Check_Submit	ET_460_005_Final_Check_Submit	1665483249399	1665483261154	OK	 
REQUEST	1	ET_460_Final_Check_Submit	ET_460_005_Final_Check_Submit Redirect 1	1665483261157	1665483261425	OK	 
GROUP	1	ET_460_Final_Check_Submit	1665483249397	1665483261564	12153	OK
USER	ETCreateClaim	1	END	1665483077281	1665483265547
