RUN	simulations.ET_Simulation	et-simulation	1665648950412	 	3.3.1
USER	ETCreateClaim	1	START	1665648951308	1665648951308
REQUEST	1	ET_010_Home	ET_010_005_Home	1665648951341	1665648951495	OK	 
GROUP	1	ET_010_Home	1665648951317	1665648951958	532	OK
REQUEST	1	ET_020_Start	ET_020_005_Start	1665648957611	1665648957689	OK	 
GROUP	1	ET_020_Start	1665648957604	1665648957813	165	OK
REQUEST	1	ET_030_Before_You_Continue	ET_030_005_Before_You_Continue	1665648963399	1665648963516	OK	 
GROUP	1	ET_030_Before_You_Continue	1665648963393	1665648963723	263	OK
REQUEST	1	ET_040_Work_Postcode	ET_040_005_Work_Postcode	1665648969596	1665648969650	OK	 
REQUEST	1	ET_040_Work_Postcode	ET_040_005_Work_Postcode Redirect 1	1665648969656	1665648969746	OK	 
GROUP	1	ET_040_Work_Postcode	1665648969581	1665648969974	361	OK
REQUEST	1	ET_050_Claim_Yourself	ET_050_005_Claim_Yourself	1665648974105	1665648974170	OK	 
REQUEST	1	ET_050_Claim_Yourself	ET_050_005_Claim_Yourself Redirect 1	1665648974172	1665648974235	OK	 
GROUP	1	ET_050_Claim_Yourself	1665648974102	1665648974337	207	OK
REQUEST	1	ET_060_Claim_Own_Or_Others	ET_060_005_Claim_Own_Or_Others	1665648979673	1665648979747	OK	 
REQUEST	1	ET_060_Claim_Own_Or_Others	ET_060_005_Claim_Own_Or_Others Redirect 1	1665648979752	1665648979867	OK	 
GROUP	1	ET_060_Claim_Own_Or_Others	1665648979664	1665648979986	300	OK
REQUEST	1	ET_070_ACAS_Certificate	ET_070_005_ACAS_Certificate	1665648986649	1665648986704	OK	 
REQUEST	1	ET_070_ACAS_Certificate	ET_070_005_ACAS_Certificate Redirect 1	1665648986706	1665648986838	OK	 
GROUP	1	ET_070_ACAS_Certificate	1665648986643	1665648986930	276	OK
REQUEST	1	ET_080_Representative	ET_080_005_Representative	1665648993434	1665648993492	OK	 
REQUEST	1	ET_080_Representative	ET_080_005_Representative Redirect 1	1665648993499	1665648993557	OK	 
REQUEST	1	ET_080_Representative	ET_080_005_Representative Redirect 2	1665648993561	1665648993637	OK	 
REQUEST	1	ET_080_Representative	ET_080_005_Representative Redirect 3	1665648993638	1665648993830	OK	 
GROUP	1	ET_080_Representative	1665648993432	1665648994695	1192	OK
REQUEST	1	ET_090_Log_In	ET_090_005_Log_In	1665648999855	1665649000209	OK	 
REQUEST	1	ET_090_Log_In	ET_090_005_Log_In Redirect 1	1665649000216	1665649004505	OK	 
REQUEST	1	ET_090_Log_In	ET_090_005_Log_In Redirect 2	1665649004509	1665649004589	OK	 
GROUP	1	ET_090_Log_In	1665648999852	1665649004722	4841	OK
REQUEST	1	ET_100_One_Go	ET_100_005_One_Go	1665649009638	1665649009758	OK	 
GROUP	1	ET_100_One_Go	1665649009632	1665649009855	207	OK
REQUEST	1	ET_110_Personal_Details	ET_110_005_Personal_Details	1665649015118	1665649015222	OK	 
GROUP	1	ET_110_Personal_Details	1665649015112	1665649015321	187	OK
REQUEST	1	ET_120_DoB	ET_120_005_DoB	1665649022317	1665649022375	OK	 
REQUEST	1	ET_120_DoB	ET_120_005_DoB Redirect 1	1665649022377	1665649022429	OK	 
GROUP	1	ET_120_DoB	1665649022312	1665649022531	197	OK
REQUEST	1	ET_130_Sex	ET_130_005_Sex	1665649028508	1665649028549	OK	 
REQUEST	1	ET_130_Sex	ET_130_005_Sex Redirect 1	1665649028554	1665649028654	OK	 
GROUP	1	ET_130_Sex	1665649028503	1665649028740	216	OK
REQUEST	1	ET_140_Your_Address_LookUp	XUI_Common_000_PostcodeLookup	1665649033586	1665649034202	OK	 
GROUP	1	ET_140_Your_Address_LookUp	1665649033581	1665649034209	616	OK
REQUEST	1	ET_145_Your_Address_Select	ET_145_005_Your_Address_Select	1665649038579	1665649038618	OK	 
REQUEST	1	ET_145_Your_Address_Select	ET_145_005_Your_Address_Select Redirect 1	1665649038624	1665649038702	OK	 
GROUP	1	ET_145_Your_Address_Select	1665649038573	1665649038786	193	OK
REQUEST	1	ET_150_Telephone_Number	ET_150_005_Telephone_Number	1665649043708	1665649043756	OK	 
REQUEST	1	ET_150_Telephone_Number	ET_150_005_Telephone_Number Redirect 1	1665649043761	1665649043857	OK	 
GROUP	1	ET_150_Telephone_Number	1665649043703	1665649043955	233	OK
REQUEST	1	ET_160_Contact_Method	ET_160_005_Contact_Method	1665649049499	1665649049558	OK	 
REQUEST	1	ET_160_Contact_Method	ET_160_005_Contact_Method Redirect 1	1665649049565	1665649049661	OK	 
GROUP	1	ET_160_Contact_Method	1665649049490	1665649049751	233	OK
REQUEST	1	ET_170_Hearing_Participation	ET_170_005_Hearing_Participation	1665649054435	1665649054481	OK	 
REQUEST	1	ET_170_Hearing_Participation	ET_170_005_Hearing_Participation Redirect 1	1665649054483	1665649054585	OK	 
GROUP	1	ET_170_Hearing_Participation	1665649054431	1665649054794	346	OK
REQUEST	1	ET_180_Need_Support	ET_180_005_Need_Support	1665649061193	1665649061242	OK	 
REQUEST	1	ET_180_Need_Support	ET_180_005_Need_Support Redirect 1	1665649061245	1665649061322	OK	 
GROUP	1	ET_180_Need_Support	1665649061182	1665649061413	207	OK
REQUEST	1	ET_190_Contact_Completed	ET_190_005_Contact_Completed	1665649065834	1665649065870	OK	 
REQUEST	1	ET_190_Contact_Completed	ET_190_005_Contact_Completed Redirect 1	1665649065871	1665649065957	OK	 
GROUP	1	ET_190_Contact_Completed	1665649065832	1665649066052	206	OK
REQUEST	1	ET_200_Employment_Status	ET_200_005_Employment_Status	1665649072225	1665649072313	OK	 
GROUP	1	ET_200_Employment_Status	1665649072222	1665649072421	182	OK
REQUEST	1	ET_210_Work_For_Org	ET_210_005_Work_For_Organisation	1665649077068	1665649077110	OK	 
REQUEST	1	ET_210_Work_For_Org	ET_210_005_Work_For_Organisation Redirect 1	1665649077115	1665649077169	OK	 
GROUP	1	ET_210_Work_For_Org	1665649077062	1665649077270	183	OK
REQUEST	1	ET_220_Still_Work_For_Org	ET_220_005_Still_Work_For_Org	1665649081674	1665649081714	OK	 
REQUEST	1	ET_220_Still_Work_For_Org	ET_220_005_Still_Work_For_Org Redirect 1	1665649081720	1665649081807	OK	 
GROUP	1	ET_220_Still_Work_For_Org	1665649081671	1665649081891	202	OK
REQUEST	1	ET_230_Employment_Details	ET_230_005_Employment_Details	1665649087689	1665649087739	OK	 
REQUEST	1	ET_230_Employment_Details	ET_230_005_Employment_Details Redirect 1	1665649087743	1665649087832	OK	 
GROUP	1	ET_230_Employment_Details	1665649087681	1665649087925	221	OK
REQUEST	1	ET_240_Start_Date	ET_240_005_Start_Date	1665649092497	1665649092541	OK	 
REQUEST	1	ET_240_Start_Date	ET_240_005_Start_Date Redirect 1	1665649092547	1665649092639	OK	 
GROUP	1	ET_240_Start_Date	1665649092491	1665649092732	216	OK
REQUEST	1	ET_250_Notice_End	ET_250_005_Notice_End	1665649097105	1665649097152	OK	 
REQUEST	1	ET_250_Notice_End	ET_250_005_Notice_End Redirect 1	1665649097156	1665649097218	OK	 
GROUP	1	ET_250_Notice_End	1665649097101	1665649097337	213	OK
REQUEST	1	ET_260_Weeks_Or_Months	ET_260_005_Weeks_Or_Months	1665649102172	1665649102215	OK	 
REQUEST	1	ET_260_Weeks_Or_Months	ET_260_005_Weeks_Or_Months Redirect 1	1665649102219	1665649102612	OK	 
GROUP	1	ET_260_Weeks_Or_Months	1665649102162	1665649102726	538	OK
REQUEST	1	ET_270_Number_Of_Months	ET_270_005_Number_Of_Months	1665649109565	1665649109605	OK	 
REQUEST	1	ET_270_Number_Of_Months	ET_270_005_Number_Of_Months Redirect 1	1665649109607	1665649109679	OK	 
GROUP	1	ET_270_Number_Of_Months	1665649109561	1665649109895	315	OK
REQUEST	1	ET_280_Weekly_Hours	ET_280_005_Weekly_Hours	1665649114634	1665649114722	OK	 
REQUEST	1	ET_280_Weekly_Hours	ET_280_005_Weekly_Hours Redirect 1	1665649114727	1665649114824	OK	 
GROUP	1	ET_280_Weekly_Hours	1665649114631	1665649114918	273	OK
REQUEST	1	ET_290_Your_Pay	ET_290_005_Your_Pay	1665649120354	1665649120400	OK	 
REQUEST	1	ET_290_Your_Pay	ET_290_005_Your_Pay Redirect 1	1665649120402	1665649120481	OK	 
GROUP	1	ET_290_Your_Pay	1665649120352	1665649120591	226	OK
REQUEST	1	ET_300_Pension_Contributions	ET_300_005_Pension_Contributions	1665649125227	1665649125265	OK	 
REQUEST	1	ET_300_Pension_Contributions	ET_300_005_Pension_Contributions Redirect 1	1665649125267	1665649125365	OK	 
GROUP	1	ET_300_Pension_Contributions	1665649125220	1665649125452	217	OK
REQUEST	1	ET_310_Employee_Benefits	ET_310_005_Employee_Benefits	1665649130249	1665649130288	OK	 
REQUEST	1	ET_310_Employee_Benefits	ET_310_005_Employee_Benefits Redirect 1	1665649130290	1665649130351	OK	 
GROUP	1	ET_310_Employee_Benefits	1665649130242	1665649130444	188	OK
REQUEST	1	ET_310_Employee_Benefits	ET_310_005_Employee_Benefits	1665649135878	1665649135917	OK	 
REQUEST	1	ET_310_Employee_Benefits	ET_310_005_Employee_Benefits Redirect 1	1665649135920	1665649136003	OK	 
GROUP	1	ET_310_Employee_Benefits	1665649135875	1665649136083	197	OK
REQUEST	1	ET_320_Respondent_Name	ET_320_005_Respondent_Name	1665649142802	1665649142848	OK	 
REQUEST	1	ET_320_Respondent_Name	ET_320_005_Respondent_Name Redirect 1	1665649142849	1665649143029	OK	 
GROUP	1	ET_320_Respondent_Name	1665649142800	1665649143142	333	OK
REQUEST	1	ET_330_Respondent_Address_LookUp	XUI_Common_000_PostcodeLookup	1665649147539	1665649148178	OK	 
GROUP	1	ET_330_Respondent_Address_LookUp	1665649147531	1665649148182	639	OK
REQUEST	1	ET_335_Respondent_Address_LookUp	ET_335_Respondent_Address_LookUp	1665649152645	1665649152692	OK	 
REQUEST	1	ET_335_Respondent_Address_LookUp	ET_335_Respondent_Address_LookUp Redirect 1	1665649152695	1665649152783	OK	 
GROUP	1	ET_335_Respondent_Address_LookUp	1665649152642	1665649152877	214	OK
REQUEST	1	ET_340_Work_At	ET_340_005_Work_At	1665649158231	1665649158283	OK	 
REQUEST	1	ET_340_Work_At	ET_340_005_Work_At Redirect 1	1665649158292	1665649158447	OK	 
GROUP	1	ET_340_Work_At	1665649158222	1665649158561	299	OK
REQUEST	1	ET_350_Respondent_Acas	ET_350_Respondent_Acas	1665649165315	1665649165380	OK	 
REQUEST	1	ET_350_Respondent_Acas	ET_350_Respondent_Acas Redirect 1	1665649165383	1665649165495	OK	 
GROUP	1	ET_350_Respondent_Acas	1665649165312	1665649165601	269	OK
REQUEST	1	ET_360_Respondent_Check	ET_360_005_Respondent_Check	1665649170812	1665649170876	OK	 
GROUP	1	ET_360_Respondent_Check	1665649170812	1665649171078	250	OK
REQUEST	1	ET_370_Respondent_Submit	ET_370_005_Respondent_Submit	1665649176090	1665649176138	OK	 
REQUEST	1	ET_370_Respondent_Submit	ET_370_005_Respondent_Submit Redirect 1	1665649176142	1665649176242	OK	 
GROUP	1	ET_370_Respondent_Submit	1665649176083	1665649176338	228	OK
REQUEST	1	ET_380_Claim_Details	ET_380_005_Claim_Details	1665649183063	1665649183208	OK	 
GROUP	1	ET_380_Claim_Details	1665649183062	1665649183333	226	OK
REQUEST	1	ET_390_Type_Of_Descrimination	ET_390_Type_Of_Descrimination	1665649190145	1665649190186	OK	 
REQUEST	1	ET_390_Type_Of_Descrimination	ET_390_Type_Of_Descrimination Redirect 1	1665649190193	1665649190305	OK	 
GROUP	1	ET_390_Type_Of_Descrimination	1665649190141	1665649190402	231	OK
REQUEST	1	ET_400_Describe_What_Happened	ET_400_005_Describe_What_Happened	1665649196075	1665649196120	OK	 
REQUEST	1	ET_400_Describe_What_Happened	ET_400_005_Describe_What_Happened Redirect 1	1665649196123	1665649196209	OK	 
GROUP	1	ET_400_Describe_What_Happened	1665649196072	1665649196312	217	OK
REQUEST	1	ET_410_Outcome_If_Successful	ET_410_005_Outcome_If_Successful	1665649201325	1665649201376	OK	 
REQUEST	1	ET_410_Outcome_If_Successful	ET_410_005_Outcome_If_Successful Redirect 1	1665649201398	1665649201461	OK	 
GROUP	1	ET_410_Outcome_If_Successful	1665649201322	1665649201571	220	OK
REQUEST	1	ET_420_Compensation	ET_420_005_Compensation	1665649206207	1665649206266	OK	 
REQUEST	1	ET_420_Compensation	ET_420_005_Compensation Redirect 1	1665649206279	1665649206364	OK	 
GROUP	1	ET_420_Compensation	1665649206201	1665649206536	304	OK
REQUEST	1	ET_430_Whistleblowing	ET_430_005_Whistleblowing	1665649211354	1665649211399	OK	 
REQUEST	1	ET_430_Whistleblowing	ET_430_005_Whistleblowing Redirect 1	1665649211400	1665649211456	OK	 
GROUP	1	ET_430_Whistleblowing	1665649211352	1665649211595	235	OK
REQUEST	1	ET_440_Claim_Section_Complete	ET_440_005_Claim_Section_Complete	1665649218406	1665649218445	OK	 
REQUEST	1	ET_440_Claim_Section_Complete	ET_440_005_Claim_Section_Complete Redirect 1	1665649218447	1665649218532	OK	 
GROUP	1	ET_440_Claim_Section_Complete	1665649218401	1665649218626	202	OK
REQUEST	1	ET_450_Final_Check_Answers	ET_450_005_Final_Check_Answers	1665649225484	1665649225624	OK	 
GROUP	1	ET_450_Final_Check_Answers	1665649225481	1665649225772	275	OK
REQUEST	1	ET_460_Final_Check_Submit	ET_460_005_Final_Check_Submit	1665649230348	1665649239832	OK	 
REQUEST	1	ET_460_Final_Check_Submit	ET_460_005_Final_Check_Submit Redirect 1	1665649239836	1665649239912	OK	 
GROUP	1	ET_460_Final_Check_Submit	1665649230345	1665649240018	9642	OK
REQUEST	1	ET_470_Log_Out	ET_470_005_Log_Out	1665649244478	1665649244534	OK	 
REQUEST	1	ET_470_Log_Out	ET_470_005_Log_Out Redirect 1	1665649244538	1665649244609	OK	 
REQUEST	1	ET_470_Log_Out	ET_470_005_Log_Out Redirect 2	1665649244611	1665649244691	OK	 
REQUEST	1	ET_470_Log_Out	ET_470_005_Log_Out Redirect 3	1665649244696	1665649244833	OK	 
GROUP	1	ET_470_Log_Out	1665649244472	1665649245109	605	OK
REQUEST	1	ET_010_Home	ET_010_005_Home	1665649250756	1665649250840	OK	 
GROUP	1	ET_010_Home	1665649250753	1665649251129	369	OK
REQUEST	1	ET_020_Start	ET_020_005_Start	1665649255498	1665649255551	OK	 
GROUP	1	ET_020_Start	1665649255491	1665649255655	153	OK
REQUEST	1	ET_030_Before_You_Continue	ET_030_005_Before_You_Continue	1665649261442	1665649261513	OK	 
GROUP	1	ET_030_Before_You_Continue	1665649261441	1665649261594	147	OK
REQUEST	1	ET_040_Work_Postcode	ET_040_005_Work_Postcode	1665649266574	1665649266608	OK	 
REQUEST	1	ET_040_Work_Postcode	ET_040_005_Work_Postcode Redirect 1	1665649266610	1665649266690	OK	 
GROUP	1	ET_040_Work_Postcode	1665649266571	1665649266992	413	OK
REQUEST	1	ET_050_Claim_Yourself	ET_050_005_Claim_Yourself	1665649272434	1665649272474	OK	 
REQUEST	1	ET_050_Claim_Yourself	ET_050_005_Claim_Yourself Redirect 1	1665649272476	1665649272563	OK	 
GROUP	1	ET_050_Claim_Yourself	1665649272431	1665649272662	222	OK
REQUEST	1	ET_060_Claim_Own_Or_Others	ET_060_005_Claim_Own_Or_Others	1665649279585	1665649279630	OK	 
REQUEST	1	ET_060_Claim_Own_Or_Others	ET_060_005_Claim_Own_Or_Others Redirect 1	1665649279632	1665649279712	OK	 
GROUP	1	ET_060_Claim_Own_Or_Others	1665649279583	1665649279841	251	OK
REQUEST	1	ET_070_ACAS_Certificate	ET_070_005_ACAS_Certificate	1665649285894	1665649285936	OK	 
REQUEST	1	ET_070_ACAS_Certificate	ET_070_005_ACAS_Certificate Redirect 1	1665649285941	1665649286029	OK	 
GROUP	1	ET_070_ACAS_Certificate	1665649285891	1665649286140	238	OK
REQUEST	1	ET_080_Representative	ET_080_005_Representative	1665649290304	1665649290370	OK	 
REQUEST	1	ET_080_Representative	ET_080_005_Representative Redirect 1	1665649290373	1665649290420	OK	 
REQUEST	1	ET_080_Representative	ET_080_005_Representative Redirect 2	1665649290424	1665649290487	OK	 
REQUEST	1	ET_080_Representative	ET_080_005_Representative Redirect 3	1665649290490	1665649290553	OK	 
GROUP	1	ET_080_Representative	1665649290300	1665649290756	430	OK
REQUEST	1	ET_090_Log_In	ET_090_005_Log_In	1665649297366	1665649297992	OK	 
REQUEST	1	ET_090_Log_In	ET_090_005_Log_In Redirect 1	1665649297996	1665649302088	OK	 
REQUEST	1	ET_090_Log_In	ET_090_005_Log_In Redirect 2	1665649302093	1665649302169	OK	 
GROUP	1	ET_090_Log_In	1665649297361	1665649302253	4874	OK
REQUEST	1	ET_100_One_Go	ET_100_005_One_Go	1665649308806	1665649308915	OK	 
GROUP	1	ET_100_One_Go	1665649308802	1665649309054	234	OK
REQUEST	1	ET_110_Personal_Details	ET_110_005_Personal_Details	1665649315486	1665649315567	OK	 
GROUP	1	ET_110_Personal_Details	1665649315481	1665649315668	171	OK
REQUEST	1	ET_120_DoB	ET_120_005_DoB	1665649320177	1665649320222	OK	 
REQUEST	1	ET_120_DoB	ET_120_005_DoB Redirect 1	1665649320224	1665649320288	OK	 
GROUP	1	ET_120_DoB	1665649320172	1665649320411	228	OK
REQUEST	1	ET_130_Sex	ET_130_005_Sex	1665649326957	1665649326992	OK	 
REQUEST	1	ET_130_Sex	ET_130_005_Sex Redirect 1	1665649326993	1665649327093	OK	 
GROUP	1	ET_130_Sex	1665649326952	1665649327180	217	OK
REQUEST	1	ET_140_Your_Address_LookUp	XUI_Common_000_PostcodeLookup	1665649334017	1665649334653	OK	 
GROUP	1	ET_140_Your_Address_LookUp	1665649334012	1665649334656	636	OK
REQUEST	1	ET_145_Your_Address_Select	ET_145_005_Your_Address_Select	1665649339116	1665649339157	OK	 
REQUEST	1	ET_145_Your_Address_Select	ET_145_005_Your_Address_Select Redirect 1	1665649339161	1665649339254	OK	 
GROUP	1	ET_145_Your_Address_Select	1665649339113	1665649339330	209	OK
REQUEST	1	ET_150_Telephone_Number	ET_150_005_Telephone_Number	1665649345304	1665649345354	OK	 
REQUEST	1	ET_150_Telephone_Number	ET_150_005_Telephone_Number Redirect 1	1665649345356	1665649345416	OK	 
GROUP	1	ET_150_Telephone_Number	1665649345301	1665649345503	191	OK
REQUEST	1	ET_160_Contact_Method	ET_160_005_Contact_Method	1665649351014	1665649351052	OK	 
REQUEST	1	ET_160_Contact_Method	ET_160_005_Contact_Method Redirect 1	1665649351053	1665649351127	OK	 
GROUP	1	ET_160_Contact_Method	1665649351012	1665649351216	196	OK
REQUEST	1	ET_170_Hearing_Participation	ET_170_005_Hearing_Participation	1665649355966	1665649356005	OK	 
REQUEST	1	ET_170_Hearing_Participation	ET_170_005_Hearing_Participation Redirect 1	1665649356009	1665649356064	OK	 
GROUP	1	ET_170_Hearing_Participation	1665649355960	1665649356147	173	OK
REQUEST	1	ET_180_Need_Support	ET_180_005_Need_Support	1665649362465	1665649362504	OK	 
REQUEST	1	ET_180_Need_Support	ET_180_005_Need_Support Redirect 1	1665649362508	1665649362586	OK	 
GROUP	1	ET_180_Need_Support	1665649362461	1665649362715	241	OK
REQUEST	1	ET_190_Contact_Completed	ET_190_005_Contact_Completed	1665649369355	1665649369406	OK	 
REQUEST	1	ET_190_Contact_Completed	ET_190_005_Contact_Completed Redirect 1	1665649369409	1665649370313	OK	 
GROUP	1	ET_190_Contact_Completed	1665649369353	1665649370479	1109	OK
REQUEST	1	ET_200_Employment_Status	ET_200_005_Employment_Status	1665649377330	1665649377439	OK	 
GROUP	1	ET_200_Employment_Status	1665649377328	1665649377533	194	OK
REQUEST	1	ET_210_Work_For_Org	ET_210_005_Work_For_Organisation	1665649382874	1665649382909	OK	 
REQUEST	1	ET_210_Work_For_Org	ET_210_005_Work_For_Organisation Redirect 1	1665649382911	1665649382959	OK	 
GROUP	1	ET_210_Work_For_Org	1665649382871	1665649383040	161	OK
REQUEST	1	ET_220_Still_Work_For_Org	ET_220_005_Still_Work_For_Org	1665649390001	1665649390052	OK	 
REQUEST	1	ET_220_Still_Work_For_Org	ET_220_005_Still_Work_For_Org Redirect 1	1665649390054	1665649390128	OK	 
GROUP	1	ET_220_Still_Work_For_Org	1665649389993	1665649390214	208	OK
REQUEST	1	ET_230_Employment_Details	ET_230_005_Employment_Details	1665649394995	1665649395044	OK	 
REQUEST	1	ET_230_Employment_Details	ET_230_005_Employment_Details Redirect 1	1665649395047	1665649395120	OK	 
GROUP	1	ET_230_Employment_Details	1665649394992	1665649395239	229	OK
REQUEST	1	ET_240_Start_Date	ET_240_005_Start_Date	1665649400123	1665649400167	OK	 
REQUEST	1	ET_240_Start_Date	ET_240_005_Start_Date Redirect 1	1665649400178	1665649400282	OK	 
GROUP	1	ET_240_Start_Date	1665649400120	1665649400357	221	OK
REQUEST	1	ET_250_Notice_End	ET_250_005_Notice_End	1665649406966	1665649407018	OK	 
REQUEST	1	ET_250_Notice_End	ET_250_005_Notice_End Redirect 1	1665649407029	1665649407099	OK	 
GROUP	1	ET_250_Notice_End	1665649406962	1665649407192	207	OK
REQUEST	1	ET_260_Weeks_Or_Months	ET_260_005_Weeks_Or_Months	1665649412705	1665649412761	OK	 
REQUEST	1	ET_260_Weeks_Or_Months	ET_260_005_Weeks_Or_Months Redirect 1	1665649412761	1665649412829	OK	 
GROUP	1	ET_260_Weeks_Or_Months	1665649412702	1665649413030	317	OK
REQUEST	1	ET_270_Number_Of_Months	ET_270_005_Number_Of_Months	1665649417054	1665649417094	OK	 
REQUEST	1	ET_270_Number_Of_Months	ET_270_005_Number_Of_Months Redirect 1	1665649417098	1665649417218	OK	 
GROUP	1	ET_270_Number_Of_Months	1665649417051	1665649417298	238	OK
REQUEST	1	ET_280_Weekly_Hours	ET_280_005_Weekly_Hours	1665649422964	1665649423004	OK	 
REQUEST	1	ET_280_Weekly_Hours	ET_280_005_Weekly_Hours Redirect 1	1665649423008	1665649423100	OK	 
GROUP	1	ET_280_Weekly_Hours	1665649422961	1665649423181	210	OK
REQUEST	1	ET_290_Your_Pay	ET_290_005_Your_Pay	1665649429525	1665649429566	OK	 
REQUEST	1	ET_290_Your_Pay	ET_290_005_Your_Pay Redirect 1	1665649429569	1665649429657	OK	 
GROUP	1	ET_290_Your_Pay	1665649429522	1665649429734	203	OK
REQUEST	1	ET_300_Pension_Contributions	ET_300_005_Pension_Contributions	1665649436024	1665649436061	OK	 
REQUEST	1	ET_300_Pension_Contributions	ET_300_005_Pension_Contributions Redirect 1	1665649436063	1665649436205	OK	 
GROUP	1	ET_300_Pension_Contributions	1665649436022	1665649436299	266	OK
REQUEST	1	ET_310_Employee_Benefits	ET_310_005_Employee_Benefits	1665649440898	1665649440938	OK	 
REQUEST	1	ET_310_Employee_Benefits	ET_310_005_Employee_Benefits Redirect 1	1665649440944	1665649440999	OK	 
GROUP	1	ET_310_Employee_Benefits	1665649440895	1665649441109	202	OK
REQUEST	1	ET_310_Employee_Benefits	ET_310_005_Employee_Benefits	1665649445445	1665649445485	OK	 
REQUEST	1	ET_310_Employee_Benefits	ET_310_005_Employee_Benefits Redirect 1	1665649445488	1665649445567	OK	 
GROUP	1	ET_310_Employee_Benefits	1665649445441	1665649445651	199	OK
REQUEST	1	ET_320_Respondent_Name	ET_320_005_Respondent_Name	1665649451372	1665649451413	OK	 
REQUEST	1	ET_320_Respondent_Name	ET_320_005_Respondent_Name Redirect 1	1665649451415	1665649451478	OK	 
GROUP	1	ET_320_Respondent_Name	1665649451362	1665649451554	177	OK
REQUEST	1	ET_330_Respondent_Address_LookUp	XUI_Common_000_PostcodeLookup	1665649455637	1665649456305	OK	 
GROUP	1	ET_330_Respondent_Address_LookUp	1665649455631	1665649456306	668	OK
REQUEST	1	ET_335_Respondent_Address_LookUp	ET_335_Respondent_Address_LookUp	1665649460948	1665649460988	OK	 
REQUEST	1	ET_335_Respondent_Address_LookUp	ET_335_Respondent_Address_LookUp Redirect 1	1665649460991	1665649461119	OK	 
GROUP	1	ET_335_Respondent_Address_LookUp	1665649460942	1665649461205	247	OK
REQUEST	1	ET_340_Work_At	ET_340_005_Work_At	1665649466926	1665649466974	OK	 
REQUEST	1	ET_340_Work_At	ET_340_005_Work_At Redirect 1	1665649466977	1665649467049	OK	 
GROUP	1	ET_340_Work_At	1665649466922	1665649467220	286	OK
REQUEST	1	ET_350_Respondent_Acas	ET_350_Respondent_Acas	1665649473614	1665649473660	OK	 
REQUEST	1	ET_350_Respondent_Acas	ET_350_Respondent_Acas Redirect 1	1665649473662	1665649473741	OK	 
GROUP	1	ET_350_Respondent_Acas	1665649473610	1665649473823	203	OK
REQUEST	1	ET_360_Respondent_Check	ET_360_005_Respondent_Check	1665649478656	1665649479169	OK	 
GROUP	1	ET_360_Respondent_Check	1665649478651	1665649479318	656	OK
REQUEST	1	ET_370_Respondent_Submit	ET_370_005_Respondent_Submit	1665649484913	1665649484951	OK	 
REQUEST	1	ET_370_Respondent_Submit	ET_370_005_Respondent_Submit Redirect 1	1665649484952	1665649485020	OK	 
GROUP	1	ET_370_Respondent_Submit	1665649484912	1665649485134	215	OK
REQUEST	1	ET_380_Claim_Details	ET_380_005_Claim_Details	1665649491144	1665649491200	OK	 
GROUP	1	ET_380_Claim_Details	1665649491142	1665649491284	131	OK
REQUEST	1	ET_390_Type_Of_Descrimination	ET_390_Type_Of_Descrimination	1665649495433	1665649495469	OK	 
REQUEST	1	ET_390_Type_Of_Descrimination	ET_390_Type_Of_Descrimination Redirect 1	1665649495472	1665649495570	OK	 
GROUP	1	ET_390_Type_Of_Descrimination	1665649495432	1665649495686	243	OK
REQUEST	1	ET_400_Describe_What_Happened	ET_400_005_Describe_What_Happened	1665649500684	1665649500741	OK	 
REQUEST	1	ET_400_Describe_What_Happened	ET_400_005_Describe_What_Happened Redirect 1	1665649500743	1665649500813	OK	 
GROUP	1	ET_400_Describe_What_Happened	1665649500681	1665649500895	206	OK
REQUEST	1	ET_410_Outcome_If_Successful	ET_410_005_Outcome_If_Successful	1665649507423	1665649507474	OK	 
REQUEST	1	ET_410_Outcome_If_Successful	ET_410_005_Outcome_If_Successful Redirect 1	1665649507476	1665649507565	OK	 
GROUP	1	ET_410_Outcome_If_Successful	1665649507422	1665649507651	223	OK
REQUEST	1	ET_420_Compensation	ET_420_005_Compensation	1665649513906	1665649513944	OK	 
REQUEST	1	ET_420_Compensation	ET_420_005_Compensation Redirect 1	1665649513949	1665649514016	OK	 
GROUP	1	ET_420_Compensation	1665649513901	1665649514132	215	OK
REQUEST	1	ET_430_Whistleblowing	ET_430_005_Whistleblowing	1665649519453	1665649519488	OK	 
REQUEST	1	ET_430_Whistleblowing	ET_430_005_Whistleblowing Redirect 1	1665649519492	1665649519580	OK	 
GROUP	1	ET_430_Whistleblowing	1665649519450	1665649519657	196	OK
REQUEST	1	ET_440_Claim_Section_Complete	ET_440_005_Claim_Section_Complete	1665649525474	1665649525513	OK	 
REQUEST	1	ET_440_Claim_Section_Complete	ET_440_005_Claim_Section_Complete Redirect 1	1665649525516	1665649525572	OK	 
GROUP	1	ET_440_Claim_Section_Complete	1665649525471	1665649525737	253	OK
REQUEST	1	ET_450_Final_Check_Answers	ET_450_005_Final_Check_Answers	1665649532085	1665649532163	OK	 
GROUP	1	ET_450_Final_Check_Answers	1665649532080	1665649532263	164	OK
REQUEST	1	ET_460_Final_Check_Submit	ET_460_005_Final_Check_Submit	1665649537179	1665649547854	OK	 
REQUEST	1	ET_460_Final_Check_Submit	ET_460_005_Final_Check_Submit Redirect 1	1665649547860	1665649548061	OK	 
GROUP	1	ET_460_Final_Check_Submit	1665649537172	1665649548144	10950	OK
REQUEST	1	ET_470_Log_Out	ET_470_005_Log_Out	1665649553034	1665649553109	OK	 
REQUEST	1	ET_470_Log_Out	ET_470_005_Log_Out Redirect 1	1665649553112	1665649553149	OK	 
REQUEST	1	ET_470_Log_Out	ET_470_005_Log_Out Redirect 2	1665649553150	1665649553244	OK	 
REQUEST	1	ET_470_Log_Out	ET_470_005_Log_Out Redirect 3	1665649553246	1665649553420	OK	 
GROUP	1	ET_470_Log_Out	1665649553031	1665649553697	648	OK
USER	ETCreateClaim	1	END	1665648951308	1665649559314
