RUN	simulations.ET_Simulation	et-simulation	1665649875209	 	3.3.1
USER	ETCreateClaim	1	START	1665649876034	1665649876034
REQUEST	1	ET_010_Home	ET_010_005_Home	1665649876091	1665649876232	OK	 
GROUP	1	ET_010_Home	1665649876053	1665649876840	624	OK
REQUEST	1	ET_020_Start	ET_020_005_Start	1665649883249	1665649883344	OK	 
GROUP	1	ET_020_Start	1665649883242	1665649883477	176	OK
REQUEST	1	ET_030_Before_You_Continue	ET_030_005_Before_You_Continue	1665649889879	1665649889957	OK	 
GROUP	1	ET_030_Before_You_Continue	1665649889871	1665649890119	165	OK
REQUEST	1	ET_040_Work_Postcode	ET_040_005_Work_Postcode	1665649895907	1665649895945	OK	 
REQUEST	1	ET_040_Work_Postcode	ET_040_005_Work_Postcode Redirect 1	1665649895955	1665649896030	OK	 
GROUP	1	ET_040_Work_Postcode	1665649895882	1665649896415	477	OK
REQUEST	1	ET_050_Claim_Yourself	ET_050_005_Claim_Yourself	1665649903203	1665649903278	OK	 
REQUEST	1	ET_050_Claim_Yourself	ET_050_005_Claim_Yourself Redirect 1	1665649903280	1665649903334	OK	 
GROUP	1	ET_050_Claim_Yourself	1665649903200	1665649903450	211	OK
REQUEST	1	ET_060_Claim_Own_Or_Others	ET_060_005_Claim_Own_Or_Others	1665649909811	1665649909861	OK	 
REQUEST	1	ET_060_Claim_Own_Or_Others	ET_060_005_Claim_Own_Or_Others Redirect 1	1665649909864	1665649909922	OK	 
GROUP	1	ET_060_Claim_Own_Or_Others	1665649909803	1665649910016	191	OK
REQUEST	1	ET_070_ACAS_Certificate	ET_070_005_ACAS_Certificate	1665649915596	1665649915668	OK	 
REQUEST	1	ET_070_ACAS_Certificate	ET_070_005_ACAS_Certificate Redirect 1	1665649915670	1665649915763	OK	 
GROUP	1	ET_070_ACAS_Certificate	1665649915591	1665649915862	254	OK
REQUEST	1	ET_080_Representative	ET_080_005_Representative	1665649922748	1665649922801	OK	 
REQUEST	1	ET_080_Representative	ET_080_005_Representative Redirect 1	1665649922807	1665649922929	OK	 
REQUEST	1	ET_080_Representative	ET_080_005_Representative Redirect 2	1665649922932	1665649922980	OK	 
REQUEST	1	ET_080_Representative	ET_080_005_Representative Redirect 3	1665649922981	1665649924222	OK	 
GROUP	1	ET_080_Representative	1665649922742	1665649924620	1786	OK
REQUEST	1	ET_090_Log_In	ET_090_005_Log_In	1665649930169	1665649930820	OK	 
REQUEST	1	ET_090_Log_In	ET_090_005_Log_In Redirect 1	1665649930825	1665649934808	OK	 
REQUEST	1	ET_090_Log_In	ET_090_005_Log_In Redirect 2	1665649934812	1665649934883	OK	 
GROUP	1	ET_090_Log_In	1665649930161	1665649935037	4847	OK
REQUEST	1	ET_100_One_Go	ET_100_005_One_Go	1665649940638	1665649940761	OK	 
GROUP	1	ET_100_One_Go	1665649940632	1665649940867	216	OK
REQUEST	1	ET_110_Personal_Details	ET_110_005_Personal_Details	1665649946076	1665649946139	OK	 
GROUP	1	ET_110_Personal_Details	1665649946071	1665649946254	166	OK
REQUEST	1	ET_120_DoB	ET_120_005_DoB	1665649952840	1665649952889	OK	 
REQUEST	1	ET_120_DoB	ET_120_005_DoB Redirect 1	1665649952893	1665649952943	OK	 
GROUP	1	ET_120_DoB	1665649952830	1665649953035	179	OK
REQUEST	1	ET_130_Sex	ET_130_005_Sex	1665649957415	1665649957460	OK	 
REQUEST	1	ET_130_Sex	ET_130_005_Sex Redirect 1	1665649957462	1665649957745	OK	 
GROUP	1	ET_130_Sex	1665649957410	1665649957832	401	OK
REQUEST	1	ET_140_Your_Address_LookUp	XUI_Common_000_PostcodeLookup	1665649962516	1665649963273	OK	 
GROUP	1	ET_140_Your_Address_LookUp	1665649962512	1665649963278	757	OK
REQUEST	1	ET_145_Your_Address_Select	ET_145_005_Your_Address_Select	1665649969805	1665649969854	OK	 
REQUEST	1	ET_145_Your_Address_Select	ET_145_005_Your_Address_Select Redirect 1	1665649969859	1665649969909	OK	 
GROUP	1	ET_145_Your_Address_Select	1665649969802	1665649970011	194	OK
REQUEST	1	ET_150_Telephone_Number	ET_150_005_Telephone_Number	1665649976212	1665649976262	OK	 
REQUEST	1	ET_150_Telephone_Number	ET_150_005_Telephone_Number Redirect 1	1665649976265	1665649976380	OK	 
GROUP	1	ET_150_Telephone_Number	1665649976211	1665649976476	251	OK
REQUEST	1	ET_160_Contact_Method	ET_160_005_Contact_Method	1665649983140	1665649983187	OK	 
REQUEST	1	ET_160_Contact_Method	ET_160_005_Contact_Method Redirect 1	1665649983194	1665649983324	OK	 
GROUP	1	ET_160_Contact_Method	1665649983132	1665649983413	249	OK
REQUEST	1	ET_170_Hearing_Participation	ET_170_005_Hearing_Participation	1665649988220	1665649988269	OK	 
REQUEST	1	ET_170_Hearing_Participation	ET_170_005_Hearing_Participation Redirect 1	1665649988274	1665649988334	OK	 
GROUP	1	ET_170_Hearing_Participation	1665649988212	1665649988433	188	OK
REQUEST	1	ET_180_Need_Support	ET_180_005_Need_Support	1665649993493	1665649993537	OK	 
REQUEST	1	ET_180_Need_Support	ET_180_005_Need_Support Redirect 1	1665649993540	1665649993592	OK	 
GROUP	1	ET_180_Need_Support	1665649993481	1665649993691	177	OK
REQUEST	1	ET_190_Contact_Completed	ET_190_005_Contact_Completed	1665649999474	1665649999520	OK	 
REQUEST	1	ET_190_Contact_Completed	ET_190_005_Contact_Completed Redirect 1	1665649999524	1665649999593	OK	 
GROUP	1	ET_190_Contact_Completed	1665649999472	1665649999705	212	OK
REQUEST	1	ET_200_Employment_Status	ET_200_005_Employment_Status	1665650006084	1665650006162	OK	 
GROUP	1	ET_200_Employment_Status	1665650006077	1665650006280	174	OK
REQUEST	1	ET_210_Work_For_Org	ET_210_005_Work_For_Organisation	1665650012443	1665650012478	OK	 
REQUEST	1	ET_210_Work_For_Org	ET_210_005_Work_For_Organisation Redirect 1	1665650012481	1665650012543	OK	 
GROUP	1	ET_210_Work_For_Org	1665650012440	1665650012646	189	OK
REQUEST	1	ET_220_Still_Work_For_Org	ET_220_005_Still_Work_For_Org	1665650017973	1665650018025	OK	 
REQUEST	1	ET_220_Still_Work_For_Org	ET_220_005_Still_Work_For_Org Redirect 1	1665650018027	1665650018082	OK	 
GROUP	1	ET_220_Still_Work_For_Org	1665650017971	1665650018207	202	OK
REQUEST	1	ET_230_Employment_Details	ET_230_005_Employment_Details	1665650023447	1665650023500	OK	 
REQUEST	1	ET_230_Employment_Details	ET_230_005_Employment_Details Redirect 1	1665650023502	1665650023578	OK	 
GROUP	1	ET_230_Employment_Details	1665650023441	1665650023688	220	OK
REQUEST	1	ET_240_Start_Date	ET_240_005_Start_Date	1665650028671	1665650028719	OK	 
REQUEST	1	ET_240_Start_Date	ET_240_005_Start_Date Redirect 1	1665650028728	1665650028830	OK	 
GROUP	1	ET_240_Start_Date	1665650028661	1665650028932	233	OK
REQUEST	1	ET_250_Notice_End	ET_250_005_Notice_End	1665650034976	1665650035023	OK	 
REQUEST	1	ET_250_Notice_End	ET_250_005_Notice_End Redirect 1	1665650035040	1665650035374	OK	 
GROUP	1	ET_250_Notice_End	1665650034972	1665650035464	461	OK
REQUEST	1	ET_260_Weeks_Or_Months	ET_260_005_Weeks_Or_Months	1665650040908	1665650040951	OK	 
REQUEST	1	ET_260_Weeks_Or_Months	ET_260_005_Weeks_Or_Months Redirect 1	1665650040953	1665650041025	OK	 
GROUP	1	ET_260_Weeks_Or_Months	1665650040900	1665650041134	207	OK
REQUEST	1	ET_270_Number_Of_Months	ET_270_005_Number_Of_Months	1665650046872	1665650046905	OK	 
REQUEST	1	ET_270_Number_Of_Months	ET_270_005_Number_Of_Months Redirect 1	1665650046906	1665650046965	OK	 
GROUP	1	ET_270_Number_Of_Months	1665650046871	1665650047064	186	OK
REQUEST	1	ET_280_Weekly_Hours	ET_280_005_Weekly_Hours	1665650052647	1665650052701	OK	 
REQUEST	1	ET_280_Weekly_Hours	ET_280_005_Weekly_Hours Redirect 1	1665650052709	1665650052783	OK	 
GROUP	1	ET_280_Weekly_Hours	1665650052643	1665650052902	223	OK
REQUEST	1	ET_290_Your_Pay	ET_290_005_Your_Pay	1665650059046	1665650059087	OK	 
REQUEST	1	ET_290_Your_Pay	ET_290_005_Your_Pay Redirect 1	1665650059095	1665650059213	OK	 
GROUP	1	ET_290_Your_Pay	1665650059039	1665650059314	241	OK
REQUEST	1	ET_300_Pension_Contributions	ET_300_005_Pension_Contributions	1665650064374	1665650064431	OK	 
REQUEST	1	ET_300_Pension_Contributions	ET_300_005_Pension_Contributions Redirect 1	1665650064435	1665650064521	OK	 
GROUP	1	ET_300_Pension_Contributions	1665650064371	1665650064658	271	OK
REQUEST	1	ET_310_Employee_Benefits	ET_310_005_Employee_Benefits	1665650071166	1665650071206	OK	 
REQUEST	1	ET_310_Employee_Benefits	ET_310_005_Employee_Benefits Redirect 1	1665650071208	1665650071261	OK	 
GROUP	1	ET_310_Employee_Benefits	1665650071161	1665650071347	169	OK
REQUEST	1	ET_310_Employee_Benefits	ET_310_005_Employee_Benefits	1665650076033	1665650076073	OK	 
REQUEST	1	ET_310_Employee_Benefits	ET_310_005_Employee_Benefits Redirect 1	1665650076076	1665650076128	OK	 
GROUP	1	ET_310_Employee_Benefits	1665650076030	1665650076222	182	OK
REQUEST	1	ET_320_Respondent_Name	ET_320_005_Respondent_Name	1665650082414	1665650082464	OK	 
REQUEST	1	ET_320_Respondent_Name	ET_320_005_Respondent_Name Redirect 1	1665650082466	1665650082631	OK	 
GROUP	1	ET_320_Respondent_Name	1665650082411	1665650082728	299	OK
REQUEST	1	ET_330_Respondent_Address_LookUp	XUI_Common_000_PostcodeLookup	1665650087855	1665650088511	OK	 
GROUP	1	ET_330_Respondent_Address_LookUp	1665650087849	1665650088516	656	OK
REQUEST	1	ET_335_Respondent_Address_LookUp	ET_335_Respondent_Address_LookUp	1665650094497	1665650094540	OK	 
REQUEST	1	ET_335_Respondent_Address_LookUp	ET_335_Respondent_Address_LookUp Redirect 1	1665650094545	1665650094618	OK	 
GROUP	1	ET_335_Respondent_Address_LookUp	1665650094493	1665650094710	192	OK
REQUEST	1	ET_340_Work_At	ET_340_005_Work_At	1665650099662	1665650099701	OK	 
REQUEST	1	ET_340_Work_At	ET_340_005_Work_At Redirect 1	1665650099707	1665650099774	OK	 
GROUP	1	ET_340_Work_At	1665650099660	1665650099921	241	OK
REQUEST	1	ET_350_Respondent_Acas	ET_350_Respondent_Acas	1665650104132	1665650104187	OK	 
REQUEST	1	ET_350_Respondent_Acas	ET_350_Respondent_Acas Redirect 1	1665650104189	1665650104271	OK	 
GROUP	1	ET_350_Respondent_Acas	1665650104130	1665650104364	220	OK
REQUEST	1	ET_360_Respondent_Check	ET_360_005_Respondent_Check	1665650111345	1665650111402	OK	 
GROUP	1	ET_360_Respondent_Check	1665650111341	1665650111496	142	OK
REQUEST	1	ET_370_Respondent_Submit	ET_370_005_Respondent_Submit	1665650115983	1665650116033	OK	 
REQUEST	1	ET_370_Respondent_Submit	ET_370_005_Respondent_Submit Redirect 1	1665650116034	1665650116097	OK	 
GROUP	1	ET_370_Respondent_Submit	1665650115980	1665650116191	203	OK
REQUEST	1	ET_380_Claim_Details	ET_380_005_Claim_Details	1665650120356	1665650120439	OK	 
GROUP	1	ET_380_Claim_Details	1665650120351	1665650120542	172	OK
REQUEST	1	ET_390_Type_Of_Descrimination	ET_390_Type_Of_Descrimination	1665650127436	1665650127506	OK	 
REQUEST	1	ET_390_Type_Of_Descrimination	ET_390_Type_Of_Descrimination Redirect 1	1665650127508	1665650127674	OK	 
GROUP	1	ET_390_Type_Of_Descrimination	1665650127431	1665650127809	361	OK
REQUEST	1	ET_400_Describe_What_Happened	ET_400_005_Describe_What_Happened	1665650133941	1665650133983	OK	 
REQUEST	1	ET_400_Describe_What_Happened	ET_400_005_Describe_What_Happened Redirect 1	1665650133984	1665650134042	OK	 
GROUP	1	ET_400_Describe_What_Happened	1665650133941	1665650134127	177	OK
REQUEST	1	ET_410_Outcome_If_Successful	ET_410_005_Outcome_If_Successful	1665650140978	1665650141027	OK	 
REQUEST	1	ET_410_Outcome_If_Successful	ET_410_005_Outcome_If_Successful Redirect 1	1665650141042	1665650141176	OK	 
GROUP	1	ET_410_Outcome_If_Successful	1665650140971	1665650141253	256	OK
REQUEST	1	ET_420_Compensation	ET_420_005_Compensation	1665650146999	1665650147042	OK	 
REQUEST	1	ET_420_Compensation	ET_420_005_Compensation Redirect 1	1665650147054	1665650147123	OK	 
GROUP	1	ET_420_Compensation	1665650146991	1665650147226	191	OK
REQUEST	1	ET_430_Whistleblowing	ET_430_005_Whistleblowing	1665650152799	1665650152874	OK	 
REQUEST	1	ET_430_Whistleblowing	ET_430_005_Whistleblowing Redirect 1	1665650152883	1665650152944	OK	 
GROUP	1	ET_430_Whistleblowing	1665650152791	1665650153044	214	OK
REQUEST	1	ET_440_Claim_Section_Complete	ET_440_005_Claim_Section_Complete	1665650160036	1665650160079	OK	 
REQUEST	1	ET_440_Claim_Section_Complete	ET_440_005_Claim_Section_Complete Redirect 1	1665650160081	1665650160143	OK	 
GROUP	1	ET_440_Claim_Section_Complete	1665650160032	1665650160247	199	OK
REQUEST	1	ET_450_Final_Check_Answers	ET_450_005_Final_Check_Answers	1665650167227	1665650167311	OK	 
GROUP	1	ET_450_Final_Check_Answers	1665650167221	1665650167432	187	OK
REQUEST	1	ET_460_Final_Check_Submit	ET_460_005_Final_Check_Submit	1665650174233	1665650183744	OK	 
REQUEST	1	ET_460_Final_Check_Submit	ET_460_005_Final_Check_Submit Redirect 1	1665650183747	1665650183805	OK	 
GROUP	1	ET_460_Final_Check_Submit	1665650174229	1665650183902	9641	OK
REQUEST	1	ET_470_Log_Out	ET_470_005_Log_Out	1665650190412	1665650190466	OK	 
REQUEST	1	ET_470_Log_Out	ET_470_005_Log_Out Redirect 1	1665650190467	1665650190521	OK	 
REQUEST	1	ET_470_Log_Out	ET_470_005_Log_Out Redirect 2	1665650190523	1665650190576	OK	 
REQUEST	1	ET_470_Log_Out	ET_470_005_Log_Out Redirect 3	1665650190580	1665650190745	OK	 
GROUP	1	ET_470_Log_Out	1665650190409	1665650191356	907	OK
REQUEST	1	ET_010_Home	ET_010_005_Home	1665650198298	1665650198370	OK	 
GROUP	1	ET_010_Home	1665650198294	1665650198702	391	OK
REQUEST	1	ET_020_Start	ET_020_005_Start	1665650203596	1665650203640	OK	 
GROUP	1	ET_020_Start	1665650203591	1665650203739	139	OK
REQUEST	1	ET_030_Before_You_Continue	ET_030_005_Before_You_Continue	1665650209494	1665650209589	OK	 
GROUP	1	ET_030_Before_You_Continue	1665650209491	1665650209701	194	OK
REQUEST	1	ET_040_Work_Postcode	ET_040_005_Work_Postcode	1665650216221	1665650216254	OK	 
REQUEST	1	ET_040_Work_Postcode	ET_040_005_Work_Postcode Redirect 1	1665650216258	1665650216341	OK	 
GROUP	1	ET_040_Work_Postcode	1665650216220	1665650216689	461	OK
REQUEST	1	ET_050_Claim_Yourself	ET_050_005_Claim_Yourself	1665650221515	1665650221571	OK	 
REQUEST	1	ET_050_Claim_Yourself	ET_050_005_Claim_Yourself Redirect 1	1665650221576	1665650221636	OK	 
GROUP	1	ET_050_Claim_Yourself	1665650221511	1665650221738	212	OK
REQUEST	1	ET_060_Claim_Own_Or_Others	ET_060_005_Claim_Own_Or_Others	1665650228675	1665650228719	OK	 
REQUEST	1	ET_060_Claim_Own_Or_Others	ET_060_005_Claim_Own_Or_Others Redirect 1	1665650228722	1665650228770	OK	 
GROUP	1	ET_060_Claim_Own_Or_Others	1665650228672	1665650228858	173	OK
REQUEST	1	ET_070_ACAS_Certificate	ET_070_005_ACAS_Certificate	1665650233612	1665650233695	OK	 
REQUEST	1	ET_070_ACAS_Certificate	ET_070_005_ACAS_Certificate Redirect 1	1665650233702	1665650233790	OK	 
GROUP	1	ET_070_ACAS_Certificate	1665650233610	1665650233871	247	OK
REQUEST	1	ET_080_Representative	ET_080_005_Representative	1665650238946	1665650238995	OK	 
REQUEST	1	ET_080_Representative	ET_080_005_Representative Redirect 1	1665650239002	1665650239114	OK	 
REQUEST	1	ET_080_Representative	ET_080_005_Representative Redirect 2	1665650239118	1665650239163	OK	 
REQUEST	1	ET_080_Representative	ET_080_005_Representative Redirect 3	1665650239166	1665650239236	OK	 
GROUP	1	ET_080_Representative	1665650238942	1665650239557	584	OK
REQUEST	1	ET_090_Log_In	ET_090_005_Log_In	1665650243587	1665650244372	OK	 
REQUEST	1	ET_090_Log_In	ET_090_005_Log_In Redirect 1	1665650244377	1665650247849	OK	 
REQUEST	1	ET_090_Log_In	ET_090_005_Log_In Redirect 2	1665650247853	1665650247927	OK	 
GROUP	1	ET_090_Log_In	1665650243579	1665650248015	4414	OK
REQUEST	1	ET_100_One_Go	ET_100_005_One_Go	1665650253400	1665650253485	OK	 
GROUP	1	ET_100_One_Go	1665650253391	1665650253666	256	OK
REQUEST	1	ET_110_Personal_Details	ET_110_005_Personal_Details	1665650259415	1665650259500	OK	 
GROUP	1	ET_110_Personal_Details	1665650259411	1665650259583	162	OK
REQUEST	1	ET_120_DoB	ET_120_005_DoB	1665650263806	1665650263847	OK	 
REQUEST	1	ET_120_DoB	ET_120_005_DoB Redirect 1	1665650263850	1665650263909	OK	 
GROUP	1	ET_120_DoB	1665650263801	1665650264025	214	OK
REQUEST	1	ET_130_Sex	ET_130_005_Sex	1665650268798	1665650268841	OK	 
REQUEST	1	ET_130_Sex	ET_130_005_Sex Redirect 1	1665650268844	1665650268912	OK	 
GROUP	1	ET_130_Sex	1665650268790	1665650268993	187	OK
REQUEST	1	ET_140_Your_Address_LookUp	XUI_Common_000_PostcodeLookup	1665650275829	1665650276403	OK	 
GROUP	1	ET_140_Your_Address_LookUp	1665650275821	1665650276405	574	OK
REQUEST	1	ET_145_Your_Address_Select	ET_145_005_Your_Address_Select	1665650281494	1665650281535	OK	 
REQUEST	1	ET_145_Your_Address_Select	ET_145_005_Your_Address_Select Redirect 1	1665650281537	1665650281616	OK	 
GROUP	1	ET_145_Your_Address_Select	1665650281491	1665650281717	217	OK
REQUEST	1	ET_150_Telephone_Number	ET_150_005_Telephone_Number	1665650287393	1665650287449	OK	 
REQUEST	1	ET_150_Telephone_Number	ET_150_005_Telephone_Number Redirect 1	1665650287450	1665650287522	OK	 
GROUP	1	ET_150_Telephone_Number	1665650287390	1665650287656	260	OK
REQUEST	1	ET_160_Contact_Method	ET_160_005_Contact_Method	1665650292156	1665650292200	OK	 
REQUEST	1	ET_160_Contact_Method	ET_160_005_Contact_Method Redirect 1	1665650292201	1665650292250	OK	 
GROUP	1	ET_160_Contact_Method	1665650292151	1665650292340	177	OK
REQUEST	1	ET_170_Hearing_Participation	ET_170_005_Hearing_Participation	1665650297414	1665650297468	OK	 
REQUEST	1	ET_170_Hearing_Participation	ET_170_005_Hearing_Participation Redirect 1	1665650297470	1665650297533	OK	 
GROUP	1	ET_170_Hearing_Participation	1665650297410	1665650297620	200	OK
REQUEST	1	ET_180_Need_Support	ET_180_005_Need_Support	1665650301981	1665650302022	OK	 
REQUEST	1	ET_180_Need_Support	ET_180_005_Need_Support Redirect 1	1665650302024	1665650302070	OK	 
GROUP	1	ET_180_Need_Support	1665650301979	1665650302154	169	OK
REQUEST	1	ET_190_Contact_Completed	ET_190_005_Contact_Completed	1665650307874	1665650307922	OK	 
REQUEST	1	ET_190_Contact_Completed	ET_190_005_Contact_Completed Redirect 1	1665650307924	1665650307983	OK	 
GROUP	1	ET_190_Contact_Completed	1665650307870	1665650308076	193	OK
REQUEST	1	ET_200_Employment_Status	ET_200_005_Employment_Status	1665650313258	1665650313332	OK	 
GROUP	1	ET_200_Employment_Status	1665650313257	1665650313432	164	OK
REQUEST	1	ET_210_Work_For_Org	ET_210_005_Work_For_Organisation	1665650319723	1665650319765	OK	 
REQUEST	1	ET_210_Work_For_Org	ET_210_005_Work_For_Organisation Redirect 1	1665650319768	1665650319874	OK	 
GROUP	1	ET_210_Work_For_Org	1665650319720	1665650319938	207	OK
REQUEST	1	ET_220_Still_Work_For_Org	ET_220_005_Still_Work_For_Org	1665650324068	1665650324110	OK	 
REQUEST	1	ET_220_Still_Work_For_Org	ET_220_005_Still_Work_For_Org Redirect 1	1665650324111	1665650324158	OK	 
GROUP	1	ET_220_Still_Work_For_Org	1665650324060	1665650324380	307	OK
REQUEST	1	ET_230_Employment_Details	ET_230_005_Employment_Details	1665650330226	1665650330270	OK	 
REQUEST	1	ET_230_Employment_Details	ET_230_005_Employment_Details Redirect 1	1665650330273	1665650330349	OK	 
GROUP	1	ET_230_Employment_Details	1665650330222	1665650330436	196	OK
REQUEST	1	ET_240_Start_Date	ET_240_005_Start_Date	1665650336513	1665650336554	OK	 
REQUEST	1	ET_240_Start_Date	ET_240_005_Start_Date Redirect 1	1665650336562	1665650336628	OK	 
GROUP	1	ET_240_Start_Date	1665650336510	1665650336707	183	OK
REQUEST	1	ET_250_Notice_End	ET_250_005_Notice_End	1665650342774	1665650342808	OK	 
REQUEST	1	ET_250_Notice_End	ET_250_005_Notice_End Redirect 1	1665650342818	1665650342868	OK	 
GROUP	1	ET_250_Notice_End	1665650342771	1665650342953	161	OK
REQUEST	1	ET_260_Weeks_Or_Months	ET_260_005_Weeks_Or_Months	1665650348975	1665650349011	OK	 
REQUEST	1	ET_260_Weeks_Or_Months	ET_260_005_Weeks_Or_Months Redirect 1	1665650349012	1665650349065	OK	 
GROUP	1	ET_260_Weeks_Or_Months	1665650348972	1665650349157	174	OK
REQUEST	1	ET_270_Number_Of_Months	ET_270_005_Number_Of_Months	1665650354224	1665650354266	OK	 
REQUEST	1	ET_270_Number_Of_Months	ET_270_005_Number_Of_Months Redirect 1	1665650354276	1665650354341	OK	 
GROUP	1	ET_270_Number_Of_Months	1665650354220	1665650354425	187	OK
REQUEST	1	ET_280_Weekly_Hours	ET_280_005_Weekly_Hours	1665650360794	1665650360837	OK	 
REQUEST	1	ET_280_Weekly_Hours	ET_280_005_Weekly_Hours Redirect 1	1665650360839	1665650360943	OK	 
GROUP	1	ET_280_Weekly_Hours	1665650360790	1665650361026	228	OK
REQUEST	1	ET_290_Your_Pay	ET_290_005_Your_Pay	1665650366365	1665650366408	OK	 
REQUEST	1	ET_290_Your_Pay	ET_290_005_Your_Pay Redirect 1	1665650366411	1665650366470	OK	 
GROUP	1	ET_290_Your_Pay	1665650366361	1665650366550	180	OK
REQUEST	1	ET_300_Pension_Contributions	ET_300_005_Pension_Contributions	1665650370885	1665650370920	OK	 
REQUEST	1	ET_300_Pension_Contributions	ET_300_005_Pension_Contributions Redirect 1	1665650370922	1665650370989	OK	 
GROUP	1	ET_300_Pension_Contributions	1665650370882	1665650371073	180	OK
REQUEST	1	ET_310_Employee_Benefits	ET_310_005_Employee_Benefits	1665650375836	1665650375870	OK	 
REQUEST	1	ET_310_Employee_Benefits	ET_310_005_Employee_Benefits Redirect 1	1665650375875	1665650375962	OK	 
GROUP	1	ET_310_Employee_Benefits	1665650375833	1665650376033	190	OK
REQUEST	1	ET_310_Employee_Benefits	ET_310_005_Employee_Benefits	1665650380266	1665650380306	OK	 
REQUEST	1	ET_310_Employee_Benefits	ET_310_005_Employee_Benefits Redirect 1	1665650380309	1665650380360	OK	 
GROUP	1	ET_310_Employee_Benefits	1665650380261	1665650380444	174	OK
REQUEST	1	ET_320_Respondent_Name	ET_320_005_Respondent_Name	1665650385912	1665650385953	OK	 
REQUEST	1	ET_320_Respondent_Name	ET_320_005_Respondent_Name Redirect 1	1665650385956	1665650386044	OK	 
GROUP	1	ET_320_Respondent_Name	1665650385901	1665650386126	202	OK
REQUEST	1	ET_330_Respondent_Address_LookUp	XUI_Common_000_PostcodeLookup	1665650390676	1665650391322	OK	 
GROUP	1	ET_330_Respondent_Address_LookUp	1665650390671	1665650391324	646	OK
REQUEST	1	ET_335_Respondent_Address_LookUp	ET_335_Respondent_Address_LookUp	1665650397185	1665650397246	OK	 
REQUEST	1	ET_335_Respondent_Address_LookUp	ET_335_Respondent_Address_LookUp Redirect 1	1665650397249	1665650397335	OK	 
GROUP	1	ET_335_Respondent_Address_LookUp	1665650397181	1665650397410	214	OK
REQUEST	1	ET_340_Work_At	ET_340_005_Work_At	1665650403124	1665650403162	OK	 
REQUEST	1	ET_340_Work_At	ET_340_005_Work_At Redirect 1	1665650403164	1665650403228	OK	 
GROUP	1	ET_340_Work_At	1665650403121	1665650403319	189	OK
REQUEST	1	ET_350_Respondent_Acas	ET_350_Respondent_Acas	1665650408566	1665650408608	OK	 
REQUEST	1	ET_350_Respondent_Acas	ET_350_Respondent_Acas Redirect 1	1665650408610	1665650408744	OK	 
GROUP	1	ET_350_Respondent_Acas	1665650408562	1665650408851	271	OK
REQUEST	1	ET_360_Respondent_Check	ET_360_005_Respondent_Check	1665650413215	1665650413294	OK	 
GROUP	1	ET_360_Respondent_Check	1665650413210	1665650413386	169	OK
REQUEST	1	ET_370_Respondent_Submit	ET_370_005_Respondent_Submit	1665650417472	1665650417513	OK	 
REQUEST	1	ET_370_Respondent_Submit	ET_370_005_Respondent_Submit Redirect 1	1665650417516	1665650417581	OK	 
GROUP	1	ET_370_Respondent_Submit	1665650417471	1665650417675	190	OK
REQUEST	1	ET_380_Claim_Details	ET_380_005_Claim_Details	1665650424412	1665650424481	OK	 
GROUP	1	ET_380_Claim_Details	1665650424410	1665650424576	155	OK
REQUEST	1	ET_390_Type_Of_Descrimination	ET_390_Type_Of_Descrimination	1665650430104	1665650430146	OK	 
REQUEST	1	ET_390_Type_Of_Descrimination	ET_390_Type_Of_Descrimination Redirect 1	1665650430151	1665650430246	OK	 
GROUP	1	ET_390_Type_Of_Descrimination	1665650430101	1665650430337	218	OK
REQUEST	1	ET_400_Describe_What_Happened	ET_400_005_Describe_What_Happened	1665650436003	1665650436056	OK	 
REQUEST	1	ET_400_Describe_What_Happened	ET_400_005_Describe_What_Happened Redirect 1	1665650436058	1665650436147	OK	 
GROUP	1	ET_400_Describe_What_Happened	1665650436001	1665650436224	217	OK
REQUEST	1	ET_410_Outcome_If_Successful	ET_410_005_Outcome_If_Successful	1665650442692	1665650442734	OK	 
REQUEST	1	ET_410_Outcome_If_Successful	ET_410_005_Outcome_If_Successful Redirect 1	1665650442736	1665650442810	OK	 
GROUP	1	ET_410_Outcome_If_Successful	1665650442690	1665650442898	200	OK
REQUEST	1	ET_420_Compensation	ET_420_005_Compensation	1665650447385	1665650447423	OK	 
REQUEST	1	ET_420_Compensation	ET_420_005_Compensation Redirect 1	1665650447425	1665650447488	OK	 
GROUP	1	ET_420_Compensation	1665650447380	1665650447573	180	OK
REQUEST	1	ET_430_Whistleblowing	ET_430_005_Whistleblowing	1665650454255	1665650454299	OK	 
REQUEST	1	ET_430_Whistleblowing	ET_430_005_Whistleblowing Redirect 1	1665650454303	1665650454353	OK	 
GROUP	1	ET_430_Whistleblowing	1665650454252	1665650454430	166	OK
REQUEST	1	ET_440_Claim_Section_Complete	ET_440_005_Claim_Section_Complete	1665650461142	1665650461177	OK	 
REQUEST	1	ET_440_Claim_Section_Complete	ET_440_005_Claim_Section_Complete Redirect 1	1665650461177	1665650461231	OK	 
GROUP	1	ET_440_Claim_Section_Complete	1665650461141	1665650461315	167	OK
REQUEST	1	ET_450_Final_Check_Answers	ET_450_005_Final_Check_Answers	1665650468315	1665650468466	OK	 
GROUP	1	ET_450_Final_Check_Answers	1665650468311	1665650468566	244	OK
REQUEST	1	ET_460_Final_Check_Submit	ET_460_005_Final_Check_Submit	1665650475285	1665650484505	OK	 
REQUEST	1	ET_460_Final_Check_Submit	ET_460_005_Final_Check_Submit Redirect 1	1665650484510	1665650484578	OK	 
GROUP	1	ET_460_Final_Check_Submit	1665650475281	1665650484675	9371	OK
REQUEST	1	ET_470_Log_Out	ET_470_005_Log_Out	1665650488937	1665650489017	OK	 
REQUEST	1	ET_470_Log_Out	ET_470_005_Log_Out Redirect 1	1665650489020	1665650489066	OK	 
REQUEST	1	ET_470_Log_Out	ET_470_005_Log_Out Redirect 2	1665650489070	1665650489152	OK	 
REQUEST	1	ET_470_Log_Out	ET_470_005_Log_Out Redirect 3	1665650489156	1665650489334	OK	 
GROUP	1	ET_470_Log_Out	1665650488931	1665650489788	827	OK
USER	ETCreateClaim	1	END	1665649876034	1665650496411
