RUN	simulations.ET_Simulation	et-simulation	1664979869646	 	3.3.1
USER	ETCreateClaim	1	START	1664979871405	1664979871405
REQUEST	1	ET_010_Home	ET_010_005_Home	1664979871435	1664979872002	OK	 
GROUP	1	ET_010_Home	1664979871420	1664979873089	1548	OK
REQUEST	1	ET_020_Start	ET_020_005_Start	1664979876677	1664979876830	OK	 
GROUP	1	ET_020_Start	1664979876658	1664979877241	489	OK
REQUEST	1	ET_030_Before_You_Continue	ET_030_005_Before_You_Continue	1664979879702	1664979879857	OK	 
GROUP	1	ET_030_Before_You_Continue	1664979879693	1664979880307	543	OK
REQUEST	1	ET_040_Work_Postcode	ET_040_005_Work_Postcode	1664979884260	1664979884394	OK	 
REQUEST	1	ET_040_Work_Postcode	ET_040_005_Work_Postcode Redirect 1	1664979884409	1664979885883	OK	 
GROUP	1	ET_040_Work_Postcode	1664979884222	1664979887073	2753	OK
REQUEST	1	ET_050_Claim_Yourself	ET_050_005_Claim_Yourself	1664979890708	1664979890849	OK	 
REQUEST	1	ET_050_Claim_Yourself	ET_050_005_Claim_Yourself Redirect 1	1664979890854	1664979890998	OK	 
GROUP	1	ET_050_Claim_Yourself	1664979890702	1664979891159	404	OK
REQUEST	1	ET_060_Claim_Own_Or_Others	ET_060_005_Claim_Own_Or_Others	1664979893388	1664979893505	OK	 
REQUEST	1	ET_060_Claim_Own_Or_Others	ET_060_005_Claim_Own_Or_Others Redirect 1	1664979893511	1664979893673	OK	 
GROUP	1	ET_060_Claim_Own_Or_Others	1664979893383	1664979893892	487	OK
REQUEST	1	ET_070_ACAS_Certificate	ET_070_005_ACAS_Certificate	1664979896154	1664979896288	OK	 
REQUEST	1	ET_070_ACAS_Certificate	ET_070_005_ACAS_Certificate Redirect 1	1664979896294	1664979896419	OK	 
GROUP	1	ET_070_ACAS_Certificate	1664979896146	1664979896824	647	OK
REQUEST	1	ET_080_Representative	ET_080_005_Representative	1664979899463	1664979899609	OK	 
REQUEST	1	ET_080_Representative	ET_080_005_Representative Redirect 1	1664979899617	1664979899728	OK	 
REQUEST	1	ET_080_Representative	ET_080_005_Representative Redirect 2	1664979899737	1664979899852	OK	 
REQUEST	1	ET_080_Representative	ET_080_005_Representative Redirect 3	1664979899858	1664979900300	OK	 
GROUP	1	ET_080_Representative	1664979899450	1664979901090	1505	OK
REQUEST	1	ET_090_Log_In	ET_090_005_Log_In	1664979903988	1664979904834	OK	 
REQUEST	1	ET_090_Log_In	ET_090_005_Log_In Redirect 1	1664979904846	1664979912678	OK	 
REQUEST	1	ET_090_Log_In	ET_090_005_Log_In Redirect 2	1664979912691	1664979913385	OK	 
GROUP	1	ET_090_Log_In	1664979903963	1664979913829	9796	OK
REQUEST	1	ET_100_One_Go	ET_100_005_One_Go	1664979917058	1664979917190	OK	 
GROUP	1	ET_100_One_Go	1664979917052	1664979917767	694	OK
REQUEST	1	ET_110_Personal_Details	ET_110_005_Personal_Details	1664979921236	1664979921372	OK	 
GROUP	1	ET_110_Personal_Details	1664979921232	1664979921945	701	OK
REQUEST	1	ET_120_DoB	ET_120_005_DoB	1664979924789	1664979925264	OK	 
REQUEST	1	ET_120_DoB	ET_120_005_DoB Redirect 1	1664979925279	1664979925449	OK	 
GROUP	1	ET_120_DoB	1664979924783	1664979926019	1197	OK
REQUEST	1	ET_130_Sex	ET_130_005_Sex	1664979929269	1664979929386	OK	 
REQUEST	1	ET_130_Sex	ET_130_005_Sex Redirect 1	1664979929393	1664979929558	OK	 
GROUP	1	ET_130_Sex	1664979929262	1664979929925	619	OK
REQUEST	1	ET_140_Your_Address_LookUp	XUI_Common_000_PostcodeLookup	1664979933807	1664979934491	OK	 
GROUP	1	ET_140_Your_Address_LookUp	1664979933800	1664979934502	684	OK
REQUEST	1	ET_145_Your_Address_Select	ET_145_005_Your_Address_Select	1664979937095	1664979937226	OK	 
REQUEST	1	ET_145_Your_Address_Select	ET_145_005_Your_Address_Select Redirect 1	1664979937231	1664979937381	OK	 
GROUP	1	ET_145_Your_Address_Select	1664979937092	1664979937997	873	OK
REQUEST	1	ET_150_Telephone_Number	ET_150_005_Telephone_Number	1664979940456	1664979940606	OK	 
REQUEST	1	ET_150_Telephone_Number	ET_150_005_Telephone_Number Redirect 1	1664979940612	1664979940755	OK	 
GROUP	1	ET_150_Telephone_Number	1664979940452	1664979941191	710	OK
REQUEST	1	ET_160_Contact_Method	ET_160_005_Contact_Method	1664979943196	1664979943391	OK	 
REQUEST	1	ET_160_Contact_Method	ET_160_005_Contact_Method Redirect 1	1664979943405	1664979943611	OK	 
GROUP	1	ET_160_Contact_Method	1664979943193	1664979944086	845	OK
REQUEST	1	ET_170_Hearing_Participation	ET_170_005_Hearing_Participation	1664979947806	1664979947911	OK	 
REQUEST	1	ET_170_Hearing_Participation	ET_170_005_Hearing_Participation Redirect 1	1664979947914	1664979948040	OK	 
GROUP	1	ET_170_Hearing_Participation	1664979947793	1664979948595	769	OK
REQUEST	1	ET_180_Need_Support	ET_180_005_Need_Support	1664979951016	1664979951139	OK	 
REQUEST	1	ET_180_Need_Support	ET_180_005_Need_Support Redirect 1	1664979951143	1664979951298	OK	 
GROUP	1	ET_180_Need_Support	1664979951002	1664979951972	933	OK
REQUEST	1	ET_190_Contact_Completed	ET_190_005_Contact_Completed	1664979954564	1664979954700	OK	 
REQUEST	1	ET_190_Contact_Completed	ET_190_005_Contact_Completed Redirect 1	1664979954705	1664979954970	OK	 
GROUP	1	ET_190_Contact_Completed	1664979954560	1664979955180	596	OK
REQUEST	1	ET_200_Employment_Status	ET_200_005_Employment_Status	1664979957995	1664979958167	OK	 
GROUP	1	ET_200_Employment_Status	1664979957993	1664979958865	830	OK
REQUEST	1	ET_210_Work_For_Org	ET_210_005_Work_For_Organisation	1664979961726	1664979961822	OK	 
REQUEST	1	ET_210_Work_For_Org	ET_210_005_Work_For_Organisation Redirect 1	1664979961825	1664979961980	OK	 
GROUP	1	ET_210_Work_For_Org	1664979961722	1664979962458	701	OK
REQUEST	1	ET_220_Still_Work_For_Org	ET_220_005_Still_Work_For_Org	1664979965249	1664979965351	OK	 
REQUEST	1	ET_220_Still_Work_For_Org	ET_220_005_Still_Work_For_Org Redirect 1	1664979965355	1664979965464	OK	 
GROUP	1	ET_220_Still_Work_For_Org	1664979965242	1664979965703	428	OK
REQUEST	1	ET_230_Employment_Details	ET_230_005_Employment_Details	1664979968539	1664979968672	OK	 
REQUEST	1	ET_230_Employment_Details	ET_230_005_Employment_Details Redirect 1	1664979968685	1664979968848	OK	 
GROUP	1	ET_230_Employment_Details	1664979968532	1664979969340	761	OK
REQUEST	1	ET_240_Start_Date	ET_240_005_Start_Date	1664979971744	1664979971905	OK	 
REQUEST	1	ET_240_Start_Date	ET_240_005_Start_Date Redirect 1	1664979971910	1664979972184	OK	 
GROUP	1	ET_240_Start_Date	1664979971733	1664979973136	1369	OK
REQUEST	1	ET_250_Notice_End	ET_250_005_Notice_End	1664979976805	1664979976935	OK	 
REQUEST	1	ET_250_Notice_End	ET_250_005_Notice_End Redirect 1	1664979976938	1664979977089	OK	 
GROUP	1	ET_250_Notice_End	1664979976802	1664979978587	1761	OK
REQUEST	1	ET_260_Weeks_Or_Months	ET_260_005_Weeks_Or_Months	1664979981213	1664979981303	OK	 
REQUEST	1	ET_260_Weeks_Or_Months	ET_260_005_Weeks_Or_Months Redirect 1	1664979981313	1664979981457	OK	 
GROUP	1	ET_260_Weeks_Or_Months	1664979981202	1664979981717	480	OK
REQUEST	1	ET_270_Number_Of_Months	ET_270_005_Number_Of_Months	1664979983738	1664979983849	OK	 
REQUEST	1	ET_270_Number_Of_Months	ET_270_005_Number_Of_Months Redirect 1	1664979983853	1664979983963	OK	 
GROUP	1	ET_270_Number_Of_Months	1664979983732	1664979984204	449	OK
REQUEST	1	ET_280_Weekly_Hours	ET_280_005_Weekly_Hours	1664979987484	1664979987583	OK	 
REQUEST	1	ET_280_Weekly_Hours	ET_280_005_Weekly_Hours Redirect 1	1664979987588	1664979987948	OK	 
GROUP	1	ET_280_Weekly_Hours	1664979987481	1664979988207	696	OK
REQUEST	1	ET_290_Your_Pay	ET_290_005_Your_Pay	1664979991549	1664979991666	OK	 
REQUEST	1	ET_290_Your_Pay	ET_290_005_Your_Pay Redirect 1	1664979991673	1664979991782	OK	 
GROUP	1	ET_290_Your_Pay	1664979991541	1664979992017	437	OK
REQUEST	1	ET_300_Pension_Contributions	ET_300_005_Pension_Contributions	1664979995065	1664979995181	OK	 
REQUEST	1	ET_300_Pension_Contributions	ET_300_005_Pension_Contributions Redirect 1	1664979995186	1664979995322	OK	 
GROUP	1	ET_300_Pension_Contributions	1664979995062	1664979995481	397	OK
REQUEST	1	ET_310_Employee_Benefits	ET_310_005_Employee_Benefits	1664979998171	1664979998492	OK	 
REQUEST	1	ET_310_Employee_Benefits	ET_310_005_Employee_Benefits Redirect 1	1664979998498	1664979998616	OK	 
GROUP	1	ET_310_Employee_Benefits	1664979998162	1664979998834	641	OK
REQUEST	1	ET_310_Employee_Benefits	ET_310_005_Employee_Benefits	1664980001147	1664980001238	OK	 
REQUEST	1	ET_310_Employee_Benefits	ET_310_005_Employee_Benefits Redirect 1	1664980001243	1664980001359	OK	 
GROUP	1	ET_310_Employee_Benefits	1664980001143	1664980002011	856	OK
REQUEST	1	ET_320_Respondent_Name	ET_320_005_Respondent_Name	1664980005946	1664980006061	OK	 
REQUEST	1	ET_320_Respondent_Name	ET_320_005_Respondent_Name Redirect 1	1664980006064	1664980006200	OK	 
GROUP	1	ET_320_Respondent_Name	1664980005942	1664980006382	413	OK
REQUEST	1	ET_330_Respondent_Address_LookUp	XUI_Common_000_PostcodeLookup	1664980008522	1664980009241	OK	 
GROUP	1	ET_330_Respondent_Address_LookUp	1664980008512	1664980009244	719	OK
REQUEST	1	ET_335_Respondent_Address_LookUp	ET_335_Respondent_Address_LookUp	1664980011896	1664980012003	OK	 
REQUEST	1	ET_335_Respondent_Address_LookUp	ET_335_Respondent_Address_LookUp Redirect 1	1664980012010	1664980012196	OK	 
GROUP	1	ET_335_Respondent_Address_LookUp	1664980011893	1664980012837	922	OK
REQUEST	1	ET_340_Work_At	ET_340_005_Work_At	1664980015270	1664980015390	OK	 
REQUEST	1	ET_340_Work_At	ET_340_005_Work_At Redirect 1	1664980015394	1664980015515	OK	 
GROUP	1	ET_340_Work_At	1664980015262	1664980015856	559	OK
REQUEST	1	ET_350_Respondent_Acas	ET_350_Respondent_Acas	1664980018475	1664980018615	OK	 
REQUEST	1	ET_350_Respondent_Acas	ET_350_Respondent_Acas Redirect 1	1664980018621	1664980018793	OK	 
GROUP	1	ET_350_Respondent_Acas	1664980018471	1664980019325	826	OK
REQUEST	1	ET_360_Respondent_Check	ET_360_005_Respondent_Check	1664980023187	1664980023336	OK	 
GROUP	1	ET_360_Respondent_Check	1664980023182	1664980023563	362	OK
REQUEST	1	ET_370_Respondent_Submit	ET_370_005_Respondent_Submit	1664980026682	1664980026796	OK	 
REQUEST	1	ET_370_Respondent_Submit	ET_370_005_Respondent_Submit Redirect 1	1664980026802	1664980026941	OK	 
GROUP	1	ET_370_Respondent_Submit	1664980026680	1664980027209	507	OK
REQUEST	1	ET_380_Claim_Details	ET_380_005_Claim_Details	1664980029585	1664980029724	OK	 
GROUP	1	ET_380_Claim_Details	1664980029582	1664980031026	1411	OK
REQUEST	1	ET_390_Type_Of_Descrimination	ET_390_Type_Of_Descrimination	1664980033956	1664980034063	OK	 
REQUEST	1	ET_390_Type_Of_Descrimination	ET_390_Type_Of_Descrimination Redirect 1	1664980034068	1664980034296	OK	 
GROUP	1	ET_390_Type_Of_Descrimination	1664980033952	1664980034821	839	OK
REQUEST	1	ET_400_Describe_What_Happened	ET_400_005_Describe_What_Happened	1664980038685	1664980038797	OK	 
REQUEST	1	ET_400_Describe_What_Happened	ET_400_005_Describe_What_Happened Redirect 1	1664980038799	1664980038945	OK	 
GROUP	1	ET_400_Describe_What_Happened	1664980038682	1664980039598	891	OK
REQUEST	1	ET_410_Outcome_If_Successful	ET_410_005_Outcome_If_Successful	1664980043006	1664980043139	OK	 
REQUEST	1	ET_410_Outcome_If_Successful	ET_410_005_Outcome_If_Successful Redirect 1	1664980043153	1664980043341	OK	 
GROUP	1	ET_410_Outcome_If_Successful	1664980043002	1664980044643	1593	OK
REQUEST	1	ET_420_Compensation	ET_420_005_Compensation	1664980046862	1664980047025	OK	 
REQUEST	1	ET_420_Compensation	ET_420_005_Compensation Redirect 1	1664980047034	1664980047175	OK	 
GROUP	1	ET_420_Compensation	1664980046856	1664980047399	508	OK
REQUEST	1	ET_430_Whistleblowing	ET_430_005_Whistleblowing	1664980049628	1664980049735	OK	 
REQUEST	1	ET_430_Whistleblowing	ET_430_005_Whistleblowing Redirect 1	1664980049742	1664980049880	OK	 
GROUP	1	ET_430_Whistleblowing	1664980049615	1664980050895	1239	OK
REQUEST	1	ET_440_Claim_Section_Complete	ET_440_005_Claim_Section_Complete	1664980054738	1664980054857	OK	 
REQUEST	1	ET_440_Claim_Section_Complete	ET_440_005_Claim_Section_Complete Redirect 1	1664980054860	1664980055051	OK	 
GROUP	1	ET_440_Claim_Section_Complete	1664980054730	1664980055374	619	OK
REQUEST	1	ET_450_Final_Check_Answers	ET_450_005_Final_Check_Answers	1664980058995	1664980059420	OK	 
GROUP	1	ET_450_Final_Check_Answers	1664980058992	1664980060160	1152	OK
USER	ETCreateClaim	1	END	1664979871405	1664980064035
